Console Output
Started by user Emerson ORCI
Running as SYSTEM
Building in workspace /var/jenkins_home/workspace/udacity-ecommerce
The recommended git tool is: NONE
using credential 18494228-0995-4617-b704-b6cbe94bb9d9
 > git rev-parse --resolve-git-dir /var/jenkins_home/workspace/udacity-ecommerce/.git # timeout=10
Fetching changes from the remote Git repository
 > git config remote.origin.url git@github.com:erorci/nd035-c4-Security-and-DevOps.git # timeout=10
Fetching upstream changes from git@github.com:erorci/nd035-c4-Security-and-DevOps.git
 > git --version # timeout=10
 > git --version # 'git version 2.26.3'
using GIT_SSH to set credentials 
 > git fetch --tags --force --progress -- git@github.com:erorci/nd035-c4-Security-and-DevOps.git +refs/heads/*:refs/remotes/origin/* # timeout=10
 > git rev-parse refs/remotes/origin/emerson^{commit} # timeout=10
Checking out Revision 1042d5e196b47ee5b90d59c01ff21636a3fc8e57 (refs/remotes/origin/emerson)
 > git config core.sparsecheckout # timeout=10
 > git checkout -f 1042d5e196b47ee5b90d59c01ff21636a3fc8e57 # timeout=10
Commit message: "Added log4j2"
 > git rev-list --no-walk 1042d5e196b47ee5b90d59c01ff21636a3fc8e57 # timeout=10
[udacity-ecommerce] $ mvn -f starter_code/pom.xml package
[INFO] Scanning for projects...
[INFO] 
[INFO] ----------------------< com.example:auth-course >-----------------------
[INFO] Building auth-course 0.0.1-SNAPSHOT
[INFO] --------------------------------[ war ]---------------------------------
[INFO] 
[INFO] --- maven-resources-plugin:3.1.0:resources (default-resources) @ auth-course ---
[INFO] Using 'UTF-8' encoding to copy filtered resources.
[INFO] Copying 1 resource
[INFO] Copying 2 resources
[INFO] 
[INFO] --- maven-compiler-plugin:3.8.1:compile (default-compile) @ auth-course ---
[INFO] Nothing to compile - all classes are up to date
[INFO] 
[INFO] --- maven-resources-plugin:3.1.0:testResources (default-testResources) @ auth-course ---
[INFO] Using 'UTF-8' encoding to copy filtered resources.
[INFO] skip non existing resourceDirectory /var/jenkins_home/workspace/udacity-ecommerce/starter_code/src/test/resources
[INFO] 
[INFO] --- maven-compiler-plugin:3.8.1:testCompile (default-testCompile) @ auth-course ---
[INFO] Nothing to compile - all classes are up to date
[INFO] 
[INFO] --- maven-surefire-plugin:2.22.2:test (default-test) @ auth-course ---
[INFO] 
[INFO] -------------------------------------------------------
[INFO]  T E S T S
[INFO] -------------------------------------------------------
[INFO] Running com.example.demo.controllers.ItemControllerTests
[INFO] Tests run: 3, Failures: 0, Errors: 0, Skipped: 0, Time elapsed: 1.106 s - in com.example.demo.controllers.ItemControllerTests
[INFO] Running com.example.demo.controllers.CartControllerTests
[INFO] Tests run: 6, Failures: 0, Errors: 0, Skipped: 0, Time elapsed: 0.377 s - in com.example.demo.controllers.CartControllerTests
[INFO] Running com.example.demo.controllers.OrderControllerTests
[INFO] Tests run: 4, Failures: 0, Errors: 0, Skipped: 0, Time elapsed: 0.195 s - in com.example.demo.controllers.OrderControllerTests
[INFO] Running com.example.demo.controllers.UserControllerTests
2021-06-01T03:52:16.604+0000 INFO Create User succeed to include a new User with name: UserTest
2021-06-01T03:52:16.615+0000 ERROR Create User failed to include a new User with name: UserToFail, passwords not matching
2021-06-01T03:52:16.617+0000 ERROR Create User failed to include a new User with name: UserToFail, password not matching the requirements
[INFO] Tests run: 5, Failures: 0, Errors: 0, Skipped: 0, Time elapsed: 1.574 s - in com.example.demo.controllers.UserControllerTests
[INFO] Running com.example.demo.UdacityEcommerceApplicationTests
2021-06-01T03:52:16.764+0000 INFO Neither @ContextConfiguration nor @ContextHierarchy found for test class [com.example.demo.UdacityEcommerceApplicationTests], using SpringBootContextLoader
2021-06-01T03:52:16.776+0000 INFO Could not detect default resource locations for test class [com.example.demo.UdacityEcommerceApplicationTests]: no resource found for suffixes {-context.xml, Context.groovy}.
2021-06-01T03:52:16.777+0000 INFO Could not detect default configuration classes for test class [com.example.demo.UdacityEcommerceApplicationTests]: UdacityEcommerceApplicationTests does not declare any static, non-private, non-final, nested classes annotated with @Configuration.
2021-06-01T03:52:17.066+0000 INFO Found @SpringBootConfiguration com.example.demo.UdacityEcommerceApplication for test class com.example.demo.UdacityEcommerceApplicationTests
2021-06-01T03:52:17.248+0000 INFO Loaded default TestExecutionListener class names from location [META-INF/spring.factories]: [org.springframework.boot.test.mock.mockito.MockitoTestExecutionListener, org.springframework.boot.test.mock.mockito.ResetMocksTestExecutionListener, org.springframework.boot.test.autoconfigure.restdocs.RestDocsTestExecutionListener, org.springframework.boot.test.autoconfigure.web.client.MockRestServiceServerResetTestExecutionListener, org.springframework.boot.test.autoconfigure.web.servlet.MockMvcPrintOnlyOnFailureTestExecutionListener, org.springframework.boot.test.autoconfigure.web.servlet.WebDriverTestExecutionListener, org.springframework.test.context.web.ServletTestExecutionListener, org.springframework.test.context.support.DirtiesContextBeforeModesTestExecutionListener, org.springframework.test.context.support.DependencyInjectionTestExecutionListener, org.springframework.test.context.support.DirtiesContextTestExecutionListener, org.springframework.test.context.transaction.TransactionalTestExecutionListener, org.springframework.test.context.jdbc.SqlScriptsTestExecutionListener]
2021-06-01T03:52:17.289+0000 INFO Using TestExecutionListeners: [org.springframework.test.context.web.ServletTestExecutionListener@6b9c69a9, org.springframework.test.context.support.DirtiesContextBeforeModesTestExecutionListener@6622a690, org.springframework.boot.test.mock.mockito.MockitoTestExecutionListener@30b9eadd, org.springframework.boot.test.autoconfigure.SpringBootDependencyInjectionTestExecutionListener@497570fb, org.springframework.test.context.support.DirtiesContextTestExecutionListener@412c995d, org.springframework.test.context.transaction.TransactionalTestExecutionListener@3249a1ce, org.springframework.test.context.jdbc.SqlScriptsTestExecutionListener@4dd94a58, org.springframework.boot.test.mock.mockito.ResetMocksTestExecutionListener@2f4919b0, org.springframework.boot.test.autoconfigure.restdocs.RestDocsTestExecutionListener@a8a8b75, org.springframework.boot.test.autoconfigure.web.client.MockRestServiceServerResetTestExecutionListener@75b21c3b, org.springframework.boot.test.autoconfigure.web.servlet.MockMvcPrintOnlyOnFailureTestExecutionListener@72be135f, org.springframework.boot.test.autoconfigure.web.servlet.WebDriverTestExecutionListener@155d1021]

  .   ____          _            __ _ _
 /\\ / ___'_ __ _ _(_)_ __  __ _ \ \ \ \
( ( )\___ | '_ | '_| | '_ \/ _` | \ \ \ \
 \\/  ___)| |_)| | | | | || (_| |  ) ) ) )
  '  |____| .__|_| |_|_| |_\__, | / / / /
 =========|_|==============|___/=/_/_/_/
 :: Spring Boot ::        (v2.1.5.RELEASE)

2021-06-01T03:52:18.052+0000 INFO Starting UdacityEcommerceApplicationTests on a0f9d73849b7 with PID 2277 (started by root in /var/jenkins_home/workspace/udacity-ecommerce/starter_code)
2021-06-01T03:52:18.062+0000 INFO No active profile set, falling back to default profiles: default
2021-06-01T03:52:19.979+0000 INFO Bootstrapping Spring Data repositories in DEFAULT mode.
2021-06-01T03:52:20.176+0000 INFO Finished Spring Data repository scanning in 175ms. Found 4 repository interfaces.
2021-06-01T03:52:21.598+0000 INFO Bean 'org.springframework.transaction.annotation.ProxyTransactionManagementConfiguration' of type [org.springframework.transaction.annotation.ProxyTransactionManagementConfiguration$$EnhancerBySpringCGLIB$$d8a2c074] is not eligible for getting processed by all BeanPostProcessors (for example: not eligible for auto-proxying)
2021-06-01T03:52:22.176+0000 INFO HikariPool-1 - Starting...
2021-06-01T03:52:22.656+0000 INFO HikariPool-1 - Start completed.
2021-06-01T03:52:22.858+0000 INFO HHH000204: Processing PersistenceUnitInfo [
	name: default
	...]
2021-06-01T03:52:23.047+0000 INFO HHH000412: Hibernate Core {5.3.10.Final}
2021-06-01T03:52:23.051+0000 INFO HHH000206: hibernate.properties not found
2021-06-01T03:52:23.168+0000 INFO HCANN000001: Hibernate Commons Annotations {5.0.4.Final}
2021-06-01T03:52:23.444+0000 INFO HHH000400: Using dialect: org.hibernate.dialect.H2Dialect
2021-06-01T03:52:24.892+0000 INFO Initialized JPA EntityManagerFactory for persistence unit 'default'
2021-06-01T03:52:26.714+0000 WARN spring.jpa.open-in-view is enabled by default. Therefore, database queries may be performed during view rendering. Explicitly configure spring.jpa.open-in-view to disable this warning
2021-06-01T03:52:27.087+0000 INFO Creating filter chain: any request, [org.springframework.security.web.context.request.async.WebAsyncManagerIntegrationFilter@77476fcf, org.springframework.security.web.context.SecurityContextPersistenceFilter@56b751b1, org.springframework.security.web.header.HeaderWriterFilter@5c740c5a, org.springframework.web.filter.CorsFilter@70805849, org.springframework.security.web.authentication.logout.LogoutFilter@77998ea7, com.example.demo.security.JWTAuthenticationFilter@e7d0db2, com.example.demo.security.JWTAuthenticationVerficationFilter@4a41caed, org.springframework.security.web.savedrequest.RequestCacheAwareFilter@5f5a33ed, org.springframework.security.web.servletapi.SecurityContextHolderAwareRequestFilter@4de158ca, org.springframework.security.web.authentication.AnonymousAuthenticationFilter@6b4fd7d, org.springframework.security.web.session.SessionManagementFilter@163df259, org.springframework.security.web.access.ExceptionTranslationFilter@3639b04, org.springframework.security.web.access.intercept.FilterSecurityInterceptor@1d7f7962]
2021-06-01T03:52:28.116+0000 INFO Initializing ExecutorService 'applicationTaskExecutor'
2021-06-01T03:52:29.002+0000 INFO Started UdacityEcommerceApplicationTests in 11.626 seconds (JVM running for 16.776)
[INFO] Tests run: 1, Failures: 0, Errors: 0, Skipped: 0, Time elapsed: 12.425 s - in com.example.demo.UdacityEcommerceApplicationTests
2021-06-01T03:52:29.097+0000 INFO Shutting down ExecutorService 'applicationTaskExecutor'
2021-06-01T03:52:29.100+0000 INFO Closing JPA EntityManagerFactory for persistence unit 'default'
2021-06-01T03:52:29.106+0000 INFO HikariPool-1 - Shutdown initiated...
2021-06-01T03:52:29.115+0000 INFO HikariPool-1 - Shutdown completed.
[INFO] 
[INFO] Results:
[INFO] 
[INFO] Tests run: 19, Failures: 0, Errors: 0, Skipped: 0
[INFO] 
[INFO] 
[INFO] --- maven-war-plugin:3.2.2:war (default-war) @ auth-course ---
Downloading from central: https://repo.maven.apache.org/maven2/org/apache/maven/maven-archiver/3.2.0/maven-archiver-3.2.0.pom
Progress (1): 2.7/4.3 kB
Progress (1): 4.3 kB    
                    
Downloaded from central: https://repo.maven.apache.org/maven2/org/apache/maven/maven-archiver/3.2.0/maven-archiver-3.2.0.pom (4.3 kB at 5.1 kB/s)
Downloading from central: https://repo.maven.apache.org/maven2/org/apache/maven/shared/maven-shared-utils/3.2.0/maven-shared-utils-3.2.0.pom
Progress (1): 2.7/4.9 kB
Progress (1): 4.9 kB    
                    
Downloaded from central: https://repo.maven.apache.org/maven2/org/apache/maven/shared/maven-shared-utils/3.2.0/maven-shared-utils-3.2.0.pom (4.9 kB at 245 kB/s)
Downloading from central: https://repo.maven.apache.org/maven2/org/codehaus/plexus/plexus-archiver/3.5/plexus-archiver-3.5.pom
Progress (1): 2.7/4.8 kB
Progress (1): 4.8 kB    
                    
Downloaded from central: https://repo.maven.apache.org/maven2/org/codehaus/plexus/plexus-archiver/3.5/plexus-archiver-3.5.pom (4.8 kB at 200 kB/s)
Downloading from central: https://repo.maven.apache.org/maven2/org/codehaus/plexus/plexus/5.0/plexus-5.0.pom
Progress (1): 2.7/21 kB
Progress (1): 5.5/21 kB
Progress (1): 8.2/21 kB
Progress (1): 11/21 kB 
Progress (1): 14/21 kB
Progress (1): 16/21 kB
Progress (1): 19/21 kB
Progress (1): 21 kB   
                   
Downloaded from central: https://repo.maven.apache.org/maven2/org/codehaus/plexus/plexus/5.0/plexus-5.0.pom (21 kB at 593 kB/s)
Downloading from central: https://repo.maven.apache.org/maven2/org/codehaus/plexus/plexus-io/3.0.0/plexus-io-3.0.0.pom
Progress (1): 2.7/4.5 kB
Progress (1): 4.5 kB    
                    
Downloaded from central: https://repo.maven.apache.org/maven2/org/codehaus/plexus/plexus-io/3.0.0/plexus-io-3.0.0.pom (4.5 kB at 267 kB/s)
Downloading from central: https://repo.maven.apache.org/maven2/org/apache/commons/commons-compress/1.14/commons-compress-1.14.pom
Progress (1): 2.7/13 kB
Progress (1): 5.5/13 kB
Progress (1): 8.2/13 kB
Progress (1): 11/13 kB 
Progress (1): 13 kB   
                   
Downloaded from central: https://repo.maven.apache.org/maven2/org/apache/commons/commons-compress/1.14/commons-compress-1.14.pom (13 kB at 469 kB/s)
Downloading from central: https://repo.maven.apache.org/maven2/org/iq80/snappy/snappy/0.4/snappy-0.4.pom
Progress (1): 2.7/15 kB
Progress (1): 5.5/15 kB
Progress (1): 8.2/15 kB
Progress (1): 11/15 kB 
Progress (1): 14/15 kB
Progress (1): 15 kB   
                   
Downloaded from central: https://repo.maven.apache.org/maven2/org/iq80/snappy/snappy/0.4/snappy-0.4.pom (15 kB at 330 kB/s)
Downloading from central: https://repo.maven.apache.org/maven2/org/tukaani/xz/1.6/xz-1.6.pom
Progress (1): 1.9 kB
                    
Downloaded from central: https://repo.maven.apache.org/maven2/org/tukaani/xz/1.6/xz-1.6.pom (1.9 kB at 136 kB/s)
Downloading from central: https://repo.maven.apache.org/maven2/org/codehaus/plexus/plexus-archiver/3.6.0/plexus-archiver-3.6.0.pom
Progress (1): 2.7/4.8 kB
Progress (1): 4.8 kB    
                    
Downloaded from central: https://repo.maven.apache.org/maven2/org/codehaus/plexus/plexus-archiver/3.6.0/plexus-archiver-3.6.0.pom (4.8 kB at 253 kB/s)
Downloading from central: https://repo.maven.apache.org/maven2/org/codehaus/plexus/plexus-io/3.0.1/plexus-io-3.0.1.pom
Progress (1): 2.7/4.5 kB
Progress (1): 4.5 kB    
                    
Downloaded from central: https://repo.maven.apache.org/maven2/org/codehaus/plexus/plexus-io/3.0.1/plexus-io-3.0.1.pom (4.5 kB at 267 kB/s)
Downloading from central: https://repo.maven.apache.org/maven2/commons-io/commons-io/2.6/commons-io-2.6.pom
Progress (1): 2.7/14 kB
Progress (1): 5.5/14 kB
Progress (1): 8.2/14 kB
Progress (1): 11/14 kB 
Progress (1): 14/14 kB
Progress (1): 14 kB   
                   
Downloaded from central: https://repo.maven.apache.org/maven2/commons-io/commons-io/2.6/commons-io-2.6.pom (14 kB at 475 kB/s)
Downloading from central: https://repo.maven.apache.org/maven2/org/apache/commons/commons-compress/1.16.1/commons-compress-1.16.1.pom
Progress (1): 2.7/16 kB
Progress (1): 5.5/16 kB
Progress (1): 8.2/16 kB
Progress (1): 11/16 kB 
Progress (1): 14/16 kB
Progress (1): 16 kB   
                   
Downloaded from central: https://repo.maven.apache.org/maven2/org/apache/commons/commons-compress/1.16.1/commons-compress-1.16.1.pom (16 kB at 680 kB/s)
Downloading from central: https://repo.maven.apache.org/maven2/org/apache/commons/commons-parent/43/commons-parent-43.pom
Progress (1): 2.7/70 kB
Progress (1): 5.5/70 kB
Progress (1): 8.2/70 kB
Progress (1): 11/70 kB 
Progress (1): 14/70 kB
Progress (1): 16/70 kB
Progress (1): 19/70 kB
Progress (1): 22/70 kB
Progress (1): 25/70 kB
Progress (1): 27/70 kB
Progress (1): 30/70 kB
Progress (1): 33/70 kB
Progress (1): 36/70 kB
Progress (1): 38/70 kB
Progress (1): 41/70 kB
Progress (1): 44/70 kB
Progress (1): 47/70 kB
Progress (1): 49/70 kB
Progress (1): 52/70 kB
Progress (1): 55/70 kB
Progress (1): 58/70 kB
Progress (1): 60/70 kB
Progress (1): 63/70 kB
Progress (1): 66/70 kB
Progress (1): 69/70 kB
Progress (1): 70 kB   
                   
Downloaded from central: https://repo.maven.apache.org/maven2/org/apache/commons/commons-parent/43/commons-parent-43.pom (70 kB at 1.2 MB/s)
Downloading from central: https://repo.maven.apache.org/maven2/org/tukaani/xz/1.8/xz-1.8.pom
Progress (1): 1.9 kB
                    
Downloaded from central: https://repo.maven.apache.org/maven2/org/tukaani/xz/1.8/xz-1.8.pom (1.9 kB at 136 kB/s)
Downloading from central: https://repo.maven.apache.org/maven2/org/codehaus/plexus/plexus-interpolation/1.25/plexus-interpolation-1.25.pom
Progress (1): 2.6 kB
                    
Downloaded from central: https://repo.maven.apache.org/maven2/org/codehaus/plexus/plexus-interpolation/1.25/plexus-interpolation-1.25.pom (2.6 kB at 189 kB/s)
Downloading from central: https://repo.maven.apache.org/maven2/org/codehaus/plexus/plexus/5.1/plexus-5.1.pom
Progress (1): 2.7/23 kB
Progress (1): 5.5/23 kB
Progress (1): 8.2/23 kB
Progress (1): 11/23 kB 
Progress (1): 14/23 kB
Progress (1): 16/23 kB
Progress (1): 19/23 kB
Progress (1): 22/23 kB
Progress (1): 23 kB   
                   
Downloaded from central: https://repo.maven.apache.org/maven2/org/codehaus/plexus/plexus/5.1/plexus-5.1.pom (23 kB at 804 kB/s)
Downloading from central: https://repo.maven.apache.org/maven2/com/thoughtworks/xstream/xstream/1.4.10/xstream-1.4.10.pom
Progress (1): 4.1/15 kB
Progress (1): 8.2/15 kB
Progress (1): 12/15 kB 
Progress (1): 15 kB   
                   
Downloaded from central: https://repo.maven.apache.org/maven2/com/thoughtworks/xstream/xstream/1.4.10/xstream-1.4.10.pom (15 kB at 459 kB/s)
Downloading from central: https://repo.maven.apache.org/maven2/com/thoughtworks/xstream/xstream-parent/1.4.10/xstream-parent-1.4.10.pom
Progress (1): 4.1/35 kB
Progress (1): 8.2/35 kB
Progress (1): 12/35 kB 
Progress (1): 16/35 kB
Progress (1): 20/35 kB
Progress (1): 25/35 kB
Progress (1): 29/35 kB
Progress (1): 33/35 kB
Progress (1): 35 kB   
                   
Downloaded from central: https://repo.maven.apache.org/maven2/com/thoughtworks/xstream/xstream-parent/1.4.10/xstream-parent-1.4.10.pom (35 kB at 657 kB/s)
Downloading from central: https://repo.maven.apache.org/maven2/xmlpull/xmlpull/1.1.3.1/xmlpull-1.1.3.1.pom
Progress (1): 386 B
                   
Downloaded from central: https://repo.maven.apache.org/maven2/xmlpull/xmlpull/1.1.3.1/xmlpull-1.1.3.1.pom (386 B at 14 kB/s)
Downloading from central: https://repo.maven.apache.org/maven2/xpp3/xpp3_min/1.1.4c/xpp3_min-1.1.4c.pom
Progress (1): 1.6 kB
                    
Downloaded from central: https://repo.maven.apache.org/maven2/xpp3/xpp3_min/1.1.4c/xpp3_min-1.1.4c.pom (1.6 kB at 77 kB/s)
Downloading from central: https://repo.maven.apache.org/maven2/org/apache/maven/shared/maven-mapping/3.0.0/maven-mapping-3.0.0.pom
Progress (1): 4.1/4.1 kB
Progress (1): 4.1 kB    
                    
Downloaded from central: https://repo.maven.apache.org/maven2/org/apache/maven/shared/maven-mapping/3.0.0/maven-mapping-3.0.0.pom (4.1 kB at 259 kB/s)
Downloading from central: https://repo.maven.apache.org/maven2/org/apache/maven/shared/maven-shared-components/22/maven-shared-components-22.pom
Progress (1): 4.1/5.1 kB
Progress (1): 5.1 kB    
                    
Downloaded from central: https://repo.maven.apache.org/maven2/org/apache/maven/shared/maven-shared-components/22/maven-shared-components-22.pom (5.1 kB at 341 kB/s)
Downloading from central: https://repo.maven.apache.org/maven2/org/apache/maven/maven-parent/27/maven-parent-27.pom
Progress (1): 4.1/41 kB
Progress (1): 8.2/41 kB
Progress (1): 12/41 kB 
Progress (1): 16/41 kB
Progress (1): 20/41 kB
Progress (1): 25/41 kB
Progress (1): 29/41 kB
Progress (1): 33/41 kB
Progress (1): 37/41 kB
Progress (1): 41 kB   
                   
Downloaded from central: https://repo.maven.apache.org/maven2/org/apache/maven/maven-parent/27/maven-parent-27.pom (41 kB at 1.9 MB/s)
Downloading from central: https://repo.maven.apache.org/maven2/org/apache/apache/17/apache-17.pom
Progress (1): 4.1/16 kB
Progress (1): 8.2/16 kB
Progress (1): 12/16 kB 
Progress (1): 16 kB   
                   
Downloaded from central: https://repo.maven.apache.org/maven2/org/apache/apache/17/apache-17.pom (16 kB at 1.2 MB/s)
Downloading from central: https://repo.maven.apache.org/maven2/org/codehaus/plexus/plexus-interpolation/1.21/plexus-interpolation-1.21.pom
Progress (1): 1.5 kB
                    
Downloaded from central: https://repo.maven.apache.org/maven2/org/codehaus/plexus/plexus-interpolation/1.21/plexus-interpolation-1.21.pom (1.5 kB at 86 kB/s)
Downloading from central: https://repo.maven.apache.org/maven2/org/apache/maven/maven-archiver/3.2.0/maven-archiver-3.2.0.jar
Downloading from central: https://repo.maven.apache.org/maven2/org/apache/maven/shared/maven-shared-utils/3.2.0/maven-shared-utils-3.2.0.jar
Downloading from central: https://repo.maven.apache.org/maven2/org/codehaus/plexus/plexus-archiver/3.6.0/plexus-archiver-3.6.0.jar
Downloading from central: https://repo.maven.apache.org/maven2/org/codehaus/plexus/plexus-io/3.0.1/plexus-io-3.0.1.jar
Progress (1): 4.1/24 kB
Progress (1): 8.2/24 kB
Progress (1): 12/24 kB 
Progress (1): 16/24 kB
Progress (1): 20/24 kB
Progress (1): 24 kB   
                   
Downloading from central: https://repo.maven.apache.org/maven2/org/apache/commons/commons-compress/1.16.1/commons-compress-1.16.1.jar
Progress (2): 24 kB | 4.1/560 kB
Progress (2): 24 kB | 8.2/560 kB
Progress (2): 24 kB | 12/560 kB 
Progress (2): 24 kB | 16/560 kB
Progress (2): 24 kB | 20/560 kB
Progress (2): 24 kB | 25/560 kB
Progress (2): 24 kB | 29/560 kB
Progress (2): 24 kB | 33/560 kB
Progress (2): 24 kB | 37/560 kB
Progress (2): 24 kB | 41/560 kB
Progress (2): 24 kB | 45/560 kB
Progress (2): 24 kB | 49/560 kB
Progress (3): 24 kB | 49/560 kB | 2.7/191 kB
Progress (3): 24 kB | 49/560 kB | 5.5/191 kB
Progress (3): 24 kB | 49/560 kB | 8.2/191 kB
Progress (4): 24 kB | 49/560 kB | 8.2/191 kB | 2.7/165 kB
Progress (4): 24 kB | 49/560 kB | 8.2/191 kB | 5.5/165 kB
Progress (4): 24 kB | 49/560 kB | 8.2/191 kB | 8.2/165 kB
Progress (4): 24 kB | 49/560 kB | 8.2/191 kB | 11/165 kB 
Progress (4): 24 kB | 49/560 kB | 8.2/191 kB | 14/165 kB
Progress (4): 24 kB | 53/560 kB | 8.2/191 kB | 14/165 kB
Progress (4): 24 kB | 57/560 kB | 8.2/191 kB | 14/165 kB
Progress (5): 24 kB | 57/560 kB | 8.2/191 kB | 14/165 kB | 2.7/74 kB
Progress (5): 24 kB | 57/560 kB | 8.2/191 kB | 14/165 kB | 5.5/74 kB
Progress (5): 24 kB | 57/560 kB | 8.2/191 kB | 14/165 kB | 8.2/74 kB
Progress (5): 24 kB | 57/560 kB | 8.2/191 kB | 14/165 kB | 11/74 kB 
Progress (5): 24 kB | 57/560 kB | 8.2/191 kB | 14/165 kB | 14/74 kB
Progress (5): 24 kB | 57/560 kB | 8.2/191 kB | 14/165 kB | 16/74 kB
Progress (5): 24 kB | 57/560 kB | 11/191 kB | 14/165 kB | 16/74 kB 
Progress (5): 24 kB | 57/560 kB | 14/191 kB | 14/165 kB | 16/74 kB
Progress (5): 24 kB | 57/560 kB | 16/191 kB | 14/165 kB | 16/74 kB
Progress (5): 24 kB | 61/560 kB | 16/191 kB | 14/165 kB | 16/74 kB
Progress (5): 24 kB | 66/560 kB | 16/191 kB | 14/165 kB | 16/74 kB
Progress (5): 24 kB | 70/560 kB | 16/191 kB | 14/165 kB | 16/74 kB
Progress (5): 24 kB | 74/560 kB | 16/191 kB | 14/165 kB | 16/74 kB
Progress (5): 24 kB | 78/560 kB | 16/191 kB | 14/165 kB | 16/74 kB
Progress (5): 24 kB | 82/560 kB | 16/191 kB | 14/165 kB | 16/74 kB
Progress (5): 24 kB | 82/560 kB | 16/191 kB | 14/165 kB | 19/74 kB
                                                                  
Downloaded from central: https://repo.maven.apache.org/maven2/org/apache/maven/maven-archiver/3.2.0/maven-archiver-3.2.0.jar (24 kB at 194 kB/s)
Progress (4): 82/560 kB | 16/191 kB | 16/165 kB | 19/74 kB
Progress (4): 82/560 kB | 16/191 kB | 19/165 kB | 19/74 kB
Progress (4): 82/560 kB | 19/191 kB | 19/165 kB | 19/74 kB
Progress (4): 82/560 kB | 22/191 kB | 19/165 kB | 19/74 kB
Progress (4): 82/560 kB | 25/191 kB | 19/165 kB | 19/74 kB
Progress (4): 82/560 kB | 27/191 kB | 19/165 kB | 19/74 kB
Progress (4): 82/560 kB | 30/191 kB | 19/165 kB | 19/74 kB
Progress (4): 82/560 kB | 33/191 kB | 19/165 kB | 19/74 kB
Progress (4): 82/560 kB | 36/191 kB | 19/165 kB | 19/74 kB
Progress (4): 82/560 kB | 38/191 kB | 19/165 kB | 19/74 kB
Progress (4): 82/560 kB | 41/191 kB | 19/165 kB | 19/74 kB
Progress (4): 82/560 kB | 41/191 kB | 19/165 kB | 22/74 kB
Progress (4): 82/560 kB | 41/191 kB | 19/165 kB | 25/74 kB
Progress (4): 82/560 kB | 41/191 kB | 19/165 kB | 27/74 kB
Progress (4): 82/560 kB | 41/191 kB | 19/165 kB | 30/74 kB
Progress (4): 82/560 kB | 41/191 kB | 19/165 kB | 33/74 kB
Progress (4): 82/560 kB | 41/191 kB | 19/165 kB | 36/74 kB
Progress (4): 82/560 kB | 41/191 kB | 19/165 kB | 38/74 kB
Progress (4): 82/560 kB | 41/191 kB | 19/165 kB | 41/74 kB
Progress (4): 82/560 kB | 41/191 kB | 19/165 kB | 44/74 kB
Progress (4): 82/560 kB | 41/191 kB | 19/165 kB | 47/74 kB
Progress (4): 82/560 kB | 41/191 kB | 19/165 kB | 49/74 kB
Progress (4): 86/560 kB | 41/191 kB | 19/165 kB | 49/74 kB
                                                          
Downloading from central: https://repo.maven.apache.org/maven2/org/iq80/snappy/snappy/0.4/snappy-0.4.jar
Progress (4): 86/560 kB | 41/191 kB | 22/165 kB | 49/74 kB
Progress (4): 86/560 kB | 41/191 kB | 25/165 kB | 49/74 kB
Progress (4): 86/560 kB | 41/191 kB | 27/165 kB | 49/74 kB
Progress (4): 86/560 kB | 41/191 kB | 30/165 kB | 49/74 kB
Progress (4): 86/560 kB | 41/191 kB | 33/165 kB | 49/74 kB
Progress (4): 86/560 kB | 41/191 kB | 36/165 kB | 49/74 kB
Progress (4): 86/560 kB | 41/191 kB | 38/165 kB | 49/74 kB
Progress (4): 90/560 kB | 41/191 kB | 38/165 kB | 49/74 kB
Progress (4): 94/560 kB | 41/191 kB | 38/165 kB | 49/74 kB
Progress (4): 98/560 kB | 41/191 kB | 38/165 kB | 49/74 kB
Progress (4): 98/560 kB | 44/191 kB | 38/165 kB | 49/74 kB
Progress (4): 98/560 kB | 47/191 kB | 38/165 kB | 49/74 kB
Progress (5): 98/560 kB | 47/191 kB | 38/165 kB | 49/74 kB | 2.7/58 kB
Progress (5): 98/560 kB | 47/191 kB | 38/165 kB | 49/74 kB | 5.5/58 kB
Progress (5): 98/560 kB | 47/191 kB | 38/165 kB | 49/74 kB | 8.2/58 kB
Progress (5): 98/560 kB | 47/191 kB | 38/165 kB | 49/74 kB | 11/58 kB 
Progress (5): 98/560 kB | 47/191 kB | 38/165 kB | 49/74 kB | 14/58 kB
Progress (5): 98/560 kB | 47/191 kB | 38/165 kB | 49/74 kB | 16/58 kB
Progress (5): 98/560 kB | 47/191 kB | 38/165 kB | 49/74 kB | 19/58 kB
Progress (5): 98/560 kB | 47/191 kB | 38/165 kB | 49/74 kB | 22/58 kB
Progress (5): 102/560 kB | 47/191 kB | 38/165 kB | 49/74 kB | 22/58 kB
Progress (5): 106/560 kB | 47/191 kB | 38/165 kB | 49/74 kB | 22/58 kB
Progress (5): 111/560 kB | 47/191 kB | 38/165 kB | 49/74 kB | 22/58 kB
Progress (5): 115/560 kB | 47/191 kB | 38/165 kB | 49/74 kB | 22/58 kB
Progress (5): 119/560 kB | 47/191 kB | 38/165 kB | 49/74 kB | 22/58 kB
Progress (5): 123/560 kB | 47/191 kB | 38/165 kB | 49/74 kB | 22/58 kB
Progress (5): 127/560 kB | 47/191 kB | 38/165 kB | 49/74 kB | 22/58 kB
Progress (5): 131/560 kB | 47/191 kB | 38/165 kB | 49/74 kB | 22/58 kB
Progress (5): 135/560 kB | 47/191 kB | 38/165 kB | 49/74 kB | 22/58 kB
Progress (5): 135/560 kB | 47/191 kB | 41/165 kB | 49/74 kB | 22/58 kB
Progress (5): 135/560 kB | 47/191 kB | 44/165 kB | 49/74 kB | 22/58 kB
Progress (5): 135/560 kB | 47/191 kB | 47/165 kB | 49/74 kB | 22/58 kB
Progress (5): 135/560 kB | 47/191 kB | 49/165 kB | 49/74 kB | 22/58 kB
Progress (5): 135/560 kB | 47/191 kB | 52/165 kB | 49/74 kB | 22/58 kB
Progress (5): 135/560 kB | 47/191 kB | 55/165 kB | 49/74 kB | 22/58 kB
Progress (5): 135/560 kB | 47/191 kB | 58/165 kB | 49/74 kB | 22/58 kB
Progress (5): 135/560 kB | 47/191 kB | 60/165 kB | 49/74 kB | 22/58 kB
Progress (5): 135/560 kB | 47/191 kB | 60/165 kB | 49/74 kB | 25/58 kB
Progress (5): 135/560 kB | 47/191 kB | 60/165 kB | 52/74 kB | 25/58 kB
Progress (5): 135/560 kB | 47/191 kB | 60/165 kB | 55/74 kB | 25/58 kB
Progress (5): 135/560 kB | 47/191 kB | 60/165 kB | 58/74 kB | 25/58 kB
Progress (5): 135/560 kB | 47/191 kB | 60/165 kB | 60/74 kB | 25/58 kB
Progress (5): 135/560 kB | 47/191 kB | 60/165 kB | 63/74 kB | 25/58 kB
Progress (5): 135/560 kB | 47/191 kB | 60/165 kB | 66/74 kB | 25/58 kB
Progress (5): 135/560 kB | 47/191 kB | 60/165 kB | 69/74 kB | 25/58 kB
Progress (5): 135/560 kB | 47/191 kB | 60/165 kB | 71/74 kB | 25/58 kB
Progress (5): 135/560 kB | 49/191 kB | 60/165 kB | 71/74 kB | 25/58 kB
Progress (5): 135/560 kB | 52/191 kB | 60/165 kB | 71/74 kB | 25/58 kB
Progress (5): 135/560 kB | 52/191 kB | 63/165 kB | 71/74 kB | 25/58 kB
Progress (5): 135/560 kB | 52/191 kB | 63/165 kB | 71/74 kB | 27/58 kB
Progress (5): 135/560 kB | 52/191 kB | 63/165 kB | 71/74 kB | 30/58 kB
Progress (5): 135/560 kB | 52/191 kB | 63/165 kB | 71/74 kB | 33/58 kB
Progress (5): 135/560 kB | 52/191 kB | 63/165 kB | 71/74 kB | 36/58 kB
Progress (5): 135/560 kB | 52/191 kB | 63/165 kB | 71/74 kB | 38/58 kB
Progress (5): 135/560 kB | 52/191 kB | 63/165 kB | 71/74 kB | 41/58 kB
Progress (5): 135/560 kB | 52/191 kB | 63/165 kB | 71/74 kB | 44/58 kB
Progress (5): 135/560 kB | 52/191 kB | 63/165 kB | 71/74 kB | 47/58 kB
Progress (5): 135/560 kB | 52/191 kB | 63/165 kB | 71/74 kB | 49/58 kB
Progress (5): 135/560 kB | 52/191 kB | 63/165 kB | 71/74 kB | 52/58 kB
Progress (5): 139/560 kB | 52/191 kB | 63/165 kB | 71/74 kB | 52/58 kB
Progress (5): 143/560 kB | 52/191 kB | 63/165 kB | 71/74 kB | 52/58 kB
Progress (5): 147/560 kB | 52/191 kB | 63/165 kB | 71/74 kB | 52/58 kB
Progress (5): 152/560 kB | 52/191 kB | 63/165 kB | 71/74 kB | 52/58 kB
Progress (5): 156/560 kB | 52/191 kB | 63/165 kB | 71/74 kB | 52/58 kB
Progress (5): 160/560 kB | 52/191 kB | 63/165 kB | 71/74 kB | 52/58 kB
Progress (5): 164/560 kB | 52/191 kB | 63/165 kB | 71/74 kB | 52/58 kB
Progress (5): 164/560 kB | 52/191 kB | 66/165 kB | 71/74 kB | 52/58 kB
Progress (5): 164/560 kB | 52/191 kB | 69/165 kB | 71/74 kB | 52/58 kB
Progress (5): 164/560 kB | 52/191 kB | 71/165 kB | 71/74 kB | 52/58 kB
Progress (5): 164/560 kB | 52/191 kB | 71/165 kB | 74 kB | 52/58 kB   
Progress (5): 164/560 kB | 55/191 kB | 71/165 kB | 74 kB | 52/58 kB
Progress (5): 164/560 kB | 58/191 kB | 71/165 kB | 74 kB | 52/58 kB
Progress (5): 164/560 kB | 60/191 kB | 71/165 kB | 74 kB | 52/58 kB
Progress (5): 164/560 kB | 63/191 kB | 71/165 kB | 74 kB | 52/58 kB
Progress (5): 164/560 kB | 66/191 kB | 71/165 kB | 74 kB | 52/58 kB
Progress (5): 164/560 kB | 69/191 kB | 71/165 kB | 74 kB | 52/58 kB
Progress (5): 164/560 kB | 71/191 kB | 71/165 kB | 74 kB | 52/58 kB
                                                                   
Downloaded from central: https://repo.maven.apache.org/maven2/org/codehaus/plexus/plexus-io/3.0.1/plexus-io-3.0.1.jar (74 kB at 387 kB/s)
Downloading from central: https://repo.maven.apache.org/maven2/org/tukaani/xz/1.8/xz-1.8.jar
Progress (4): 168/560 kB | 71/191 kB | 71/165 kB | 52/58 kB
Progress (4): 168/560 kB | 71/191 kB | 74/165 kB | 52/58 kB
Progress (4): 168/560 kB | 71/191 kB | 77/165 kB | 52/58 kB
Progress (4): 168/560 kB | 71/191 kB | 80/165 kB | 52/58 kB
Progress (4): 168/560 kB | 71/191 kB | 82/165 kB | 52/58 kB
Progress (4): 168/560 kB | 71/191 kB | 85/165 kB | 52/58 kB
Progress (4): 168/560 kB | 71/191 kB | 88/165 kB | 52/58 kB
Progress (4): 168/560 kB | 71/191 kB | 90/165 kB | 52/58 kB
Progress (4): 168/560 kB | 71/191 kB | 93/165 kB | 52/58 kB
Progress (4): 168/560 kB | 71/191 kB | 96/165 kB | 52/58 kB
Progress (4): 168/560 kB | 71/191 kB | 99/165 kB | 52/58 kB
Progress (4): 168/560 kB | 71/191 kB | 99/165 kB | 55/58 kB
Progress (4): 168/560 kB | 71/191 kB | 99/165 kB | 58/58 kB
Progress (4): 168/560 kB | 71/191 kB | 99/165 kB | 58 kB   
Progress (4): 168/560 kB | 74/191 kB | 99/165 kB | 58 kB
Progress (4): 168/560 kB | 77/191 kB | 99/165 kB | 58 kB
Progress (4): 168/560 kB | 80/191 kB | 99/165 kB | 58 kB
Progress (4): 168/560 kB | 82/191 kB | 99/165 kB | 58 kB
Progress (4): 168/560 kB | 85/191 kB | 99/165 kB | 58 kB
Progress (4): 168/560 kB | 88/191 kB | 99/165 kB | 58 kB
Progress (4): 168/560 kB | 90/191 kB | 99/165 kB | 58 kB
Progress (4): 168/560 kB | 93/191 kB | 99/165 kB | 58 kB
Progress (4): 168/560 kB | 96/191 kB | 99/165 kB | 58 kB
Progress (4): 168/560 kB | 99/191 kB | 99/165 kB | 58 kB
Progress (4): 168/560 kB | 101/191 kB | 99/165 kB | 58 kB
Progress (5): 168/560 kB | 101/191 kB | 99/165 kB | 58 kB | 2.7/109 kB
Progress (5): 168/560 kB | 101/191 kB | 99/165 kB | 58 kB | 5.5/109 kB
Progress (5): 168/560 kB | 101/191 kB | 99/165 kB | 58 kB | 8.2/109 kB
Progress (5): 168/560 kB | 101/191 kB | 99/165 kB | 58 kB | 11/109 kB 
Progress (5): 168/560 kB | 101/191 kB | 99/165 kB | 58 kB | 14/109 kB
Progress (5): 168/560 kB | 101/191 kB | 99/165 kB | 58 kB | 16/109 kB
Progress (5): 168/560 kB | 101/191 kB | 99/165 kB | 58 kB | 19/109 kB
Progress (5): 168/560 kB | 101/191 kB | 99/165 kB | 58 kB | 22/109 kB
Progress (5): 168/560 kB | 101/191 kB | 99/165 kB | 58 kB | 25/109 kB
Progress (5): 172/560 kB | 101/191 kB | 99/165 kB | 58 kB | 25/109 kB
Progress (5): 176/560 kB | 101/191 kB | 99/165 kB | 58 kB | 25/109 kB
Progress (5): 180/560 kB | 101/191 kB | 99/165 kB | 58 kB | 25/109 kB
Progress (5): 184/560 kB | 101/191 kB | 99/165 kB | 58 kB | 25/109 kB
Progress (5): 188/560 kB | 101/191 kB | 99/165 kB | 58 kB | 25/109 kB
Progress (5): 193/560 kB | 101/191 kB | 99/165 kB | 58 kB | 25/109 kB
Progress (5): 197/560 kB | 101/191 kB | 99/165 kB | 58 kB | 25/109 kB
                                                                     
Downloaded from central: https://repo.maven.apache.org/maven2/org/iq80/snappy/snappy/0.4/snappy-0.4.jar (58 kB at 266 kB/s)
Downloading from central: https://repo.maven.apache.org/maven2/org/codehaus/plexus/plexus-interpolation/1.25/plexus-interpolation-1.25.jar
Progress (4): 197/560 kB | 101/191 kB | 101/165 kB | 25/109 kB
Progress (4): 197/560 kB | 101/191 kB | 104/165 kB | 25/109 kB
Progress (4): 197/560 kB | 101/191 kB | 107/165 kB | 25/109 kB
Progress (4): 197/560 kB | 101/191 kB | 110/165 kB | 25/109 kB
Progress (4): 197/560 kB | 101/191 kB | 112/165 kB | 25/109 kB
Progress (4): 201/560 kB | 101/191 kB | 112/165 kB | 25/109 kB
Progress (4): 205/560 kB | 101/191 kB | 112/165 kB | 25/109 kB
Progress (4): 209/560 kB | 101/191 kB | 112/165 kB | 25/109 kB
Progress (4): 213/560 kB | 101/191 kB | 112/165 kB | 25/109 kB
Progress (4): 217/560 kB | 101/191 kB | 112/165 kB | 25/109 kB
Progress (4): 221/560 kB | 101/191 kB | 112/165 kB | 25/109 kB
Progress (4): 221/560 kB | 101/191 kB | 115/165 kB | 25/109 kB
Progress (4): 221/560 kB | 101/191 kB | 118/165 kB | 25/109 kB
Progress (4): 221/560 kB | 101/191 kB | 121/165 kB | 25/109 kB
Progress (4): 221/560 kB | 101/191 kB | 123/165 kB | 25/109 kB
Progress (4): 221/560 kB | 101/191 kB | 126/165 kB | 25/109 kB
Progress (4): 221/560 kB | 101/191 kB | 129/165 kB | 25/109 kB
Progress (4): 221/560 kB | 101/191 kB | 132/165 kB | 25/109 kB
Progress (5): 221/560 kB | 101/191 kB | 132/165 kB | 25/109 kB | 2.7/85 kB
Progress (5): 221/560 kB | 104/191 kB | 132/165 kB | 25/109 kB | 2.7/85 kB
Progress (5): 221/560 kB | 107/191 kB | 132/165 kB | 25/109 kB | 2.7/85 kB
Progress (5): 221/560 kB | 110/191 kB | 132/165 kB | 25/109 kB | 2.7/85 kB
Progress (5): 221/560 kB | 112/191 kB | 132/165 kB | 25/109 kB | 2.7/85 kB
Progress (5): 221/560 kB | 115/191 kB | 132/165 kB | 25/109 kB | 2.7/85 kB
Progress (5): 221/560 kB | 118/191 kB | 132/165 kB | 25/109 kB | 2.7/85 kB
Progress (5): 221/560 kB | 121/191 kB | 132/165 kB | 25/109 kB | 2.7/85 kB
Progress (5): 221/560 kB | 123/191 kB | 132/165 kB | 25/109 kB | 2.7/85 kB
Progress (5): 221/560 kB | 126/191 kB | 132/165 kB | 25/109 kB | 2.7/85 kB
Progress (5): 225/560 kB | 126/191 kB | 132/165 kB | 25/109 kB | 2.7/85 kB
Progress (5): 225/560 kB | 126/191 kB | 132/165 kB | 27/109 kB | 2.7/85 kB
Progress (5): 225/560 kB | 126/191 kB | 132/165 kB | 30/109 kB | 2.7/85 kB
Progress (5): 225/560 kB | 126/191 kB | 132/165 kB | 33/109 kB | 2.7/85 kB
Progress (5): 225/560 kB | 126/191 kB | 132/165 kB | 36/109 kB | 2.7/85 kB
Progress (5): 225/560 kB | 126/191 kB | 132/165 kB | 38/109 kB | 2.7/85 kB
Progress (5): 225/560 kB | 126/191 kB | 132/165 kB | 41/109 kB | 2.7/85 kB
Progress (5): 225/560 kB | 126/191 kB | 132/165 kB | 44/109 kB | 2.7/85 kB
Progress (5): 225/560 kB | 126/191 kB | 132/165 kB | 47/109 kB | 2.7/85 kB
Progress (5): 225/560 kB | 126/191 kB | 132/165 kB | 49/109 kB | 2.7/85 kB
Progress (5): 225/560 kB | 126/191 kB | 132/165 kB | 52/109 kB | 2.7/85 kB
Progress (5): 225/560 kB | 126/191 kB | 134/165 kB | 52/109 kB | 2.7/85 kB
Progress (5): 225/560 kB | 126/191 kB | 134/165 kB | 52/109 kB | 5.5/85 kB
Progress (5): 225/560 kB | 126/191 kB | 134/165 kB | 52/109 kB | 8.2/85 kB
Progress (5): 225/560 kB | 126/191 kB | 134/165 kB | 52/109 kB | 11/85 kB 
Progress (5): 225/560 kB | 126/191 kB | 134/165 kB | 52/109 kB | 14/85 kB
Progress (5): 225/560 kB | 126/191 kB | 134/165 kB | 52/109 kB | 16/85 kB
Progress (5): 225/560 kB | 126/191 kB | 134/165 kB | 52/109 kB | 19/85 kB
Progress (5): 225/560 kB | 126/191 kB | 134/165 kB | 52/109 kB | 22/85 kB
Progress (5): 225/560 kB | 126/191 kB | 134/165 kB | 52/109 kB | 25/85 kB
Progress (5): 225/560 kB | 129/191 kB | 134/165 kB | 52/109 kB | 25/85 kB
Progress (5): 229/560 kB | 129/191 kB | 134/165 kB | 52/109 kB | 25/85 kB
Progress (5): 233/560 kB | 129/191 kB | 134/165 kB | 52/109 kB | 25/85 kB
Progress (5): 238/560 kB | 129/191 kB | 134/165 kB | 52/109 kB | 25/85 kB
Progress (5): 242/560 kB | 129/191 kB | 134/165 kB | 52/109 kB | 25/85 kB
Progress (5): 246/560 kB | 129/191 kB | 134/165 kB | 52/109 kB | 25/85 kB
Progress (5): 250/560 kB | 129/191 kB | 134/165 kB | 52/109 kB | 25/85 kB
Progress (5): 254/560 kB | 129/191 kB | 134/165 kB | 52/109 kB | 25/85 kB
Progress (5): 258/560 kB | 129/191 kB | 134/165 kB | 52/109 kB | 25/85 kB
Progress (5): 262/560 kB | 129/191 kB | 134/165 kB | 52/109 kB | 25/85 kB
Progress (5): 262/560 kB | 129/191 kB | 134/165 kB | 55/109 kB | 25/85 kB
Progress (5): 262/560 kB | 129/191 kB | 137/165 kB | 55/109 kB | 25/85 kB
Progress (5): 262/560 kB | 129/191 kB | 140/165 kB | 55/109 kB | 25/85 kB
Progress (5): 262/560 kB | 129/191 kB | 143/165 kB | 55/109 kB | 25/85 kB
Progress (5): 262/560 kB | 129/191 kB | 145/165 kB | 55/109 kB | 25/85 kB
Progress (5): 262/560 kB | 129/191 kB | 148/165 kB | 55/109 kB | 25/85 kB
Progress (5): 262/560 kB | 129/191 kB | 151/165 kB | 55/109 kB | 25/85 kB
Progress (5): 262/560 kB | 129/191 kB | 154/165 kB | 55/109 kB | 25/85 kB
Progress (5): 262/560 kB | 129/191 kB | 154/165 kB | 55/109 kB | 27/85 kB
Progress (5): 262/560 kB | 132/191 kB | 154/165 kB | 55/109 kB | 27/85 kB
Progress (5): 262/560 kB | 134/191 kB | 154/165 kB | 55/109 kB | 27/85 kB
Progress (5): 262/560 kB | 137/191 kB | 154/165 kB | 55/109 kB | 27/85 kB
Progress (5): 262/560 kB | 140/191 kB | 154/165 kB | 55/109 kB | 27/85 kB
Progress (5): 262/560 kB | 143/191 kB | 154/165 kB | 55/109 kB | 27/85 kB
Progress (5): 262/560 kB | 145/191 kB | 154/165 kB | 55/109 kB | 27/85 kB
Progress (5): 262/560 kB | 148/191 kB | 154/165 kB | 55/109 kB | 27/85 kB
Progress (5): 262/560 kB | 151/191 kB | 154/165 kB | 55/109 kB | 27/85 kB
Progress (5): 262/560 kB | 154/191 kB | 154/165 kB | 55/109 kB | 27/85 kB
Progress (5): 262/560 kB | 154/191 kB | 154/165 kB | 55/109 kB | 30/85 kB
Progress (5): 262/560 kB | 154/191 kB | 154/165 kB | 55/109 kB | 33/85 kB
Progress (5): 262/560 kB | 154/191 kB | 154/165 kB | 55/109 kB | 36/85 kB
Progress (5): 262/560 kB | 154/191 kB | 154/165 kB | 55/109 kB | 38/85 kB
Progress (5): 262/560 kB | 154/191 kB | 154/165 kB | 55/109 kB | 41/85 kB
Progress (5): 262/560 kB | 154/191 kB | 154/165 kB | 55/109 kB | 44/85 kB
Progress (5): 262/560 kB | 154/191 kB | 154/165 kB | 55/109 kB | 47/85 kB
Progress (5): 262/560 kB | 154/191 kB | 154/165 kB | 55/109 kB | 49/85 kB
Progress (5): 262/560 kB | 154/191 kB | 154/165 kB | 55/109 kB | 52/85 kB
Progress (5): 262/560 kB | 154/191 kB | 154/165 kB | 55/109 kB | 55/85 kB
Progress (5): 266/560 kB | 154/191 kB | 154/165 kB | 55/109 kB | 55/85 kB
Progress (5): 270/560 kB | 154/191 kB | 154/165 kB | 55/109 kB | 55/85 kB
Progress (5): 274/560 kB | 154/191 kB | 154/165 kB | 55/109 kB | 55/85 kB
Progress (5): 279/560 kB | 154/191 kB | 154/165 kB | 55/109 kB | 55/85 kB
Progress (5): 283/560 kB | 154/191 kB | 154/165 kB | 55/109 kB | 55/85 kB
Progress (5): 287/560 kB | 154/191 kB | 154/165 kB | 55/109 kB | 55/85 kB
Progress (5): 291/560 kB | 154/191 kB | 154/165 kB | 55/109 kB | 55/85 kB
Progress (5): 295/560 kB | 154/191 kB | 154/165 kB | 55/109 kB | 55/85 kB
Progress (5): 299/560 kB | 154/191 kB | 154/165 kB | 55/109 kB | 55/85 kB
Progress (5): 299/560 kB | 154/191 kB | 154/165 kB | 58/109 kB | 55/85 kB
Progress (5): 299/560 kB | 154/191 kB | 154/165 kB | 60/109 kB | 55/85 kB
Progress (5): 299/560 kB | 154/191 kB | 154/165 kB | 63/109 kB | 55/85 kB
Progress (5): 299/560 kB | 154/191 kB | 154/165 kB | 66/109 kB | 55/85 kB
Progress (5): 299/560 kB | 154/191 kB | 154/165 kB | 69/109 kB | 55/85 kB
Progress (5): 299/560 kB | 154/191 kB | 154/165 kB | 71/109 kB | 55/85 kB
Progress (5): 299/560 kB | 154/191 kB | 154/165 kB | 74/109 kB | 55/85 kB
Progress (5): 299/560 kB | 154/191 kB | 154/165 kB | 77/109 kB | 55/85 kB
Progress (5): 299/560 kB | 154/191 kB | 154/165 kB | 80/109 kB | 55/85 kB
Progress (5): 299/560 kB | 154/191 kB | 154/165 kB | 82/109 kB | 55/85 kB
Progress (5): 299/560 kB | 156/191 kB | 154/165 kB | 82/109 kB | 55/85 kB
Progress (5): 299/560 kB | 156/191 kB | 156/165 kB | 82/109 kB | 55/85 kB
Progress (5): 299/560 kB | 156/191 kB | 159/165 kB | 82/109 kB | 55/85 kB
Progress (5): 299/560 kB | 156/191 kB | 162/165 kB | 82/109 kB | 55/85 kB
Progress (5): 299/560 kB | 156/191 kB | 165/165 kB | 82/109 kB | 55/85 kB
Progress (5): 299/560 kB | 156/191 kB | 165 kB | 82/109 kB | 55/85 kB    
Progress (5): 299/560 kB | 159/191 kB | 165 kB | 82/109 kB | 55/85 kB
Progress (5): 299/560 kB | 162/191 kB | 165 kB | 82/109 kB | 55/85 kB
Progress (5): 299/560 kB | 165/191 kB | 165 kB | 82/109 kB | 55/85 kB
Progress (5): 299/560 kB | 167/191 kB | 165 kB | 82/109 kB | 55/85 kB
Progress (5): 299/560 kB | 170/191 kB | 165 kB | 82/109 kB | 55/85 kB
Progress (5): 299/560 kB | 173/191 kB | 165 kB | 82/109 kB | 55/85 kB
Progress (5): 299/560 kB | 175/191 kB | 165 kB | 82/109 kB | 55/85 kB
Progress (5): 303/560 kB | 175/191 kB | 165 kB | 82/109 kB | 55/85 kB
Progress (5): 307/560 kB | 175/191 kB | 165 kB | 82/109 kB | 55/85 kB
Progress (5): 311/560 kB | 175/191 kB | 165 kB | 82/109 kB | 55/85 kB
Progress (5): 315/560 kB | 175/191 kB | 165 kB | 82/109 kB | 55/85 kB
                                                                     
Downloaded from central: https://repo.maven.apache.org/maven2/org/apache/maven/shared/maven-shared-utils/3.2.0/maven-shared-utils-3.2.0.jar (165 kB at 517 kB/s)
Progress (4): 315/560 kB | 175/191 kB | 82/109 kB | 58/85 kB
Progress (4): 315/560 kB | 175/191 kB | 82/109 kB | 60/85 kB
Progress (4): 315/560 kB | 175/191 kB | 82/109 kB | 63/85 kB
Progress (4): 315/560 kB | 175/191 kB | 82/109 kB | 66/85 kB
Progress (4): 315/560 kB | 175/191 kB | 82/109 kB | 69/85 kB
Progress (4): 315/560 kB | 175/191 kB | 82/109 kB | 71/85 kB
Progress (4): 315/560 kB | 175/191 kB | 82/109 kB | 74/85 kB
Progress (4): 315/560 kB | 175/191 kB | 82/109 kB | 77/85 kB
Progress (4): 315/560 kB | 175/191 kB | 82/109 kB | 80/85 kB
Progress (4): 315/560 kB | 175/191 kB | 82/109 kB | 82/85 kB
Progress (4): 315/560 kB | 175/191 kB | 85/109 kB | 82/85 kB
Progress (4): 315/560 kB | 175/191 kB | 88/109 kB | 82/85 kB
Progress (4): 315/560 kB | 175/191 kB | 90/109 kB | 82/85 kB
Progress (4): 315/560 kB | 175/191 kB | 93/109 kB | 82/85 kB
Progress (4): 315/560 kB | 175/191 kB | 96/109 kB | 82/85 kB
Progress (4): 315/560 kB | 175/191 kB | 99/109 kB | 82/85 kB
Progress (4): 315/560 kB | 175/191 kB | 101/109 kB | 82/85 kB
Progress (4): 315/560 kB | 175/191 kB | 104/109 kB | 82/85 kB
Progress (4): 315/560 kB | 175/191 kB | 107/109 kB | 82/85 kB
Progress (4): 315/560 kB | 175/191 kB | 109 kB | 82/85 kB    
                                                         
Downloading from central: https://repo.maven.apache.org/maven2/com/thoughtworks/xstream/xstream/1.4.10/xstream-1.4.10.jar
Progress (4): 315/560 kB | 178/191 kB | 109 kB | 82/85 kB
Progress (4): 315/560 kB | 181/191 kB | 109 kB | 82/85 kB
Progress (4): 315/560 kB | 184/191 kB | 109 kB | 82/85 kB
Progress (4): 315/560 kB | 186/191 kB | 109 kB | 82/85 kB
Progress (4): 319/560 kB | 186/191 kB | 109 kB | 82/85 kB
Progress (4): 324/560 kB | 186/191 kB | 109 kB | 82/85 kB
Progress (4): 328/560 kB | 186/191 kB | 109 kB | 82/85 kB
Progress (4): 332/560 kB | 186/191 kB | 109 kB | 82/85 kB
Progress (4): 336/560 kB | 186/191 kB | 109 kB | 82/85 kB
Progress (4): 340/560 kB | 186/191 kB | 109 kB | 82/85 kB
Progress (4): 344/560 kB | 186/191 kB | 109 kB | 82/85 kB
Progress (4): 348/560 kB | 186/191 kB | 109 kB | 82/85 kB
Progress (4): 352/560 kB | 186/191 kB | 109 kB | 82/85 kB
Progress (4): 356/560 kB | 186/191 kB | 109 kB | 82/85 kB
Progress (4): 360/560 kB | 186/191 kB | 109 kB | 82/85 kB
Progress (4): 365/560 kB | 186/191 kB | 109 kB | 82/85 kB
Progress (4): 365/560 kB | 186/191 kB | 109 kB | 85/85 kB
Progress (4): 365/560 kB | 186/191 kB | 109 kB | 85 kB   
Progress (4): 365/560 kB | 189/191 kB | 109 kB | 85 kB
Progress (4): 365/560 kB | 191 kB | 109 kB | 85 kB    
Progress (5): 365/560 kB | 191 kB | 109 kB | 85 kB | 2.7/590 kB
Progress (5): 365/560 kB | 191 kB | 109 kB | 85 kB | 5.5/590 kB
Progress (5): 365/560 kB | 191 kB | 109 kB | 85 kB | 8.2/590 kB
Progress (5): 365/560 kB | 191 kB | 109 kB | 85 kB | 11/590 kB 
Progress (5): 365/560 kB | 191 kB | 109 kB | 85 kB | 14/590 kB
Progress (5): 365/560 kB | 191 kB | 109 kB | 85 kB | 16/590 kB
Progress (5): 365/560 kB | 191 kB | 109 kB | 85 kB | 19/590 kB
Progress (5): 365/560 kB | 191 kB | 109 kB | 85 kB | 22/590 kB
Progress (5): 365/560 kB | 191 kB | 109 kB | 85 kB | 25/590 kB
Progress (5): 365/560 kB | 191 kB | 109 kB | 85 kB | 27/590 kB
                                                              
Downloaded from central: https://repo.maven.apache.org/maven2/org/tukaani/xz/1.8/xz-1.8.jar (109 kB at 309 kB/s)
Downloaded from central: https://repo.maven.apache.org/maven2/org/codehaus/plexus/plexus-archiver/3.6.0/plexus-archiver-3.6.0.jar (191 kB at 539 kB/s)
Downloaded from central: https://repo.maven.apache.org/maven2/org/codehaus/plexus/plexus-interpolation/1.25/plexus-interpolation-1.25.jar (85 kB at 242 kB/s)
Downloading from central: https://repo.maven.apache.org/maven2/xmlpull/xmlpull/1.1.3.1/xmlpull-1.1.3.1.jar
Downloading from central: https://repo.maven.apache.org/maven2/xpp3/xpp3_min/1.1.4c/xpp3_min-1.1.4c.jar
Downloading from central: https://repo.maven.apache.org/maven2/org/apache/maven/shared/maven-mapping/3.0.0/maven-mapping-3.0.0.jar
Progress (2): 369/560 kB | 27/590 kB
Progress (2): 373/560 kB | 27/590 kB
Progress (2): 377/560 kB | 27/590 kB
Progress (2): 381/560 kB | 27/590 kB
Progress (3): 381/560 kB | 27/590 kB | 2.7/25 kB
Progress (3): 381/560 kB | 30/590 kB | 2.7/25 kB
Progress (3): 381/560 kB | 33/590 kB | 2.7/25 kB
Progress (3): 381/560 kB | 36/590 kB | 2.7/25 kB
Progress (3): 381/560 kB | 38/590 kB | 2.7/25 kB
Progress (3): 381/560 kB | 41/590 kB | 2.7/25 kB
Progress (3): 381/560 kB | 44/590 kB | 2.7/25 kB
Progress (3): 381/560 kB | 47/590 kB | 2.7/25 kB
Progress (3): 381/560 kB | 49/590 kB | 2.7/25 kB
Progress (3): 381/560 kB | 52/590 kB | 2.7/25 kB
Progress (3): 381/560 kB | 55/590 kB | 2.7/25 kB
Progress (3): 381/560 kB | 58/590 kB | 2.7/25 kB
Progress (3): 381/560 kB | 60/590 kB | 2.7/25 kB
Progress (3): 385/560 kB | 60/590 kB | 2.7/25 kB
Progress (3): 389/560 kB | 60/590 kB | 2.7/25 kB
Progress (3): 393/560 kB | 60/590 kB | 2.7/25 kB
Progress (3): 397/560 kB | 60/590 kB | 2.7/25 kB
Progress (3): 401/560 kB | 60/590 kB | 2.7/25 kB
Progress (3): 406/560 kB | 60/590 kB | 2.7/25 kB
Progress (3): 410/560 kB | 60/590 kB | 2.7/25 kB
Progress (3): 414/560 kB | 60/590 kB | 2.7/25 kB
Progress (3): 418/560 kB | 60/590 kB | 2.7/25 kB
Progress (3): 422/560 kB | 60/590 kB | 2.7/25 kB
Progress (3): 426/560 kB | 60/590 kB | 2.7/25 kB
Progress (3): 430/560 kB | 60/590 kB | 2.7/25 kB
Progress (4): 430/560 kB | 60/590 kB | 2.7/25 kB | 2.7/7.2 kB
Progress (4): 430/560 kB | 60/590 kB | 2.7/25 kB | 5.5/7.2 kB
Progress (4): 430/560 kB | 60/590 kB | 2.7/25 kB | 7.2 kB    
Progress (5): 430/560 kB | 60/590 kB | 2.7/25 kB | 7.2 kB | 2.7/11 kB
Progress (5): 430/560 kB | 60/590 kB | 2.7/25 kB | 7.2 kB | 5.5/11 kB
Progress (5): 430/560 kB | 60/590 kB | 2.7/25 kB | 7.2 kB | 8.2/11 kB
Progress (5): 430/560 kB | 60/590 kB | 2.7/25 kB | 7.2 kB | 11 kB    
Progress (5): 430/560 kB | 60/590 kB | 5.5/25 kB | 7.2 kB | 11 kB
Progress (5): 430/560 kB | 60/590 kB | 8.2/25 kB | 7.2 kB | 11 kB
Progress (5): 430/560 kB | 60/590 kB | 11/25 kB | 7.2 kB | 11 kB 
Progress (5): 430/560 kB | 60/590 kB | 14/25 kB | 7.2 kB | 11 kB
Progress (5): 430/560 kB | 60/590 kB | 16/25 kB | 7.2 kB | 11 kB
Progress (5): 430/560 kB | 60/590 kB | 19/25 kB | 7.2 kB | 11 kB
Progress (5): 430/560 kB | 60/590 kB | 22/25 kB | 7.2 kB | 11 kB
Progress (5): 430/560 kB | 60/590 kB | 25/25 kB | 7.2 kB | 11 kB
Progress (5): 430/560 kB | 60/590 kB | 25 kB | 7.2 kB | 11 kB   
                                                             
Downloaded from central: https://repo.maven.apache.org/maven2/org/apache/maven/shared/maven-mapping/3.0.0/maven-mapping-3.0.0.jar (11 kB at 27 kB/s)
Progress (4): 430/560 kB | 63/590 kB | 25 kB | 7.2 kB
Progress (4): 430/560 kB | 66/590 kB | 25 kB | 7.2 kB
                                                     
Downloaded from central: https://repo.maven.apache.org/maven2/xmlpull/xmlpull/1.1.3.1/xmlpull-1.1.3.1.jar (7.2 kB at 18 kB/s)
Progress (3): 430/560 kB | 69/590 kB | 25 kB
Progress (3): 430/560 kB | 71/590 kB | 25 kB
Progress (3): 430/560 kB | 74/590 kB | 25 kB
Progress (3): 430/560 kB | 77/590 kB | 25 kB
Progress (3): 434/560 kB | 77/590 kB | 25 kB
Progress (3): 438/560 kB | 77/590 kB | 25 kB
Progress (3): 442/560 kB | 77/590 kB | 25 kB
Progress (3): 446/560 kB | 77/590 kB | 25 kB
Progress (3): 451/560 kB | 77/590 kB | 25 kB
                                            
Downloaded from central: https://repo.maven.apache.org/maven2/xpp3/xpp3_min/1.1.4c/xpp3_min-1.1.4c.jar (25 kB at 62 kB/s)
Progress (2): 455/560 kB | 77/590 kB
Progress (2): 459/560 kB | 77/590 kB
Progress (2): 463/560 kB | 77/590 kB
Progress (2): 467/560 kB | 77/590 kB
Progress (2): 467/560 kB | 80/590 kB
Progress (2): 467/560 kB | 82/590 kB
Progress (2): 467/560 kB | 85/590 kB
Progress (2): 467/560 kB | 88/590 kB
Progress (2): 467/560 kB | 90/590 kB
Progress (2): 467/560 kB | 93/590 kB
Progress (2): 467/560 kB | 96/590 kB
Progress (2): 471/560 kB | 96/590 kB
Progress (2): 475/560 kB | 96/590 kB
Progress (2): 479/560 kB | 96/590 kB
Progress (2): 483/560 kB | 96/590 kB
Progress (2): 487/560 kB | 96/590 kB
Progress (2): 492/560 kB | 96/590 kB
Progress (2): 496/560 kB | 96/590 kB
Progress (2): 500/560 kB | 96/590 kB
Progress (2): 500/560 kB | 99/590 kB
Progress (2): 500/560 kB | 101/590 kB
Progress (2): 500/560 kB | 104/590 kB
Progress (2): 500/560 kB | 107/590 kB
Progress (2): 500/560 kB | 110/590 kB
Progress (2): 500/560 kB | 112/590 kB
Progress (2): 500/560 kB | 115/590 kB
Progress (2): 500/560 kB | 118/590 kB
Progress (2): 504/560 kB | 118/590 kB
Progress (2): 508/560 kB | 118/590 kB
Progress (2): 512/560 kB | 118/590 kB
Progress (2): 516/560 kB | 118/590 kB
Progress (2): 520/560 kB | 118/590 kB
Progress (2): 524/560 kB | 118/590 kB
Progress (2): 528/560 kB | 118/590 kB
Progress (2): 532/560 kB | 118/590 kB
Progress (2): 537/560 kB | 118/590 kB
Progress (2): 537/560 kB | 121/590 kB
Progress (2): 537/560 kB | 123/590 kB
Progress (2): 537/560 kB | 126/590 kB
Progress (2): 537/560 kB | 129/590 kB
Progress (2): 537/560 kB | 132/590 kB
Progress (2): 537/560 kB | 134/590 kB
Progress (2): 537/560 kB | 137/590 kB
Progress (2): 541/560 kB | 137/590 kB
Progress (2): 545/560 kB | 137/590 kB
Progress (2): 549/560 kB | 137/590 kB
Progress (2): 553/560 kB | 137/590 kB
Progress (2): 557/560 kB | 137/590 kB
Progress (2): 560 kB | 137/590 kB    
Progress (2): 560 kB | 140/590 kB
Progress (2): 560 kB | 143/590 kB
Progress (2): 560 kB | 145/590 kB
Progress (2): 560 kB | 148/590 kB
Progress (2): 560 kB | 151/590 kB
Progress (2): 560 kB | 154/590 kB
Progress (2): 560 kB | 156/590 kB
                                 
Downloaded from central: https://repo.maven.apache.org/maven2/org/apache/commons/commons-compress/1.16.1/commons-compress-1.16.1.jar (560 kB at 1.2 MB/s)
Progress (1): 159/590 kB
Progress (1): 162/590 kB
Progress (1): 165/590 kB
Progress (1): 167/590 kB
Progress (1): 170/590 kB
Progress (1): 173/590 kB
Progress (1): 175/590 kB
Progress (1): 178/590 kB
Progress (1): 181/590 kB
Progress (1): 184/590 kB
Progress (1): 186/590 kB
Progress (1): 189/590 kB
Progress (1): 192/590 kB
Progress (1): 195/590 kB
Progress (1): 197/590 kB
Progress (1): 200/590 kB
Progress (1): 203/590 kB
Progress (1): 206/590 kB
Progress (1): 208/590 kB
Progress (1): 211/590 kB
Progress (1): 214/590 kB
Progress (1): 217/590 kB
Progress (1): 219/590 kB
Progress (1): 223/590 kB
Progress (1): 227/590 kB
Progress (1): 231/590 kB
Progress (1): 235/590 kB
Progress (1): 239/590 kB
Progress (1): 243/590 kB
Progress (1): 247/590 kB
Progress (1): 251/590 kB
Progress (1): 256/590 kB
Progress (1): 260/590 kB
Progress (1): 264/590 kB
Progress (1): 268/590 kB
Progress (1): 272/590 kB
Progress (1): 276/590 kB
Progress (1): 280/590 kB
Progress (1): 284/590 kB
Progress (1): 288/590 kB
Progress (1): 292/590 kB
Progress (1): 297/590 kB
Progress (1): 301/590 kB
Progress (1): 305/590 kB
Progress (1): 309/590 kB
Progress (1): 313/590 kB
Progress (1): 317/590 kB
Progress (1): 321/590 kB
Progress (1): 325/590 kB
Progress (1): 329/590 kB
Progress (1): 333/590 kB
Progress (1): 338/590 kB
Progress (1): 342/590 kB
Progress (1): 346/590 kB
Progress (1): 350/590 kB
Progress (1): 354/590 kB
Progress (1): 358/590 kB
Progress (1): 362/590 kB
Progress (1): 366/590 kB
Progress (1): 370/590 kB
Progress (1): 374/590 kB
Progress (1): 378/590 kB
Progress (1): 383/590 kB
Progress (1): 387/590 kB
Progress (1): 391/590 kB
Progress (1): 395/590 kB
Progress (1): 399/590 kB
Progress (1): 403/590 kB
Progress (1): 407/590 kB
Progress (1): 411/590 kB
Progress (1): 415/590 kB
Progress (1): 419/590 kB
Progress (1): 424/590 kB
Progress (1): 428/590 kB
Progress (1): 432/590 kB
Progress (1): 436/590 kB
Progress (1): 438/590 kB
Progress (1): 442/590 kB
Progress (1): 446/590 kB
Progress (1): 450/590 kB
Progress (1): 454/590 kB
Progress (1): 458/590 kB
Progress (1): 463/590 kB
Progress (1): 467/590 kB
Progress (1): 471/590 kB
Progress (1): 475/590 kB
Progress (1): 479/590 kB
Progress (1): 483/590 kB
Progress (1): 487/590 kB
Progress (1): 491/590 kB
Progress (1): 495/590 kB
Progress (1): 499/590 kB
Progress (1): 504/590 kB
Progress (1): 508/590 kB
Progress (1): 512/590 kB
Progress (1): 516/590 kB
Progress (1): 520/590 kB
Progress (1): 524/590 kB
Progress (1): 528/590 kB
Progress (1): 532/590 kB
Progress (1): 536/590 kB
Progress (1): 540/590 kB
Progress (1): 544/590 kB
Progress (1): 549/590 kB
Progress (1): 553/590 kB
Progress (1): 557/590 kB
Progress (1): 561/590 kB
Progress (1): 565/590 kB
Progress (1): 569/590 kB
Progress (1): 573/590 kB
Progress (1): 577/590 kB
Progress (1): 581/590 kB
Progress (1): 585/590 kB
Progress (1): 590/590 kB
Progress (1): 590 kB    
                    
Downloaded from central: https://repo.maven.apache.org/maven2/com/thoughtworks/xstream/xstream/1.4.10/xstream-1.4.10.jar (590 kB at 1.1 MB/s)
[INFO] Packaging webapp
[INFO] Assembling webapp [auth-course] in [/var/jenkins_home/workspace/udacity-ecommerce/starter_code/target/auth-course-0.0.1-SNAPSHOT]
[INFO] Processing war project
[INFO] Webapp assembled in [493 msecs]
[INFO] Building war: /var/jenkins_home/workspace/udacity-ecommerce/starter_code/target/auth-course-0.0.1-SNAPSHOT.war
[INFO] 
[INFO] --- spring-boot-maven-plugin:2.1.5.RELEASE:repackage (repackage) @ auth-course ---
Downloading from central: https://repo.maven.apache.org/maven2/org/springframework/boot/spring-boot-loader-tools/2.1.5.RELEASE/spring-boot-loader-tools-2.1.5.RELEASE.pom
Progress (1): 2.7 kB
                    
Downloaded from central: https://repo.maven.apache.org/maven2/org/springframework/boot/spring-boot-loader-tools/2.1.5.RELEASE/spring-boot-loader-tools-2.1.5.RELEASE.pom (2.7 kB at 111 kB/s)
Downloading from central: https://repo.maven.apache.org/maven2/org/apache/commons/commons-compress/1.18/commons-compress-1.18.pom
Progress (1): 4.1/18 kB
Progress (1): 8.2/18 kB
Progress (1): 12/18 kB 
Progress (1): 16/18 kB
Progress (1): 18 kB   
                   
Downloaded from central: https://repo.maven.apache.org/maven2/org/apache/commons/commons-compress/1.18/commons-compress-1.18.pom (18 kB at 1.1 MB/s)
Downloading from central: https://repo.maven.apache.org/maven2/org/apache/commons/commons-parent/47/commons-parent-47.pom
Progress (1): 4.1/78 kB
Progress (1): 8.2/78 kB
Progress (1): 12/78 kB 
Progress (1): 16/78 kB
Progress (1): 20/78 kB
Progress (1): 25/78 kB
Progress (1): 29/78 kB
Progress (1): 33/78 kB
Progress (1): 37/78 kB
Progress (1): 41/78 kB
Progress (1): 45/78 kB
Progress (1): 49/78 kB
Progress (1): 53/78 kB
Progress (1): 57/78 kB
Progress (1): 61/78 kB
Progress (1): 66/78 kB
Progress (1): 70/78 kB
Progress (1): 74/78 kB
Progress (1): 78 kB   
                   
Downloaded from central: https://repo.maven.apache.org/maven2/org/apache/commons/commons-parent/47/commons-parent-47.pom (78 kB at 2.3 MB/s)
Downloading from central: https://repo.maven.apache.org/maven2/org/codehaus/plexus/plexus-component-annotations/1.5.5/plexus-component-annotations-1.5.5.pom
Progress (1): 815 B
                   
Downloaded from central: https://repo.maven.apache.org/maven2/org/codehaus/plexus/plexus-component-annotations/1.5.5/plexus-component-annotations-1.5.5.pom (815 B at 29 kB/s)
Downloading from central: https://repo.maven.apache.org/maven2/org/codehaus/plexus/plexus-containers/1.5.5/plexus-containers-1.5.5.pom
Progress (1): 4.1/4.2 kB
Progress (1): 4.2 kB    
                    
Downloaded from central: https://repo.maven.apache.org/maven2/org/codehaus/plexus/plexus-containers/1.5.5/plexus-containers-1.5.5.pom (4.2 kB at 193 kB/s)
Downloading from central: https://repo.maven.apache.org/maven2/org/codehaus/plexus/plexus-component-annotations/1.5.4/plexus-component-annotations-1.5.4.pom
Progress (1): 815 B
                   
Downloaded from central: https://repo.maven.apache.org/maven2/org/codehaus/plexus/plexus-component-annotations/1.5.4/plexus-component-annotations-1.5.4.pom (815 B at 54 kB/s)
Downloading from central: https://repo.maven.apache.org/maven2/org/codehaus/plexus/plexus-containers/1.5.4/plexus-containers-1.5.4.pom
Progress (1): 4.1/4.2 kB
Progress (1): 4.2 kB    
                    
Downloaded from central: https://repo.maven.apache.org/maven2/org/codehaus/plexus/plexus-containers/1.5.4/plexus-containers-1.5.4.pom (4.2 kB at 353 kB/s)
Downloading from central: https://repo.maven.apache.org/maven2/org/codehaus/plexus/plexus/2.0.5/plexus-2.0.5.pom
Progress (1): 4.1/17 kB
Progress (1): 8.2/17 kB
Progress (1): 12/17 kB 
Progress (1): 16/17 kB
Progress (1): 17 kB   
                   
Downloaded from central: https://repo.maven.apache.org/maven2/org/codehaus/plexus/plexus/2.0.5/plexus-2.0.5.pom (17 kB at 1.6 MB/s)
Downloading from central: https://repo.maven.apache.org/maven2/org/apache/maven/maven-artifact/3.3.9/maven-artifact-3.3.9.pom
Progress (1): 2.1 kB
                    
Downloaded from central: https://repo.maven.apache.org/maven2/org/apache/maven/maven-artifact/3.3.9/maven-artifact-3.3.9.pom (2.1 kB at 164 kB/s)
Downloading from central: https://repo.maven.apache.org/maven2/org/apache/maven/maven/3.3.9/maven-3.3.9.pom
Progress (1): 4.1/24 kB
Progress (1): 8.2/24 kB
Progress (1): 12/24 kB 
Progress (1): 16/24 kB
Progress (1): 20/24 kB
Progress (1): 24 kB   
                   
Downloaded from central: https://repo.maven.apache.org/maven2/org/apache/maven/maven/3.3.9/maven-3.3.9.pom (24 kB at 1.6 MB/s)
Downloading from central: https://repo.maven.apache.org/maven2/org/apache/commons/commons-lang3/3.8.1/commons-lang3-3.8.1.pom
Progress (1): 4.1/28 kB
Progress (1): 8.2/28 kB
Progress (1): 12/28 kB 
Progress (1): 16/28 kB
Progress (1): 20/28 kB
Progress (1): 25/28 kB
Progress (1): 28 kB   
                   
Downloaded from central: https://repo.maven.apache.org/maven2/org/apache/commons/commons-lang3/3.8.1/commons-lang3-3.8.1.pom (28 kB at 754 kB/s)
Downloading from central: https://repo.maven.apache.org/maven2/org/apache/maven/maven-core/3.3.9/maven-core-3.3.9.pom
Progress (1): 4.1/8.3 kB
Progress (1): 8.2/8.3 kB
Progress (1): 8.3 kB    
                    
Downloaded from central: https://repo.maven.apache.org/maven2/org/apache/maven/maven-core/3.3.9/maven-core-3.3.9.pom (8.3 kB at 296 kB/s)
Downloading from central: https://repo.maven.apache.org/maven2/org/apache/maven/maven-model/3.3.9/maven-model-3.3.9.pom
Progress (1): 4.0 kB
                    
Downloaded from central: https://repo.maven.apache.org/maven2/org/apache/maven/maven-model/3.3.9/maven-model-3.3.9.pom (4.0 kB at 288 kB/s)
Downloading from central: https://repo.maven.apache.org/maven2/org/apache/maven/maven-settings/3.3.9/maven-settings-3.3.9.pom
Progress (1): 1.8 kB
                    
Downloaded from central: https://repo.maven.apache.org/maven2/org/apache/maven/maven-settings/3.3.9/maven-settings-3.3.9.pom (1.8 kB at 153 kB/s)
Downloading from central: https://repo.maven.apache.org/maven2/org/apache/maven/maven-settings-builder/3.3.9/maven-settings-builder-3.3.9.pom
Progress (1): 2.6 kB
                    
Downloaded from central: https://repo.maven.apache.org/maven2/org/apache/maven/maven-settings-builder/3.3.9/maven-settings-builder-3.3.9.pom (2.6 kB at 218 kB/s)
Downloading from central: https://repo.maven.apache.org/maven2/org/apache/maven/maven-builder-support/3.3.9/maven-builder-support-3.3.9.pom
Progress (1): 1.7 kB
                    
Downloaded from central: https://repo.maven.apache.org/maven2/org/apache/maven/maven-builder-support/3.3.9/maven-builder-support-3.3.9.pom (1.7 kB at 138 kB/s)
Downloading from central: https://repo.maven.apache.org/maven2/org/codehaus/plexus/plexus-component-annotations/1.6/plexus-component-annotations-1.6.pom
Progress (1): 748 B
                   
Downloaded from central: https://repo.maven.apache.org/maven2/org/codehaus/plexus/plexus-component-annotations/1.6/plexus-component-annotations-1.6.pom (748 B at 62 kB/s)
Downloading from central: https://repo.maven.apache.org/maven2/org/codehaus/plexus/plexus-containers/1.6/plexus-containers-1.6.pom
Progress (1): 3.8 kB
                    
Downloaded from central: https://repo.maven.apache.org/maven2/org/codehaus/plexus/plexus-containers/1.6/plexus-containers-1.6.pom (3.8 kB at 251 kB/s)
Downloading from central: https://repo.maven.apache.org/maven2/org/codehaus/plexus/plexus/3.3.2/plexus-3.3.2.pom
Progress (1): 4.1/22 kB
Progress (1): 8.2/22 kB
Progress (1): 12/22 kB 
Progress (1): 16/22 kB
Progress (1): 20/22 kB
Progress (1): 22 kB   
                   
Downloaded from central: https://repo.maven.apache.org/maven2/org/codehaus/plexus/plexus/3.3.2/plexus-3.3.2.pom (22 kB at 2.0 MB/s)
Downloading from central: https://repo.maven.apache.org/maven2/org/apache/maven/maven-repository-metadata/3.3.9/maven-repository-metadata-3.3.9.pom
Progress (1): 1.9 kB
                    
Downloaded from central: https://repo.maven.apache.org/maven2/org/apache/maven/maven-repository-metadata/3.3.9/maven-repository-metadata-3.3.9.pom (1.9 kB at 79 kB/s)
Downloading from central: https://repo.maven.apache.org/maven2/org/apache/maven/maven-plugin-api/3.3.9/maven-plugin-api-3.3.9.pom
Progress (1): 2.7 kB
                    
Downloaded from central: https://repo.maven.apache.org/maven2/org/apache/maven/maven-plugin-api/3.3.9/maven-plugin-api-3.3.9.pom (2.7 kB at 269 kB/s)
Downloading from central: https://repo.maven.apache.org/maven2/org/eclipse/sisu/org.eclipse.sisu.plexus/0.3.2/org.eclipse.sisu.plexus-0.3.2.pom
Progress (1): 4.1/4.2 kB
Progress (1): 4.2 kB    
                    
Downloaded from central: https://repo.maven.apache.org/maven2/org/eclipse/sisu/org.eclipse.sisu.plexus/0.3.2/org.eclipse.sisu.plexus-0.3.2.pom (4.2 kB at 321 kB/s)
Downloading from central: https://repo.maven.apache.org/maven2/org/eclipse/sisu/sisu-plexus/0.3.2/sisu-plexus-0.3.2.pom
Progress (1): 4.1/14 kB
Progress (1): 8.2/14 kB
Progress (1): 12/14 kB 
Progress (1): 14 kB   
                   
Downloaded from central: https://repo.maven.apache.org/maven2/org/eclipse/sisu/sisu-plexus/0.3.2/sisu-plexus-0.3.2.pom (14 kB at 807 kB/s)
Downloading from central: https://repo.maven.apache.org/maven2/javax/enterprise/cdi-api/1.0/cdi-api-1.0.pom
Progress (1): 1.4 kB
                    
Downloaded from central: https://repo.maven.apache.org/maven2/javax/enterprise/cdi-api/1.0/cdi-api-1.0.pom (1.4 kB at 120 kB/s)
Downloading from central: https://repo.maven.apache.org/maven2/org/jboss/weld/weld-api-parent/1.0/weld-api-parent-1.0.pom
Progress (1): 2.4 kB
                    
Downloaded from central: https://repo.maven.apache.org/maven2/org/jboss/weld/weld-api-parent/1.0/weld-api-parent-1.0.pom (2.4 kB at 236 kB/s)
Downloading from central: https://repo.maven.apache.org/maven2/org/jboss/weld/weld-api-bom/1.0/weld-api-bom-1.0.pom
Progress (1): 4.1/7.9 kB
Progress (1): 7.9 kB    
                    
Downloaded from central: https://repo.maven.apache.org/maven2/org/jboss/weld/weld-api-bom/1.0/weld-api-bom-1.0.pom (7.9 kB at 791 kB/s)
Downloading from central: https://repo.maven.apache.org/maven2/org/jboss/weld/weld-parent/6/weld-parent-6.pom
Progress (1): 4.1/21 kB
Progress (1): 8.2/21 kB
Progress (1): 12/21 kB 
Progress (1): 16/21 kB
Progress (1): 20/21 kB
Progress (1): 21 kB   
                   
Downloaded from central: https://repo.maven.apache.org/maven2/org/jboss/weld/weld-parent/6/weld-parent-6.pom (21 kB at 1.1 MB/s)
Downloading from central: https://repo.maven.apache.org/maven2/javax/annotation/jsr250-api/1.0/jsr250-api-1.0.pom
Progress (1): 1.0 kB
                    
Downloaded from central: https://repo.maven.apache.org/maven2/javax/annotation/jsr250-api/1.0/jsr250-api-1.0.pom (1.0 kB at 73 kB/s)
Downloading from central: https://repo.maven.apache.org/maven2/javax/inject/javax.inject/1/javax.inject-1.pom
Progress (1): 612 B
                   
Downloaded from central: https://repo.maven.apache.org/maven2/javax/inject/javax.inject/1/javax.inject-1.pom (612 B at 44 kB/s)
Downloading from central: https://repo.maven.apache.org/maven2/org/eclipse/sisu/org.eclipse.sisu.inject/0.3.2/org.eclipse.sisu.inject-0.3.2.pom
Progress (1): 2.6 kB
                    
Downloaded from central: https://repo.maven.apache.org/maven2/org/eclipse/sisu/org.eclipse.sisu.inject/0.3.2/org.eclipse.sisu.inject-0.3.2.pom (2.6 kB at 138 kB/s)
Downloading from central: https://repo.maven.apache.org/maven2/org/eclipse/sisu/sisu-inject/0.3.2/sisu-inject-0.3.2.pom
Progress (1): 4.1/14 kB
Progress (1): 8.2/14 kB
Progress (1): 12/14 kB 
Progress (1): 14 kB   
                   
Downloaded from central: https://repo.maven.apache.org/maven2/org/eclipse/sisu/sisu-inject/0.3.2/sisu-inject-0.3.2.pom (14 kB at 576 kB/s)
Downloading from central: https://repo.maven.apache.org/maven2/org/codehaus/plexus/plexus-classworlds/2.5.2/plexus-classworlds-2.5.2.pom
Progress (1): 4.1/7.3 kB
Progress (1): 7.3 kB    
                    
Downloaded from central: https://repo.maven.apache.org/maven2/org/codehaus/plexus/plexus-classworlds/2.5.2/plexus-classworlds-2.5.2.pom (7.3 kB at 812 kB/s)
Downloading from central: https://repo.maven.apache.org/maven2/org/codehaus/plexus/plexus-utils/3.0.17/plexus-utils-3.0.17.pom
Progress (1): 3.4 kB
                    
Downloaded from central: https://repo.maven.apache.org/maven2/org/codehaus/plexus/plexus-utils/3.0.17/plexus-utils-3.0.17.pom (3.4 kB at 283 kB/s)
Downloading from central: https://repo.maven.apache.org/maven2/org/apache/maven/maven-model-builder/3.3.9/maven-model-builder-3.3.9.pom
Progress (1): 3.1 kB
                    
Downloaded from central: https://repo.maven.apache.org/maven2/org/apache/maven/maven-model-builder/3.3.9/maven-model-builder-3.3.9.pom (3.1 kB at 285 kB/s)
Downloading from central: https://repo.maven.apache.org/maven2/com/google/guava/guava/18.0/guava-18.0.pom
Progress (1): 4.1/5.7 kB
Progress (1): 5.7 kB    
                    
Downloaded from central: https://repo.maven.apache.org/maven2/com/google/guava/guava/18.0/guava-18.0.pom (5.7 kB at 630 kB/s)
Downloading from central: https://repo.maven.apache.org/maven2/com/google/guava/guava-parent/18.0/guava-parent-18.0.pom
Progress (1): 4.1/7.7 kB
Progress (1): 7.7 kB    
                    
Downloaded from central: https://repo.maven.apache.org/maven2/com/google/guava/guava-parent/18.0/guava-parent-18.0.pom (7.7 kB at 1.1 MB/s)
Downloading from central: https://repo.maven.apache.org/maven2/org/apache/maven/maven-aether-provider/3.3.9/maven-aether-provider-3.3.9.pom
Progress (1): 4.0 kB
                    
Downloaded from central: https://repo.maven.apache.org/maven2/org/apache/maven/maven-aether-provider/3.3.9/maven-aether-provider-3.3.9.pom (4.0 kB at 336 kB/s)
Downloading from central: https://repo.maven.apache.org/maven2/org/eclipse/aether/aether-api/1.0.2.v20150114/aether-api-1.0.2.v20150114.pom
Progress (1): 1.8 kB
                    
Downloaded from central: https://repo.maven.apache.org/maven2/org/eclipse/aether/aether-api/1.0.2.v20150114/aether-api-1.0.2.v20150114.pom (1.8 kB at 131 kB/s)
Downloading from central: https://repo.maven.apache.org/maven2/org/eclipse/aether/aether/1.0.2.v20150114/aether-1.0.2.v20150114.pom
Progress (1): 4.1/29 kB
Progress (1): 8.2/29 kB
Progress (1): 12/29 kB 
Progress (1): 16/29 kB
Progress (1): 20/29 kB
Progress (1): 25/29 kB
Progress (1): 29/29 kB
Progress (1): 29 kB   
                   
Downloaded from central: https://repo.maven.apache.org/maven2/org/eclipse/aether/aether/1.0.2.v20150114/aether-1.0.2.v20150114.pom (29 kB at 2.7 MB/s)
Downloading from central: https://repo.maven.apache.org/maven2/org/eclipse/aether/aether-spi/1.0.2.v20150114/aether-spi-1.0.2.v20150114.pom
Progress (1): 2.0 kB
                    
Downloaded from central: https://repo.maven.apache.org/maven2/org/eclipse/aether/aether-spi/1.0.2.v20150114/aether-spi-1.0.2.v20150114.pom (2.0 kB at 153 kB/s)
Downloading from central: https://repo.maven.apache.org/maven2/org/eclipse/aether/aether-util/1.0.2.v20150114/aether-util-1.0.2.v20150114.pom
Progress (1): 2.1 kB
                    
Downloaded from central: https://repo.maven.apache.org/maven2/org/eclipse/aether/aether-util/1.0.2.v20150114/aether-util-1.0.2.v20150114.pom (2.1 kB at 177 kB/s)
Downloading from central: https://repo.maven.apache.org/maven2/org/eclipse/aether/aether-impl/1.0.2.v20150114/aether-impl-1.0.2.v20150114.pom
Progress (1): 3.4 kB
                    
Downloaded from central: https://repo.maven.apache.org/maven2/org/eclipse/aether/aether-impl/1.0.2.v20150114/aether-impl-1.0.2.v20150114.pom (3.4 kB at 198 kB/s)
Downloading from central: https://repo.maven.apache.org/maven2/com/google/inject/guice/4.0/guice-4.0.pom
Progress (1): 4.1/11 kB
Progress (1): 8.2/11 kB
Progress (1): 11 kB    
                   
Downloaded from central: https://repo.maven.apache.org/maven2/com/google/inject/guice/4.0/guice-4.0.pom (11 kB at 886 kB/s)
Downloading from central: https://repo.maven.apache.org/maven2/com/google/inject/guice-parent/4.0/guice-parent-4.0.pom
Progress (1): 4.1/15 kB
Progress (1): 8.2/15 kB
Progress (1): 12/15 kB 
Progress (1): 15 kB   
                   
Downloaded from central: https://repo.maven.apache.org/maven2/com/google/inject/guice-parent/4.0/guice-parent-4.0.pom (15 kB at 968 kB/s)
Downloading from central: https://repo.maven.apache.org/maven2/com/google/google/5/google-5.pom
Progress (1): 2.5 kB
                    
Downloaded from central: https://repo.maven.apache.org/maven2/com/google/google/5/google-5.pom (2.5 kB at 307 kB/s)
Downloading from central: https://repo.maven.apache.org/maven2/aopalliance/aopalliance/1.0/aopalliance-1.0.pom
Progress (1): 363 B
                   
Downloaded from central: https://repo.maven.apache.org/maven2/aopalliance/aopalliance/1.0/aopalliance-1.0.pom (363 B at 23 kB/s)
Downloading from central: https://repo.maven.apache.org/maven2/com/google/guava/guava/16.0.1/guava-16.0.1.pom
Progress (1): 4.1/6.1 kB
Progress (1): 6.1 kB    
                    
Downloaded from central: https://repo.maven.apache.org/maven2/com/google/guava/guava/16.0.1/guava-16.0.1.pom (6.1 kB at 469 kB/s)
Downloading from central: https://repo.maven.apache.org/maven2/com/google/guava/guava-parent/16.0.1/guava-parent-16.0.1.pom
Progress (1): 4.1/7.3 kB
Progress (1): 7.3 kB    
                    
Downloaded from central: https://repo.maven.apache.org/maven2/com/google/guava/guava-parent/16.0.1/guava-parent-16.0.1.pom (7.3 kB at 1.0 MB/s)
Downloading from central: https://repo.maven.apache.org/maven2/org/apache/maven/shared/maven-common-artifact-filters/3.0.1/maven-common-artifact-filters-3.0.1.pom
Progress (1): 4.1/4.8 kB
Progress (1): 4.8 kB    
                    
Downloaded from central: https://repo.maven.apache.org/maven2/org/apache/maven/shared/maven-common-artifact-filters/3.0.1/maven-common-artifact-filters-3.0.1.pom (4.8 kB at 440 kB/s)
Downloading from central: https://repo.maven.apache.org/maven2/org/apache/maven/shared/maven-shared-utils/3.1.0/maven-shared-utils-3.1.0.pom
Progress (1): 4.1/5.0 kB
Progress (1): 5.0 kB    
                    
Downloaded from central: https://repo.maven.apache.org/maven2/org/apache/maven/shared/maven-shared-utils/3.1.0/maven-shared-utils-3.1.0.pom (5.0 kB at 383 kB/s)
Downloading from central: https://repo.maven.apache.org/maven2/org/apache/maven/plugins/maven-shade-plugin/3.2.1/maven-shade-plugin-3.2.1.pom
Progress (1): 4.1/9.3 kB
Progress (1): 8.2/9.3 kB
Progress (1): 9.3 kB    
                    
Downloaded from central: https://repo.maven.apache.org/maven2/org/apache/maven/plugins/maven-shade-plugin/3.2.1/maven-shade-plugin-3.2.1.pom (9.3 kB at 848 kB/s)
Downloading from central: https://repo.maven.apache.org/maven2/org/apache/maven/shared/maven-artifact-transfer/0.10.0/maven-artifact-transfer-0.10.0.pom
Progress (1): 4.1/12 kB
Progress (1): 8.2/12 kB
Progress (1): 12 kB    
                   
Downloaded from central: https://repo.maven.apache.org/maven2/org/apache/maven/shared/maven-artifact-transfer/0.10.0/maven-artifact-transfer-0.10.0.pom (12 kB at 826 kB/s)
Downloading from central: https://repo.maven.apache.org/maven2/org/apache/maven/shared/maven-shared-components/31/maven-shared-components-31.pom
Progress (1): 4.1/5.1 kB
Progress (1): 5.1 kB    
                    
Downloaded from central: https://repo.maven.apache.org/maven2/org/apache/maven/shared/maven-shared-components/31/maven-shared-components-31.pom (5.1 kB at 639 kB/s)
Downloading from central: https://repo.maven.apache.org/maven2/org/ow2/asm/asm/7.0/asm-7.0.pom
Progress (1): 2.9 kB
                    
Downloaded from central: https://repo.maven.apache.org/maven2/org/ow2/asm/asm/7.0/asm-7.0.pom (2.9 kB at 419 kB/s)
Downloading from central: https://repo.maven.apache.org/maven2/org/ow2/asm/asm-commons/7.0/asm-commons-7.0.pom
Progress (1): 3.7 kB
                    
Downloaded from central: https://repo.maven.apache.org/maven2/org/ow2/asm/asm-commons/7.0/asm-commons-7.0.pom (3.7 kB at 610 kB/s)
Downloading from central: https://repo.maven.apache.org/maven2/org/ow2/asm/asm-tree/7.0/asm-tree-7.0.pom
Progress (1): 3.1 kB
                    
Downloaded from central: https://repo.maven.apache.org/maven2/org/ow2/asm/asm-tree/7.0/asm-tree-7.0.pom (3.1 kB at 347 kB/s)
Downloading from central: https://repo.maven.apache.org/maven2/org/ow2/asm/asm-analysis/7.0/asm-analysis-7.0.pom
Progress (1): 3.2 kB
                    
Downloaded from central: https://repo.maven.apache.org/maven2/org/ow2/asm/asm-analysis/7.0/asm-analysis-7.0.pom (3.2 kB at 450 kB/s)
Downloading from central: https://repo.maven.apache.org/maven2/org/jdom/jdom2/2.0.6/jdom2-2.0.6.pom
Progress (1): 4.1/4.6 kB
Progress (1): 4.6 kB    
                    
Downloaded from central: https://repo.maven.apache.org/maven2/org/jdom/jdom2/2.0.6/jdom2-2.0.6.pom (4.6 kB at 657 kB/s)
Downloading from central: https://repo.maven.apache.org/maven2/org/apache/maven/shared/maven-dependency-tree/3.0.1/maven-dependency-tree-3.0.1.pom
Progress (1): 4.1/7.5 kB
Progress (1): 7.5 kB    
                    
Downloaded from central: https://repo.maven.apache.org/maven2/org/apache/maven/shared/maven-dependency-tree/3.0.1/maven-dependency-tree-3.0.1.pom (7.5 kB at 536 kB/s)
Downloading from central: https://repo.maven.apache.org/maven2/org/eclipse/aether/aether-util/0.9.0.M2/aether-util-0.9.0.M2.pom
Progress (1): 2.0 kB
                    
Downloaded from central: https://repo.maven.apache.org/maven2/org/eclipse/aether/aether-util/0.9.0.M2/aether-util-0.9.0.M2.pom (2.0 kB at 204 kB/s)
Downloading from central: https://repo.maven.apache.org/maven2/org/eclipse/aether/aether/0.9.0.M2/aether-0.9.0.M2.pom
Progress (1): 4.1/28 kB
Progress (1): 8.2/28 kB
Progress (1): 12/28 kB 
Progress (1): 16/28 kB
Progress (1): 20/28 kB
Progress (1): 25/28 kB
Progress (1): 28 kB   
                   
Downloaded from central: https://repo.maven.apache.org/maven2/org/eclipse/aether/aether/0.9.0.M2/aether-0.9.0.M2.pom (28 kB at 2.8 MB/s)
Downloading from central: https://repo.maven.apache.org/maven2/org/vafer/jdependency/2.1.1/jdependency-2.1.1.pom
Progress (1): 4.1/11 kB
Progress (1): 8.2/11 kB
Progress (1): 11 kB    
                   
Downloaded from central: https://repo.maven.apache.org/maven2/org/vafer/jdependency/2.1.1/jdependency-2.1.1.pom (11 kB at 1.1 MB/s)
Downloading from central: https://repo.maven.apache.org/maven2/org/ow2/asm/asm/7.0-beta/asm-7.0-beta.pom
Progress (1): 2.9 kB
                    
Downloaded from central: https://repo.maven.apache.org/maven2/org/ow2/asm/asm/7.0-beta/asm-7.0-beta.pom (2.9 kB at 491 kB/s)
Downloading from central: https://repo.maven.apache.org/maven2/org/ow2/asm/asm-analysis/7.0-beta/asm-analysis-7.0-beta.pom
Progress (1): 3.2 kB
                    
Downloaded from central: https://repo.maven.apache.org/maven2/org/ow2/asm/asm-analysis/7.0-beta/asm-analysis-7.0-beta.pom (3.2 kB at 452 kB/s)
Downloading from central: https://repo.maven.apache.org/maven2/org/ow2/asm/asm-tree/7.0-beta/asm-tree-7.0-beta.pom
Progress (1): 3.1 kB
                    
Downloaded from central: https://repo.maven.apache.org/maven2/org/ow2/asm/asm-tree/7.0-beta/asm-tree-7.0-beta.pom (3.1 kB at 392 kB/s)
Downloading from central: https://repo.maven.apache.org/maven2/org/ow2/asm/asm-commons/7.0-beta/asm-commons-7.0-beta.pom
Progress (1): 3.7 kB
                    
Downloaded from central: https://repo.maven.apache.org/maven2/org/ow2/asm/asm-commons/7.0-beta/asm-commons-7.0-beta.pom (3.7 kB at 527 kB/s)
Downloading from central: https://repo.maven.apache.org/maven2/org/ow2/asm/asm-util/7.0-beta/asm-util-7.0-beta.pom
Progress (1): 3.7 kB
                    
Downloaded from central: https://repo.maven.apache.org/maven2/org/ow2/asm/asm-util/7.0-beta/asm-util-7.0-beta.pom (3.7 kB at 612 kB/s)
Downloading from central: https://repo.maven.apache.org/maven2/com/google/guava/guava/19.0/guava-19.0.pom
Progress (1): 4.1/6.8 kB
Progress (1): 6.8 kB    
                    
Downloaded from central: https://repo.maven.apache.org/maven2/com/google/guava/guava/19.0/guava-19.0.pom (6.8 kB at 970 kB/s)
Downloading from central: https://repo.maven.apache.org/maven2/com/google/guava/guava-parent/19.0/guava-parent-19.0.pom
Progress (1): 4.1/9.9 kB
Progress (1): 8.2/9.9 kB
Progress (1): 9.9 kB    
                    
Downloaded from central: https://repo.maven.apache.org/maven2/com/google/guava/guava-parent/19.0/guava-parent-19.0.pom (9.9 kB at 988 kB/s)
Downloading from central: https://repo.maven.apache.org/maven2/org/springframework/boot/spring-boot-loader-tools/2.1.5.RELEASE/spring-boot-loader-tools-2.1.5.RELEASE.jar
Downloading from central: https://repo.maven.apache.org/maven2/org/codehaus/plexus/plexus-interpolation/1.22/plexus-interpolation-1.22.jar
Progress (1): 4.1/149 kB
Progress (1): 8.2/149 kB
Progress (1): 12/149 kB 
Progress (1): 16/149 kB
Progress (1): 20/149 kB
Progress (1): 25/149 kB
Progress (1): 29/149 kB
Progress (1): 33/149 kB
Progress (1): 37/149 kB
Progress (1): 41/149 kB
Progress (1): 45/149 kB
Progress (1): 49/149 kB
                       
Downloading from central: https://repo.maven.apache.org/maven2/org/apache/maven/maven-artifact/3.3.9/maven-artifact-3.3.9.jar
Progress (1): 53/149 kB
Progress (1): 57/149 kB
Progress (1): 61/149 kB
Progress (1): 66/149 kB
Progress (1): 70/149 kB
Progress (1): 74/149 kB
Progress (1): 78/149 kB
Progress (1): 82/149 kB
Progress (1): 86/149 kB
                       
Downloading from central: https://repo.maven.apache.org/maven2/org/apache/commons/commons-lang3/3.8.1/commons-lang3-3.8.1.jar
Downloading from central: https://repo.maven.apache.org/maven2/org/apache/commons/commons-compress/1.18/commons-compress-1.18.jar
Progress (2): 86/149 kB | 4.1/77 kB
Progress (2): 86/149 kB | 8.2/77 kB
Progress (2): 86/149 kB | 12/77 kB 
Progress (2): 86/149 kB | 16/77 kB
Progress (3): 86/149 kB | 16/77 kB | 2.7/55 kB
Progress (3): 86/149 kB | 16/77 kB | 5.5/55 kB
Progress (3): 86/149 kB | 16/77 kB | 8.2/55 kB
Progress (3): 86/149 kB | 16/77 kB | 11/55 kB 
Progress (3): 86/149 kB | 20/77 kB | 11/55 kB
Progress (4): 86/149 kB | 20/77 kB | 11/55 kB | 2.7/592 kB
Progress (4): 86/149 kB | 20/77 kB | 11/55 kB | 5.5/592 kB
Progress (4): 86/149 kB | 20/77 kB | 11/55 kB | 8.2/592 kB
Progress (4): 86/149 kB | 20/77 kB | 11/55 kB | 11/592 kB 
Progress (4): 86/149 kB | 20/77 kB | 11/55 kB | 14/592 kB
Progress (4): 86/149 kB | 20/77 kB | 11/55 kB | 16/592 kB
Progress (4): 86/149 kB | 20/77 kB | 11/55 kB | 19/592 kB
Progress (4): 86/149 kB | 25/77 kB | 11/55 kB | 19/592 kB
Progress (4): 86/149 kB | 29/77 kB | 11/55 kB | 19/592 kB
Progress (4): 86/149 kB | 33/77 kB | 11/55 kB | 19/592 kB
Progress (4): 86/149 kB | 37/77 kB | 11/55 kB | 19/592 kB
Progress (4): 86/149 kB | 41/77 kB | 11/55 kB | 19/592 kB
Progress (4): 86/149 kB | 45/77 kB | 11/55 kB | 19/592 kB
Progress (4): 86/149 kB | 49/77 kB | 11/55 kB | 19/592 kB
Progress (4): 90/149 kB | 49/77 kB | 11/55 kB | 19/592 kB
Progress (4): 94/149 kB | 49/77 kB | 11/55 kB | 19/592 kB
Progress (4): 98/149 kB | 49/77 kB | 11/55 kB | 19/592 kB
Progress (4): 102/149 kB | 49/77 kB | 11/55 kB | 19/592 kB
Progress (4): 106/149 kB | 49/77 kB | 11/55 kB | 19/592 kB
Progress (4): 111/149 kB | 49/77 kB | 11/55 kB | 19/592 kB
Progress (4): 115/149 kB | 49/77 kB | 11/55 kB | 19/592 kB
Progress (4): 115/149 kB | 49/77 kB | 14/55 kB | 19/592 kB
Progress (4): 115/149 kB | 49/77 kB | 14/55 kB | 22/592 kB
Progress (4): 115/149 kB | 49/77 kB | 14/55 kB | 25/592 kB
Progress (4): 115/149 kB | 49/77 kB | 14/55 kB | 27/592 kB
Progress (4): 115/149 kB | 49/77 kB | 14/55 kB | 30/592 kB
Progress (4): 115/149 kB | 49/77 kB | 14/55 kB | 33/592 kB
Progress (4): 115/149 kB | 49/77 kB | 14/55 kB | 36/592 kB
Progress (4): 115/149 kB | 49/77 kB | 14/55 kB | 38/592 kB
Progress (4): 115/149 kB | 49/77 kB | 14/55 kB | 41/592 kB
Progress (4): 115/149 kB | 49/77 kB | 14/55 kB | 44/592 kB
Progress (4): 115/149 kB | 49/77 kB | 14/55 kB | 47/592 kB
Progress (5): 115/149 kB | 49/77 kB | 14/55 kB | 47/592 kB | 2.7/502 kB
Progress (5): 119/149 kB | 49/77 kB | 14/55 kB | 47/592 kB | 2.7/502 kB
Progress (5): 123/149 kB | 49/77 kB | 14/55 kB | 47/592 kB | 2.7/502 kB
Progress (5): 127/149 kB | 49/77 kB | 14/55 kB | 47/592 kB | 2.7/502 kB
Progress (5): 127/149 kB | 53/77 kB | 14/55 kB | 47/592 kB | 2.7/502 kB
Progress (5): 127/149 kB | 57/77 kB | 14/55 kB | 47/592 kB | 2.7/502 kB
Progress (5): 127/149 kB | 61/77 kB | 14/55 kB | 47/592 kB | 2.7/502 kB
Progress (5): 127/149 kB | 66/77 kB | 14/55 kB | 47/592 kB | 2.7/502 kB
Progress (5): 127/149 kB | 70/77 kB | 14/55 kB | 47/592 kB | 2.7/502 kB
Progress (5): 127/149 kB | 74/77 kB | 14/55 kB | 47/592 kB | 2.7/502 kB
Progress (5): 127/149 kB | 77 kB | 14/55 kB | 47/592 kB | 2.7/502 kB   
Progress (5): 127/149 kB | 77 kB | 16/55 kB | 47/592 kB | 2.7/502 kB
Progress (5): 127/149 kB | 77 kB | 19/55 kB | 47/592 kB | 2.7/502 kB
Progress (5): 127/149 kB | 77 kB | 22/55 kB | 47/592 kB | 2.7/502 kB
Progress (5): 127/149 kB | 77 kB | 25/55 kB | 47/592 kB | 2.7/502 kB
Progress (5): 127/149 kB | 77 kB | 27/55 kB | 47/592 kB | 2.7/502 kB
Progress (5): 127/149 kB | 77 kB | 30/55 kB | 47/592 kB | 2.7/502 kB
Progress (5): 127/149 kB | 77 kB | 33/55 kB | 47/592 kB | 2.7/502 kB
Progress (5): 127/149 kB | 77 kB | 36/55 kB | 47/592 kB | 2.7/502 kB
Progress (5): 127/149 kB | 77 kB | 38/55 kB | 47/592 kB | 2.7/502 kB
Progress (5): 127/149 kB | 77 kB | 41/55 kB | 47/592 kB | 2.7/502 kB
Progress (5): 127/149 kB | 77 kB | 44/55 kB | 47/592 kB | 2.7/502 kB
Progress (5): 127/149 kB | 77 kB | 47/55 kB | 47/592 kB | 2.7/502 kB
Progress (5): 127/149 kB | 77 kB | 49/55 kB | 47/592 kB | 2.7/502 kB
Progress (5): 127/149 kB | 77 kB | 52/55 kB | 47/592 kB | 2.7/502 kB
Progress (5): 127/149 kB | 77 kB | 55/55 kB | 47/592 kB | 2.7/502 kB
Progress (5): 127/149 kB | 77 kB | 55/55 kB | 49/592 kB | 2.7/502 kB
Progress (5): 127/149 kB | 77 kB | 55/55 kB | 49/592 kB | 5.5/502 kB
Progress (5): 127/149 kB | 77 kB | 55/55 kB | 49/592 kB | 8.2/502 kB
Progress (5): 127/149 kB | 77 kB | 55/55 kB | 49/592 kB | 11/502 kB 
Progress (5): 127/149 kB | 77 kB | 55/55 kB | 49/592 kB | 14/502 kB
Progress (5): 127/149 kB | 77 kB | 55/55 kB | 49/592 kB | 16/502 kB
Progress (5): 127/149 kB | 77 kB | 55/55 kB | 49/592 kB | 19/502 kB
Progress (5): 127/149 kB | 77 kB | 55/55 kB | 49/592 kB | 22/502 kB
Progress (5): 127/149 kB | 77 kB | 55/55 kB | 49/592 kB | 25/502 kB
Progress (5): 127/149 kB | 77 kB | 55/55 kB | 49/592 kB | 27/502 kB
Progress (5): 127/149 kB | 77 kB | 55/55 kB | 49/592 kB | 30/502 kB
Progress (5): 127/149 kB | 77 kB | 55/55 kB | 49/592 kB | 33/502 kB
Progress (5): 127/149 kB | 77 kB | 55/55 kB | 49/592 kB | 36/502 kB
Progress (5): 127/149 kB | 77 kB | 55/55 kB | 49/592 kB | 38/502 kB
Progress (5): 127/149 kB | 77 kB | 55/55 kB | 49/592 kB | 41/502 kB
Progress (5): 127/149 kB | 77 kB | 55/55 kB | 49/592 kB | 44/502 kB
Progress (5): 127/149 kB | 77 kB | 55/55 kB | 49/592 kB | 47/502 kB
Progress (5): 127/149 kB | 77 kB | 55/55 kB | 49/592 kB | 49/502 kB
Progress (5): 127/149 kB | 77 kB | 55/55 kB | 49/592 kB | 52/502 kB
Progress (5): 127/149 kB | 77 kB | 55/55 kB | 49/592 kB | 55/502 kB
Progress (5): 127/149 kB | 77 kB | 55/55 kB | 52/592 kB | 55/502 kB
Progress (5): 127/149 kB | 77 kB | 55/55 kB | 55/592 kB | 55/502 kB
Progress (5): 127/149 kB | 77 kB | 55/55 kB | 58/592 kB | 55/502 kB
Progress (5): 127/149 kB | 77 kB | 55/55 kB | 60/592 kB | 55/502 kB
Progress (5): 131/149 kB | 77 kB | 55/55 kB | 60/592 kB | 55/502 kB
Progress (5): 135/149 kB | 77 kB | 55/55 kB | 60/592 kB | 55/502 kB
Progress (5): 139/149 kB | 77 kB | 55/55 kB | 60/592 kB | 55/502 kB
Progress (5): 143/149 kB | 77 kB | 55/55 kB | 60/592 kB | 55/502 kB
Progress (5): 147/149 kB | 77 kB | 55/55 kB | 60/592 kB | 55/502 kB
Progress (5): 149 kB | 77 kB | 55/55 kB | 60/592 kB | 55/502 kB    
                                                               
Downloaded from central: https://repo.maven.apache.org/maven2/org/codehaus/plexus/plexus-interpolation/1.22/plexus-interpolation-1.22.jar (77 kB at 1.0 MB/s)
Progress (4): 149 kB | 55 kB | 60/592 kB | 55/502 kB
Progress (4): 149 kB | 55 kB | 63/592 kB | 55/502 kB
Progress (4): 149 kB | 55 kB | 66/592 kB | 55/502 kB
Progress (4): 149 kB | 55 kB | 69/592 kB | 55/502 kB
Progress (4): 149 kB | 55 kB | 71/592 kB | 55/502 kB
Progress (4): 149 kB | 55 kB | 74/592 kB | 55/502 kB
Progress (4): 149 kB | 55 kB | 77/592 kB | 55/502 kB
Progress (4): 149 kB | 55 kB | 80/592 kB | 55/502 kB
Progress (4): 149 kB | 55 kB | 82/592 kB | 55/502 kB
Progress (4): 149 kB | 55 kB | 85/592 kB | 55/502 kB
                                                    
Downloading from central: https://repo.maven.apache.org/maven2/org/apache/maven/maven-core/3.3.9/maven-core-3.3.9.jar
Progress (4): 149 kB | 55 kB | 85/592 kB | 58/502 kB
Progress (4): 149 kB | 55 kB | 85/592 kB | 60/502 kB
Progress (4): 149 kB | 55 kB | 85/592 kB | 63/502 kB
Progress (4): 149 kB | 55 kB | 85/592 kB | 66/502 kB
Progress (4): 149 kB | 55 kB | 85/592 kB | 69/502 kB
Progress (4): 149 kB | 55 kB | 85/592 kB | 71/502 kB
Progress (4): 149 kB | 55 kB | 85/592 kB | 74/502 kB
Progress (4): 149 kB | 55 kB | 85/592 kB | 77/502 kB
Progress (4): 149 kB | 55 kB | 85/592 kB | 80/502 kB
Progress (4): 149 kB | 55 kB | 85/592 kB | 82/502 kB
Progress (4): 149 kB | 55 kB | 85/592 kB | 85/502 kB
Progress (4): 149 kB | 55 kB | 85/592 kB | 88/502 kB
Progress (4): 149 kB | 55 kB | 85/592 kB | 90/502 kB
Progress (4): 149 kB | 55 kB | 85/592 kB | 93/502 kB
Progress (4): 149 kB | 55 kB | 85/592 kB | 96/502 kB
                                                    
Downloaded from central: https://repo.maven.apache.org/maven2/org/springframework/boot/spring-boot-loader-tools/2.1.5.RELEASE/spring-boot-loader-tools-2.1.5.RELEASE.jar (149 kB at 1.4 MB/s)
Downloading from central: https://repo.maven.apache.org/maven2/org/apache/maven/maven-settings-builder/3.3.9/maven-settings-builder-3.3.9.jar
Downloaded from central: https://repo.maven.apache.org/maven2/org/apache/maven/maven-artifact/3.3.9/maven-artifact-3.3.9.jar (55 kB at 556 kB/s)
Downloading from central: https://repo.maven.apache.org/maven2/org/apache/maven/maven-builder-support/3.3.9/maven-builder-support-3.3.9.jar
Progress (3): 85/592 kB | 96/502 kB | 4.1/638 kB
Progress (3): 85/592 kB | 96/502 kB | 8.2/638 kB
Progress (3): 85/592 kB | 96/502 kB | 12/638 kB 
Progress (3): 85/592 kB | 96/502 kB | 16/638 kB
Progress (3): 85/592 kB | 96/502 kB | 20/638 kB
Progress (3): 85/592 kB | 96/502 kB | 25/638 kB
Progress (3): 85/592 kB | 96/502 kB | 29/638 kB
Progress (3): 85/592 kB | 96/502 kB | 33/638 kB
Progress (3): 85/592 kB | 96/502 kB | 37/638 kB
Progress (3): 85/592 kB | 96/502 kB | 41/638 kB
Progress (3): 88/592 kB | 96/502 kB | 41/638 kB
Progress (3): 90/592 kB | 96/502 kB | 41/638 kB
Progress (3): 93/592 kB | 96/502 kB | 41/638 kB
Progress (3): 96/592 kB | 96/502 kB | 41/638 kB
Progress (3): 99/592 kB | 96/502 kB | 41/638 kB
Progress (3): 101/592 kB | 96/502 kB | 41/638 kB
Progress (3): 104/592 kB | 96/502 kB | 41/638 kB
Progress (3): 107/592 kB | 96/502 kB | 41/638 kB
Progress (3): 110/592 kB | 96/502 kB | 41/638 kB
Progress (4): 110/592 kB | 96/502 kB | 41/638 kB | 4.1/15 kB
Progress (4): 110/592 kB | 96/502 kB | 41/638 kB | 8.2/15 kB
Progress (4): 110/592 kB | 96/502 kB | 41/638 kB | 12/15 kB 
Progress (4): 110/592 kB | 96/502 kB | 41/638 kB | 15 kB   
Progress (5): 110/592 kB | 96/502 kB | 41/638 kB | 15 kB | 4.1/43 kB
Progress (5): 110/592 kB | 96/502 kB | 41/638 kB | 15 kB | 8.2/43 kB
Progress (5): 110/592 kB | 96/502 kB | 41/638 kB | 15 kB | 12/43 kB 
Progress (5): 110/592 kB | 96/502 kB | 41/638 kB | 15 kB | 16/43 kB
Progress (5): 110/592 kB | 96/502 kB | 41/638 kB | 15 kB | 20/43 kB
Progress (5): 110/592 kB | 96/502 kB | 41/638 kB | 15 kB | 25/43 kB
Progress (5): 110/592 kB | 96/502 kB | 41/638 kB | 15 kB | 29/43 kB
Progress (5): 110/592 kB | 96/502 kB | 41/638 kB | 15 kB | 33/43 kB
Progress (5): 110/592 kB | 96/502 kB | 41/638 kB | 15 kB | 37/43 kB
Progress (5): 110/592 kB | 96/502 kB | 41/638 kB | 15 kB | 41/43 kB
Progress (5): 110/592 kB | 96/502 kB | 41/638 kB | 15 kB | 43 kB   
Progress (5): 112/592 kB | 96/502 kB | 41/638 kB | 15 kB | 43 kB
Progress (5): 115/592 kB | 96/502 kB | 41/638 kB | 15 kB | 43 kB
Progress (5): 118/592 kB | 96/502 kB | 41/638 kB | 15 kB | 43 kB
Progress (5): 121/592 kB | 96/502 kB | 41/638 kB | 15 kB | 43 kB
Progress (5): 123/592 kB | 96/502 kB | 41/638 kB | 15 kB | 43 kB
Progress (5): 123/592 kB | 99/502 kB | 41/638 kB | 15 kB | 43 kB
Progress (5): 123/592 kB | 101/502 kB | 41/638 kB | 15 kB | 43 kB
Progress (5): 123/592 kB | 104/502 kB | 41/638 kB | 15 kB | 43 kB
Progress (5): 123/592 kB | 107/502 kB | 41/638 kB | 15 kB | 43 kB
Progress (5): 123/592 kB | 110/502 kB | 41/638 kB | 15 kB | 43 kB
Progress (5): 123/592 kB | 112/502 kB | 41/638 kB | 15 kB | 43 kB
Progress (5): 123/592 kB | 115/502 kB | 41/638 kB | 15 kB | 43 kB
Progress (5): 123/592 kB | 118/502 kB | 41/638 kB | 15 kB | 43 kB
Progress (5): 123/592 kB | 121/502 kB | 41/638 kB | 15 kB | 43 kB
Progress (5): 123/592 kB | 121/502 kB | 45/638 kB | 15 kB | 43 kB
Progress (5): 123/592 kB | 121/502 kB | 49/638 kB | 15 kB | 43 kB
Progress (5): 123/592 kB | 121/502 kB | 53/638 kB | 15 kB | 43 kB
Progress (5): 123/592 kB | 121/502 kB | 57/638 kB | 15 kB | 43 kB
Progress (5): 123/592 kB | 121/502 kB | 61/638 kB | 15 kB | 43 kB
Progress (5): 123/592 kB | 121/502 kB | 66/638 kB | 15 kB | 43 kB
Progress (5): 123/592 kB | 121/502 kB | 70/638 kB | 15 kB | 43 kB
Progress (5): 123/592 kB | 121/502 kB | 74/638 kB | 15 kB | 43 kB
Progress (5): 123/592 kB | 121/502 kB | 78/638 kB | 15 kB | 43 kB
Progress (5): 123/592 kB | 121/502 kB | 82/638 kB | 15 kB | 43 kB
Progress (5): 123/592 kB | 121/502 kB | 86/638 kB | 15 kB | 43 kB
Progress (5): 123/592 kB | 121/502 kB | 90/638 kB | 15 kB | 43 kB
Progress (5): 123/592 kB | 121/502 kB | 94/638 kB | 15 kB | 43 kB
Progress (5): 123/592 kB | 121/502 kB | 98/638 kB | 15 kB | 43 kB
Progress (5): 123/592 kB | 121/502 kB | 102/638 kB | 15 kB | 43 kB
Progress (5): 123/592 kB | 121/502 kB | 106/638 kB | 15 kB | 43 kB
Progress (5): 123/592 kB | 121/502 kB | 111/638 kB | 15 kB | 43 kB
Progress (5): 123/592 kB | 121/502 kB | 115/638 kB | 15 kB | 43 kB
Progress (5): 126/592 kB | 121/502 kB | 115/638 kB | 15 kB | 43 kB
Progress (5): 129/592 kB | 121/502 kB | 115/638 kB | 15 kB | 43 kB
Progress (5): 132/592 kB | 121/502 kB | 115/638 kB | 15 kB | 43 kB
Progress (5): 134/592 kB | 121/502 kB | 115/638 kB | 15 kB | 43 kB
Progress (5): 137/592 kB | 121/502 kB | 115/638 kB | 15 kB | 43 kB
                                                                  
Downloaded from central: https://repo.maven.apache.org/maven2/org/apache/maven/maven-settings-builder/3.3.9/maven-settings-builder-3.3.9.jar (43 kB at 374 kB/s)
Downloaded from central: https://repo.maven.apache.org/maven2/org/apache/maven/maven-builder-support/3.3.9/maven-builder-support-3.3.9.jar (15 kB at 129 kB/s)
Downloading from central: https://repo.maven.apache.org/maven2/org/apache/maven/maven-repository-metadata/3.3.9/maven-repository-metadata-3.3.9.jar
Downloading from central: https://repo.maven.apache.org/maven2/org/apache/maven/maven-model-builder/3.3.9/maven-model-builder-3.3.9.jar
Progress (3): 137/592 kB | 123/502 kB | 115/638 kB
Progress (3): 137/592 kB | 126/502 kB | 115/638 kB
Progress (3): 137/592 kB | 129/502 kB | 115/638 kB
Progress (3): 137/592 kB | 132/502 kB | 115/638 kB
Progress (3): 137/592 kB | 134/502 kB | 115/638 kB
Progress (3): 137/592 kB | 137/502 kB | 115/638 kB
Progress (3): 140/592 kB | 137/502 kB | 115/638 kB
Progress (3): 143/592 kB | 137/502 kB | 115/638 kB
Progress (4): 143/592 kB | 137/502 kB | 115/638 kB | 4.1/27 kB
Progress (4): 143/592 kB | 137/502 kB | 115/638 kB | 8.2/27 kB
Progress (4): 143/592 kB | 137/502 kB | 115/638 kB | 12/27 kB 
Progress (4): 143/592 kB | 137/502 kB | 115/638 kB | 16/27 kB
Progress (4): 143/592 kB | 137/502 kB | 115/638 kB | 20/27 kB
Progress (4): 143/592 kB | 137/502 kB | 115/638 kB | 25/27 kB
Progress (4): 143/592 kB | 137/502 kB | 115/638 kB | 27 kB   
Progress (5): 143/592 kB | 137/502 kB | 115/638 kB | 27 kB | 4.1/177 kB
Progress (5): 143/592 kB | 137/502 kB | 115/638 kB | 27 kB | 8.2/177 kB
Progress (5): 143/592 kB | 137/502 kB | 115/638 kB | 27 kB | 12/177 kB 
Progress (5): 143/592 kB | 137/502 kB | 115/638 kB | 27 kB | 16/177 kB
Progress (5): 143/592 kB | 137/502 kB | 115/638 kB | 27 kB | 20/177 kB
Progress (5): 143/592 kB | 140/502 kB | 115/638 kB | 27 kB | 20/177 kB
Progress (5): 143/592 kB | 143/502 kB | 115/638 kB | 27 kB | 20/177 kB
Progress (5): 143/592 kB | 145/502 kB | 115/638 kB | 27 kB | 20/177 kB
Progress (5): 143/592 kB | 148/502 kB | 115/638 kB | 27 kB | 20/177 kB
Progress (5): 143/592 kB | 151/502 kB | 115/638 kB | 27 kB | 20/177 kB
Progress (5): 143/592 kB | 154/502 kB | 115/638 kB | 27 kB | 20/177 kB
Progress (5): 143/592 kB | 156/502 kB | 115/638 kB | 27 kB | 20/177 kB
Progress (5): 143/592 kB | 159/502 kB | 115/638 kB | 27 kB | 20/177 kB
Progress (5): 143/592 kB | 162/502 kB | 115/638 kB | 27 kB | 20/177 kB
Progress (5): 143/592 kB | 165/502 kB | 115/638 kB | 27 kB | 20/177 kB
Progress (5): 143/592 kB | 167/502 kB | 115/638 kB | 27 kB | 20/177 kB
Progress (5): 143/592 kB | 170/502 kB | 115/638 kB | 27 kB | 20/177 kB
Progress (5): 143/592 kB | 173/502 kB | 115/638 kB | 27 kB | 20/177 kB
Progress (5): 143/592 kB | 175/502 kB | 115/638 kB | 27 kB | 20/177 kB
Progress (5): 143/592 kB | 175/502 kB | 119/638 kB | 27 kB | 20/177 kB
Progress (5): 143/592 kB | 175/502 kB | 123/638 kB | 27 kB | 20/177 kB
Progress (5): 143/592 kB | 175/502 kB | 127/638 kB | 27 kB | 20/177 kB
Progress (5): 143/592 kB | 175/502 kB | 131/638 kB | 27 kB | 20/177 kB
Progress (5): 143/592 kB | 175/502 kB | 135/638 kB | 27 kB | 20/177 kB
Progress (5): 143/592 kB | 175/502 kB | 139/638 kB | 27 kB | 20/177 kB
Progress (5): 143/592 kB | 175/502 kB | 143/638 kB | 27 kB | 20/177 kB
Progress (5): 143/592 kB | 175/502 kB | 147/638 kB | 27 kB | 20/177 kB
Progress (5): 143/592 kB | 175/502 kB | 152/638 kB | 27 kB | 20/177 kB
Progress (5): 143/592 kB | 175/502 kB | 156/638 kB | 27 kB | 20/177 kB
Progress (5): 143/592 kB | 175/502 kB | 160/638 kB | 27 kB | 20/177 kB
Progress (5): 145/592 kB | 175/502 kB | 160/638 kB | 27 kB | 20/177 kB
Progress (5): 148/592 kB | 175/502 kB | 160/638 kB | 27 kB | 20/177 kB
Progress (5): 151/592 kB | 175/502 kB | 160/638 kB | 27 kB | 20/177 kB
Progress (5): 154/592 kB | 175/502 kB | 160/638 kB | 27 kB | 20/177 kB
Progress (5): 156/592 kB | 175/502 kB | 160/638 kB | 27 kB | 20/177 kB
Progress (5): 159/592 kB | 175/502 kB | 160/638 kB | 27 kB | 20/177 kB
Progress (5): 162/592 kB | 175/502 kB | 160/638 kB | 27 kB | 20/177 kB
Progress (5): 165/592 kB | 175/502 kB | 160/638 kB | 27 kB | 20/177 kB
Progress (5): 167/592 kB | 175/502 kB | 160/638 kB | 27 kB | 20/177 kB
Progress (5): 170/592 kB | 175/502 kB | 160/638 kB | 27 kB | 20/177 kB
Progress (5): 173/592 kB | 175/502 kB | 160/638 kB | 27 kB | 20/177 kB
Progress (5): 175/592 kB | 175/502 kB | 160/638 kB | 27 kB | 20/177 kB
Progress (5): 178/592 kB | 175/502 kB | 160/638 kB | 27 kB | 20/177 kB
Progress (5): 181/592 kB | 175/502 kB | 160/638 kB | 27 kB | 20/177 kB
Progress (5): 184/592 kB | 175/502 kB | 160/638 kB | 27 kB | 20/177 kB
Progress (5): 186/592 kB | 175/502 kB | 160/638 kB | 27 kB | 20/177 kB
Progress (5): 189/592 kB | 175/502 kB | 160/638 kB | 27 kB | 20/177 kB
                                                                      
Downloaded from central: https://repo.maven.apache.org/maven2/org/apache/maven/maven-repository-metadata/3.3.9/maven-repository-metadata-3.3.9.jar (27 kB at 195 kB/s)
Progress (4): 189/592 kB | 175/502 kB | 160/638 kB | 25/177 kB
Progress (4): 189/592 kB | 175/502 kB | 160/638 kB | 29/177 kB
Progress (4): 189/592 kB | 175/502 kB | 160/638 kB | 33/177 kB
Progress (4): 189/592 kB | 175/502 kB | 160/638 kB | 37/177 kB
Progress (4): 189/592 kB | 175/502 kB | 160/638 kB | 41/177 kB
Progress (4): 189/592 kB | 175/502 kB | 160/638 kB | 45/177 kB
Progress (4): 189/592 kB | 175/502 kB | 160/638 kB | 49/177 kB
Progress (4): 189/592 kB | 175/502 kB | 160/638 kB | 53/177 kB
Progress (4): 189/592 kB | 175/502 kB | 160/638 kB | 57/177 kB
Progress (4): 189/592 kB | 175/502 kB | 160/638 kB | 61/177 kB
                                                              
Downloading from central: https://repo.maven.apache.org/maven2/org/apache/maven/maven-aether-provider/3.3.9/maven-aether-provider-3.3.9.jar
Progress (4): 189/592 kB | 178/502 kB | 160/638 kB | 61/177 kB
Progress (4): 189/592 kB | 181/502 kB | 160/638 kB | 61/177 kB
Progress (4): 189/592 kB | 184/502 kB | 160/638 kB | 61/177 kB
Progress (4): 189/592 kB | 184/502 kB | 164/638 kB | 61/177 kB
Progress (4): 189/592 kB | 184/502 kB | 168/638 kB | 61/177 kB
Progress (4): 189/592 kB | 184/502 kB | 172/638 kB | 61/177 kB
Progress (4): 189/592 kB | 184/502 kB | 176/638 kB | 61/177 kB
Progress (4): 189/592 kB | 184/502 kB | 180/638 kB | 61/177 kB
Progress (4): 189/592 kB | 184/502 kB | 184/638 kB | 61/177 kB
Progress (4): 189/592 kB | 184/502 kB | 188/638 kB | 61/177 kB
Progress (4): 189/592 kB | 184/502 kB | 193/638 kB | 61/177 kB
Progress (4): 189/592 kB | 184/502 kB | 197/638 kB | 61/177 kB
Progress (4): 192/592 kB | 184/502 kB | 197/638 kB | 61/177 kB
Progress (5): 192/592 kB | 184/502 kB | 197/638 kB | 61/177 kB | 4.1/67 kB
Progress (5): 192/592 kB | 184/502 kB | 197/638 kB | 61/177 kB | 8.2/67 kB
Progress (5): 192/592 kB | 184/502 kB | 197/638 kB | 61/177 kB | 12/67 kB 
Progress (5): 192/592 kB | 184/502 kB | 197/638 kB | 61/177 kB | 16/67 kB
Progress (5): 192/592 kB | 184/502 kB | 197/638 kB | 61/177 kB | 20/67 kB
Progress (5): 192/592 kB | 184/502 kB | 197/638 kB | 61/177 kB | 25/67 kB
Progress (5): 192/592 kB | 184/502 kB | 197/638 kB | 61/177 kB | 29/67 kB
Progress (5): 192/592 kB | 184/502 kB | 197/638 kB | 61/177 kB | 33/67 kB
Progress (5): 192/592 kB | 184/502 kB | 197/638 kB | 66/177 kB | 33/67 kB
Progress (5): 192/592 kB | 184/502 kB | 197/638 kB | 70/177 kB | 33/67 kB
Progress (5): 192/592 kB | 184/502 kB | 197/638 kB | 74/177 kB | 33/67 kB
Progress (5): 192/592 kB | 184/502 kB | 197/638 kB | 78/177 kB | 33/67 kB
Progress (5): 192/592 kB | 184/502 kB | 197/638 kB | 82/177 kB | 33/67 kB
Progress (5): 192/592 kB | 184/502 kB | 197/638 kB | 86/177 kB | 33/67 kB
Progress (5): 192/592 kB | 184/502 kB | 197/638 kB | 90/177 kB | 33/67 kB
Progress (5): 192/592 kB | 184/502 kB | 197/638 kB | 94/177 kB | 33/67 kB
Progress (5): 192/592 kB | 184/502 kB | 197/638 kB | 98/177 kB | 33/67 kB
Progress (5): 192/592 kB | 184/502 kB | 197/638 kB | 102/177 kB | 33/67 kB
Progress (5): 192/592 kB | 184/502 kB | 201/638 kB | 102/177 kB | 33/67 kB
Progress (5): 192/592 kB | 184/502 kB | 205/638 kB | 102/177 kB | 33/67 kB
Progress (5): 192/592 kB | 184/502 kB | 209/638 kB | 102/177 kB | 33/67 kB
Progress (5): 192/592 kB | 184/502 kB | 213/638 kB | 102/177 kB | 33/67 kB
Progress (5): 192/592 kB | 184/502 kB | 217/638 kB | 102/177 kB | 33/67 kB
Progress (5): 192/592 kB | 184/502 kB | 221/638 kB | 102/177 kB | 33/67 kB
Progress (5): 192/592 kB | 184/502 kB | 225/638 kB | 102/177 kB | 33/67 kB
Progress (5): 192/592 kB | 184/502 kB | 229/638 kB | 102/177 kB | 33/67 kB
Progress (5): 192/592 kB | 184/502 kB | 233/638 kB | 102/177 kB | 33/67 kB
Progress (5): 192/592 kB | 184/502 kB | 238/638 kB | 102/177 kB | 33/67 kB
Progress (5): 192/592 kB | 184/502 kB | 242/638 kB | 102/177 kB | 33/67 kB
Progress (5): 195/592 kB | 184/502 kB | 242/638 kB | 102/177 kB | 33/67 kB
Progress (5): 197/592 kB | 184/502 kB | 242/638 kB | 102/177 kB | 33/67 kB
Progress (5): 200/592 kB | 184/502 kB | 242/638 kB | 102/177 kB | 33/67 kB
Progress (5): 203/592 kB | 184/502 kB | 242/638 kB | 102/177 kB | 33/67 kB
Progress (5): 206/592 kB | 184/502 kB | 242/638 kB | 102/177 kB | 33/67 kB
Progress (5): 208/592 kB | 184/502 kB | 242/638 kB | 102/177 kB | 33/67 kB
Progress (5): 211/592 kB | 184/502 kB | 242/638 kB | 102/177 kB | 33/67 kB
Progress (5): 214/592 kB | 184/502 kB | 242/638 kB | 102/177 kB | 33/67 kB
Progress (5): 217/592 kB | 184/502 kB | 242/638 kB | 102/177 kB | 33/67 kB
Progress (5): 219/592 kB | 184/502 kB | 242/638 kB | 102/177 kB | 33/67 kB
Progress (5): 222/592 kB | 184/502 kB | 242/638 kB | 102/177 kB | 33/67 kB
Progress (5): 225/592 kB | 184/502 kB | 242/638 kB | 102/177 kB | 33/67 kB
Progress (5): 228/592 kB | 184/502 kB | 242/638 kB | 102/177 kB | 33/67 kB
Progress (5): 230/592 kB | 184/502 kB | 242/638 kB | 102/177 kB | 33/67 kB
Progress (5): 233/592 kB | 184/502 kB | 242/638 kB | 102/177 kB | 33/67 kB
Progress (5): 233/592 kB | 186/502 kB | 242/638 kB | 102/177 kB | 33/67 kB
Progress (5): 233/592 kB | 189/502 kB | 242/638 kB | 102/177 kB | 33/67 kB
Progress (5): 233/592 kB | 192/502 kB | 242/638 kB | 102/177 kB | 33/67 kB
Progress (5): 233/592 kB | 195/502 kB | 242/638 kB | 102/177 kB | 33/67 kB
Progress (5): 233/592 kB | 197/502 kB | 242/638 kB | 102/177 kB | 33/67 kB
Progress (5): 233/592 kB | 200/502 kB | 242/638 kB | 102/177 kB | 33/67 kB
Progress (5): 233/592 kB | 203/502 kB | 242/638 kB | 102/177 kB | 33/67 kB
Progress (5): 233/592 kB | 206/502 kB | 242/638 kB | 102/177 kB | 33/67 kB
Progress (5): 233/592 kB | 208/502 kB | 242/638 kB | 102/177 kB | 33/67 kB
Progress (5): 233/592 kB | 211/502 kB | 242/638 kB | 102/177 kB | 33/67 kB
Progress (5): 233/592 kB | 214/502 kB | 242/638 kB | 102/177 kB | 33/67 kB
Progress (5): 233/592 kB | 217/502 kB | 242/638 kB | 102/177 kB | 33/67 kB
Progress (5): 233/592 kB | 219/502 kB | 242/638 kB | 102/177 kB | 33/67 kB
Progress (5): 233/592 kB | 223/502 kB | 242/638 kB | 102/177 kB | 33/67 kB
Progress (5): 233/592 kB | 227/502 kB | 242/638 kB | 102/177 kB | 33/67 kB
Progress (5): 233/592 kB | 231/502 kB | 242/638 kB | 102/177 kB | 33/67 kB
Progress (5): 233/592 kB | 231/502 kB | 242/638 kB | 106/177 kB | 33/67 kB
Progress (5): 233/592 kB | 231/502 kB | 242/638 kB | 106/177 kB | 37/67 kB
Progress (5): 233/592 kB | 231/502 kB | 242/638 kB | 106/177 kB | 41/67 kB
Progress (5): 233/592 kB | 231/502 kB | 242/638 kB | 106/177 kB | 45/67 kB
Progress (5): 233/592 kB | 231/502 kB | 242/638 kB | 106/177 kB | 49/67 kB
Progress (5): 233/592 kB | 231/502 kB | 242/638 kB | 106/177 kB | 53/67 kB
Progress (5): 233/592 kB | 231/502 kB | 242/638 kB | 106/177 kB | 57/67 kB
Progress (5): 233/592 kB | 231/502 kB | 242/638 kB | 106/177 kB | 61/67 kB
Progress (5): 233/592 kB | 231/502 kB | 242/638 kB | 106/177 kB | 66/67 kB
Progress (5): 233/592 kB | 231/502 kB | 242/638 kB | 111/177 kB | 66/67 kB
Progress (5): 233/592 kB | 231/502 kB | 242/638 kB | 115/177 kB | 66/67 kB
Progress (5): 233/592 kB | 231/502 kB | 242/638 kB | 119/177 kB | 66/67 kB
Progress (5): 233/592 kB | 231/502 kB | 242/638 kB | 123/177 kB | 66/67 kB
Progress (5): 233/592 kB | 231/502 kB | 242/638 kB | 127/177 kB | 66/67 kB
Progress (5): 233/592 kB | 231/502 kB | 242/638 kB | 131/177 kB | 66/67 kB
Progress (5): 233/592 kB | 231/502 kB | 242/638 kB | 135/177 kB | 66/67 kB
Progress (5): 233/592 kB | 231/502 kB | 242/638 kB | 139/177 kB | 66/67 kB
Progress (5): 233/592 kB | 231/502 kB | 242/638 kB | 143/177 kB | 66/67 kB
Progress (5): 233/592 kB | 231/502 kB | 242/638 kB | 147/177 kB | 66/67 kB
Progress (5): 236/592 kB | 231/502 kB | 242/638 kB | 147/177 kB | 66/67 kB
Progress (5): 239/592 kB | 231/502 kB | 242/638 kB | 147/177 kB | 66/67 kB
Progress (5): 241/592 kB | 231/502 kB | 242/638 kB | 147/177 kB | 66/67 kB
Progress (5): 244/592 kB | 231/502 kB | 242/638 kB | 147/177 kB | 66/67 kB
Progress (5): 247/592 kB | 231/502 kB | 242/638 kB | 147/177 kB | 66/67 kB
Progress (5): 250/592 kB | 231/502 kB | 242/638 kB | 147/177 kB | 66/67 kB
Progress (5): 252/592 kB | 231/502 kB | 242/638 kB | 147/177 kB | 66/67 kB
Progress (5): 255/592 kB | 231/502 kB | 242/638 kB | 147/177 kB | 66/67 kB
Progress (5): 259/592 kB | 231/502 kB | 242/638 kB | 147/177 kB | 66/67 kB
Progress (5): 263/592 kB | 231/502 kB | 242/638 kB | 147/177 kB | 66/67 kB
Progress (5): 267/592 kB | 231/502 kB | 242/638 kB | 147/177 kB | 66/67 kB
Progress (5): 271/592 kB | 231/502 kB | 242/638 kB | 147/177 kB | 66/67 kB
Progress (5): 271/592 kB | 231/502 kB | 246/638 kB | 147/177 kB | 66/67 kB
Progress (5): 271/592 kB | 231/502 kB | 250/638 kB | 147/177 kB | 66/67 kB
Progress (5): 271/592 kB | 231/502 kB | 254/638 kB | 147/177 kB | 66/67 kB
Progress (5): 271/592 kB | 231/502 kB | 258/638 kB | 147/177 kB | 66/67 kB
Progress (5): 271/592 kB | 231/502 kB | 262/638 kB | 147/177 kB | 66/67 kB
Progress (5): 271/592 kB | 231/502 kB | 266/638 kB | 147/177 kB | 66/67 kB
Progress (5): 271/592 kB | 231/502 kB | 270/638 kB | 147/177 kB | 66/67 kB
Progress (5): 271/592 kB | 231/502 kB | 274/638 kB | 147/177 kB | 66/67 kB
Progress (5): 271/592 kB | 231/502 kB | 279/638 kB | 147/177 kB | 66/67 kB
Progress (5): 271/592 kB | 231/502 kB | 283/638 kB | 147/177 kB | 66/67 kB
Progress (5): 271/592 kB | 231/502 kB | 287/638 kB | 147/177 kB | 66/67 kB
Progress (5): 271/592 kB | 231/502 kB | 291/638 kB | 147/177 kB | 66/67 kB
Progress (5): 271/592 kB | 231/502 kB | 295/638 kB | 147/177 kB | 66/67 kB
Progress (5): 271/592 kB | 231/502 kB | 299/638 kB | 147/177 kB | 66/67 kB
Progress (5): 271/592 kB | 231/502 kB | 303/638 kB | 147/177 kB | 66/67 kB
Progress (5): 271/592 kB | 231/502 kB | 307/638 kB | 147/177 kB | 66/67 kB
Progress (5): 271/592 kB | 231/502 kB | 307/638 kB | 147/177 kB | 67 kB   
Progress (5): 275/592 kB | 231/502 kB | 307/638 kB | 147/177 kB | 67 kB
Progress (5): 275/592 kB | 231/502 kB | 307/638 kB | 152/177 kB | 67 kB
Progress (5): 275/592 kB | 231/502 kB | 307/638 kB | 156/177 kB | 67 kB
Progress (5): 275/592 kB | 231/502 kB | 307/638 kB | 160/177 kB | 67 kB
Progress (5): 275/592 kB | 231/502 kB | 307/638 kB | 164/177 kB | 67 kB
Progress (5): 275/592 kB | 231/502 kB | 307/638 kB | 168/177 kB | 67 kB
Progress (5): 275/592 kB | 231/502 kB | 307/638 kB | 172/177 kB | 67 kB
Progress (5): 275/592 kB | 231/502 kB | 307/638 kB | 176/177 kB | 67 kB
Progress (5): 275/592 kB | 231/502 kB | 307/638 kB | 177 kB | 67 kB    
Progress (5): 275/592 kB | 235/502 kB | 307/638 kB | 177 kB | 67 kB
Progress (5): 275/592 kB | 239/502 kB | 307/638 kB | 177 kB | 67 kB
Progress (5): 275/592 kB | 243/502 kB | 307/638 kB | 177 kB | 67 kB
Progress (5): 275/592 kB | 247/502 kB | 307/638 kB | 177 kB | 67 kB
Progress (5): 275/592 kB | 251/502 kB | 307/638 kB | 177 kB | 67 kB
Progress (5): 275/592 kB | 256/502 kB | 307/638 kB | 177 kB | 67 kB
Progress (5): 275/592 kB | 260/502 kB | 307/638 kB | 177 kB | 67 kB
Progress (5): 275/592 kB | 264/502 kB | 307/638 kB | 177 kB | 67 kB
Progress (5): 275/592 kB | 268/502 kB | 307/638 kB | 177 kB | 67 kB
Progress (5): 275/592 kB | 272/502 kB | 307/638 kB | 177 kB | 67 kB
Progress (5): 275/592 kB | 276/502 kB | 307/638 kB | 177 kB | 67 kB
Progress (5): 275/592 kB | 280/502 kB | 307/638 kB | 177 kB | 67 kB
Progress (5): 275/592 kB | 284/502 kB | 307/638 kB | 177 kB | 67 kB
Progress (5): 275/592 kB | 288/502 kB | 307/638 kB | 177 kB | 67 kB
Progress (5): 275/592 kB | 292/502 kB | 307/638 kB | 177 kB | 67 kB
Progress (5): 275/592 kB | 297/502 kB | 307/638 kB | 177 kB | 67 kB
Progress (5): 275/592 kB | 301/502 kB | 307/638 kB | 177 kB | 67 kB
Progress (5): 275/592 kB | 305/502 kB | 307/638 kB | 177 kB | 67 kB
Progress (5): 275/592 kB | 305/502 kB | 311/638 kB | 177 kB | 67 kB
Progress (5): 275/592 kB | 305/502 kB | 315/638 kB | 177 kB | 67 kB
Progress (5): 280/592 kB | 305/502 kB | 315/638 kB | 177 kB | 67 kB
                                                                   
Downloaded from central: https://repo.maven.apache.org/maven2/org/apache/maven/maven-aether-provider/3.3.9/maven-aether-provider-3.3.9.jar (67 kB at 321 kB/s)
Downloading from central: https://repo.maven.apache.org/maven2/org/eclipse/aether/aether-spi/1.0.2.v20150114/aether-spi-1.0.2.v20150114.jar
Progress (4): 284/592 kB | 305/502 kB | 315/638 kB | 177 kB
Progress (4): 288/592 kB | 305/502 kB | 315/638 kB | 177 kB
Progress (4): 292/592 kB | 305/502 kB | 315/638 kB | 177 kB
Progress (4): 296/592 kB | 305/502 kB | 315/638 kB | 177 kB
Progress (4): 300/592 kB | 305/502 kB | 315/638 kB | 177 kB
Progress (4): 304/592 kB | 305/502 kB | 315/638 kB | 177 kB
Progress (4): 308/592 kB | 305/502 kB | 315/638 kB | 177 kB
Progress (4): 312/592 kB | 305/502 kB | 315/638 kB | 177 kB
Progress (4): 316/592 kB | 305/502 kB | 315/638 kB | 177 kB
Progress (4): 321/592 kB | 305/502 kB | 315/638 kB | 177 kB
Progress (4): 325/592 kB | 305/502 kB | 315/638 kB | 177 kB
Progress (4): 329/592 kB | 305/502 kB | 315/638 kB | 177 kB
Progress (4): 333/592 kB | 305/502 kB | 315/638 kB | 177 kB
Progress (4): 337/592 kB | 305/502 kB | 315/638 kB | 177 kB
Progress (4): 341/592 kB | 305/502 kB | 315/638 kB | 177 kB
Progress (4): 345/592 kB | 305/502 kB | 315/638 kB | 177 kB
Progress (4): 349/592 kB | 305/502 kB | 315/638 kB | 177 kB
Progress (4): 353/592 kB | 305/502 kB | 315/638 kB | 177 kB
Progress (4): 357/592 kB | 305/502 kB | 315/638 kB | 177 kB
                                                           
Downloaded from central: https://repo.maven.apache.org/maven2/org/apache/maven/maven-model-builder/3.3.9/maven-model-builder-3.3.9.jar (177 kB at 816 kB/s)
Downloading from central: https://repo.maven.apache.org/maven2/org/eclipse/aether/aether-impl/1.0.2.v20150114/aether-impl-1.0.2.v20150114.jar
Progress (3): 357/592 kB | 309/502 kB | 315/638 kB
Progress (3): 357/592 kB | 313/502 kB | 315/638 kB
Progress (3): 357/592 kB | 317/502 kB | 315/638 kB
Progress (3): 357/592 kB | 321/502 kB | 315/638 kB
Progress (3): 357/592 kB | 321/502 kB | 319/638 kB
Progress (3): 357/592 kB | 321/502 kB | 324/638 kB
Progress (3): 357/592 kB | 321/502 kB | 328/638 kB
Progress (3): 357/592 kB | 321/502 kB | 332/638 kB
Progress (3): 357/592 kB | 321/502 kB | 336/638 kB
Progress (3): 357/592 kB | 321/502 kB | 340/638 kB
Progress (3): 357/592 kB | 321/502 kB | 344/638 kB
Progress (3): 357/592 kB | 321/502 kB | 348/638 kB
Progress (3): 357/592 kB | 321/502 kB | 352/638 kB
Progress (3): 357/592 kB | 321/502 kB | 356/638 kB
Progress (3): 357/592 kB | 321/502 kB | 360/638 kB
Progress (3): 357/592 kB | 321/502 kB | 365/638 kB
Progress (3): 357/592 kB | 321/502 kB | 369/638 kB
Progress (3): 357/592 kB | 321/502 kB | 373/638 kB
Progress (4): 357/592 kB | 321/502 kB | 373/638 kB | 4.1/31 kB
Progress (4): 357/592 kB | 321/502 kB | 373/638 kB | 8.2/31 kB
Progress (4): 357/592 kB | 321/502 kB | 373/638 kB | 12/31 kB 
Progress (4): 357/592 kB | 321/502 kB | 373/638 kB | 16/31 kB
Progress (4): 357/592 kB | 321/502 kB | 373/638 kB | 20/31 kB
Progress (4): 357/592 kB | 321/502 kB | 373/638 kB | 25/31 kB
Progress (4): 357/592 kB | 321/502 kB | 373/638 kB | 29/31 kB
Progress (4): 357/592 kB | 321/502 kB | 373/638 kB | 31 kB   
Progress (4): 357/592 kB | 325/502 kB | 373/638 kB | 31 kB
Progress (4): 357/592 kB | 329/502 kB | 373/638 kB | 31 kB
Progress (4): 357/592 kB | 333/502 kB | 373/638 kB | 31 kB
Progress (4): 357/592 kB | 338/502 kB | 373/638 kB | 31 kB
Progress (4): 357/592 kB | 342/502 kB | 373/638 kB | 31 kB
Progress (4): 357/592 kB | 346/502 kB | 373/638 kB | 31 kB
Progress (4): 357/592 kB | 350/502 kB | 373/638 kB | 31 kB
Progress (4): 357/592 kB | 354/502 kB | 373/638 kB | 31 kB
Progress (4): 357/592 kB | 358/502 kB | 373/638 kB | 31 kB
Progress (4): 357/592 kB | 362/502 kB | 373/638 kB | 31 kB
Progress (4): 357/592 kB | 366/502 kB | 373/638 kB | 31 kB
Progress (4): 357/592 kB | 370/502 kB | 373/638 kB | 31 kB
Progress (5): 357/592 kB | 370/502 kB | 373/638 kB | 31 kB | 4.1/173 kB
Progress (5): 357/592 kB | 370/502 kB | 373/638 kB | 31 kB | 8.2/173 kB
Progress (5): 357/592 kB | 370/502 kB | 373/638 kB | 31 kB | 12/173 kB 
Progress (5): 357/592 kB | 370/502 kB | 373/638 kB | 31 kB | 16/173 kB
Progress (5): 357/592 kB | 370/502 kB | 373/638 kB | 31 kB | 20/173 kB
Progress (5): 357/592 kB | 370/502 kB | 373/638 kB | 31 kB | 25/173 kB
Progress (5): 357/592 kB | 370/502 kB | 373/638 kB | 31 kB | 29/173 kB
Progress (5): 357/592 kB | 370/502 kB | 373/638 kB | 31 kB | 33/173 kB
Progress (5): 357/592 kB | 370/502 kB | 373/638 kB | 31 kB | 37/173 kB
Progress (5): 357/592 kB | 370/502 kB | 373/638 kB | 31 kB | 41/173 kB
Progress (5): 357/592 kB | 370/502 kB | 373/638 kB | 31 kB | 45/173 kB
Progress (5): 357/592 kB | 370/502 kB | 373/638 kB | 31 kB | 49/173 kB
Progress (5): 357/592 kB | 370/502 kB | 373/638 kB | 31 kB | 53/173 kB
Progress (5): 357/592 kB | 370/502 kB | 373/638 kB | 31 kB | 57/173 kB
Progress (5): 357/592 kB | 370/502 kB | 373/638 kB | 31 kB | 61/173 kB
Progress (5): 357/592 kB | 370/502 kB | 373/638 kB | 31 kB | 66/173 kB
Progress (5): 357/592 kB | 370/502 kB | 373/638 kB | 31 kB | 70/173 kB
                                                                      
Downloaded from central: https://repo.maven.apache.org/maven2/org/eclipse/aether/aether-spi/1.0.2.v20150114/aether-spi-1.0.2.v20150114.jar (31 kB at 131 kB/s)
Downloading from central: https://repo.maven.apache.org/maven2/org/eclipse/aether/aether-api/1.0.2.v20150114/aether-api-1.0.2.v20150114.jar
Progress (4): 357/592 kB | 374/502 kB | 373/638 kB | 70/173 kB
Progress (4): 362/592 kB | 374/502 kB | 373/638 kB | 70/173 kB
Progress (4): 366/592 kB | 374/502 kB | 373/638 kB | 70/173 kB
Progress (4): 370/592 kB | 374/502 kB | 373/638 kB | 70/173 kB
Progress (4): 370/592 kB | 374/502 kB | 377/638 kB | 70/173 kB
Progress (4): 370/592 kB | 374/502 kB | 381/638 kB | 70/173 kB
Progress (4): 370/592 kB | 374/502 kB | 385/638 kB | 70/173 kB
Progress (4): 370/592 kB | 374/502 kB | 389/638 kB | 70/173 kB
Progress (4): 370/592 kB | 374/502 kB | 393/638 kB | 70/173 kB
Progress (4): 370/592 kB | 374/502 kB | 397/638 kB | 70/173 kB
Progress (4): 370/592 kB | 374/502 kB | 401/638 kB | 70/173 kB
Progress (4): 370/592 kB | 374/502 kB | 406/638 kB | 70/173 kB
Progress (4): 370/592 kB | 374/502 kB | 410/638 kB | 70/173 kB
Progress (4): 370/592 kB | 374/502 kB | 414/638 kB | 70/173 kB
Progress (4): 370/592 kB | 378/502 kB | 414/638 kB | 70/173 kB
Progress (4): 370/592 kB | 383/502 kB | 414/638 kB | 70/173 kB
Progress (4): 370/592 kB | 387/502 kB | 414/638 kB | 70/173 kB
Progress (4): 370/592 kB | 391/502 kB | 414/638 kB | 70/173 kB
Progress (4): 370/592 kB | 395/502 kB | 414/638 kB | 70/173 kB
Progress (4): 370/592 kB | 399/502 kB | 414/638 kB | 70/173 kB
Progress (4): 370/592 kB | 403/502 kB | 414/638 kB | 70/173 kB
Progress (4): 370/592 kB | 407/502 kB | 414/638 kB | 70/173 kB
Progress (4): 370/592 kB | 411/502 kB | 414/638 kB | 70/173 kB
Progress (4): 370/592 kB | 415/502 kB | 414/638 kB | 70/173 kB
Progress (5): 370/592 kB | 415/502 kB | 414/638 kB | 70/173 kB | 4.1/136 kB
Progress (5): 370/592 kB | 415/502 kB | 414/638 kB | 70/173 kB | 8.2/136 kB
Progress (5): 370/592 kB | 415/502 kB | 414/638 kB | 70/173 kB | 12/136 kB 
Progress (5): 370/592 kB | 415/502 kB | 414/638 kB | 70/173 kB | 16/136 kB
Progress (5): 370/592 kB | 415/502 kB | 414/638 kB | 70/173 kB | 20/136 kB
Progress (5): 370/592 kB | 415/502 kB | 414/638 kB | 70/173 kB | 25/136 kB
Progress (5): 370/592 kB | 415/502 kB | 414/638 kB | 70/173 kB | 29/136 kB
Progress (5): 370/592 kB | 415/502 kB | 414/638 kB | 70/173 kB | 33/136 kB
Progress (5): 370/592 kB | 415/502 kB | 414/638 kB | 70/173 kB | 37/136 kB
Progress (5): 370/592 kB | 415/502 kB | 414/638 kB | 70/173 kB | 41/136 kB
Progress (5): 370/592 kB | 415/502 kB | 414/638 kB | 70/173 kB | 45/136 kB
Progress (5): 370/592 kB | 415/502 kB | 414/638 kB | 70/173 kB | 49/136 kB
Progress (5): 370/592 kB | 415/502 kB | 414/638 kB | 70/173 kB | 53/136 kB
Progress (5): 370/592 kB | 415/502 kB | 414/638 kB | 70/173 kB | 57/136 kB
Progress (5): 370/592 kB | 415/502 kB | 414/638 kB | 70/173 kB | 61/136 kB
Progress (5): 370/592 kB | 415/502 kB | 414/638 kB | 70/173 kB | 66/136 kB
Progress (5): 370/592 kB | 415/502 kB | 414/638 kB | 70/173 kB | 70/136 kB
Progress (5): 374/592 kB | 415/502 kB | 414/638 kB | 70/173 kB | 70/136 kB
Progress (5): 378/592 kB | 415/502 kB | 414/638 kB | 70/173 kB | 70/136 kB
Progress (5): 382/592 kB | 415/502 kB | 414/638 kB | 70/173 kB | 70/136 kB
Progress (5): 386/592 kB | 415/502 kB | 414/638 kB | 70/173 kB | 70/136 kB
Progress (5): 390/592 kB | 415/502 kB | 414/638 kB | 70/173 kB | 70/136 kB
Progress (5): 394/592 kB | 415/502 kB | 414/638 kB | 70/173 kB | 70/136 kB
Progress (5): 398/592 kB | 415/502 kB | 414/638 kB | 70/173 kB | 70/136 kB
Progress (5): 402/592 kB | 415/502 kB | 414/638 kB | 70/173 kB | 70/136 kB
Progress (5): 407/592 kB | 415/502 kB | 414/638 kB | 70/173 kB | 70/136 kB
Progress (5): 411/592 kB | 415/502 kB | 414/638 kB | 70/173 kB | 70/136 kB
Progress (5): 415/592 kB | 415/502 kB | 414/638 kB | 70/173 kB | 70/136 kB
Progress (5): 419/592 kB | 415/502 kB | 414/638 kB | 70/173 kB | 70/136 kB
Progress (5): 419/592 kB | 419/502 kB | 414/638 kB | 70/173 kB | 70/136 kB
Progress (5): 419/592 kB | 419/502 kB | 414/638 kB | 74/173 kB | 70/136 kB
Progress (5): 419/592 kB | 419/502 kB | 414/638 kB | 78/173 kB | 70/136 kB
Progress (5): 419/592 kB | 419/502 kB | 414/638 kB | 82/173 kB | 70/136 kB
Progress (5): 419/592 kB | 419/502 kB | 414/638 kB | 86/173 kB | 70/136 kB
Progress (5): 419/592 kB | 419/502 kB | 414/638 kB | 90/173 kB | 70/136 kB
Progress (5): 419/592 kB | 419/502 kB | 414/638 kB | 94/173 kB | 70/136 kB
Progress (5): 419/592 kB | 419/502 kB | 414/638 kB | 98/173 kB | 70/136 kB
Progress (5): 419/592 kB | 419/502 kB | 414/638 kB | 102/173 kB | 70/136 kB
Progress (5): 419/592 kB | 419/502 kB | 414/638 kB | 106/173 kB | 70/136 kB
Progress (5): 419/592 kB | 419/502 kB | 414/638 kB | 111/173 kB | 70/136 kB
Progress (5): 419/592 kB | 419/502 kB | 414/638 kB | 115/173 kB | 70/136 kB
Progress (5): 419/592 kB | 419/502 kB | 414/638 kB | 119/173 kB | 70/136 kB
Progress (5): 419/592 kB | 419/502 kB | 414/638 kB | 123/173 kB | 70/136 kB
Progress (5): 419/592 kB | 419/502 kB | 414/638 kB | 127/173 kB | 70/136 kB
Progress (5): 419/592 kB | 419/502 kB | 414/638 kB | 131/173 kB | 70/136 kB
Progress (5): 419/592 kB | 419/502 kB | 414/638 kB | 135/173 kB | 70/136 kB
Progress (5): 419/592 kB | 419/502 kB | 414/638 kB | 139/173 kB | 70/136 kB
Progress (5): 419/592 kB | 419/502 kB | 414/638 kB | 143/173 kB | 70/136 kB
Progress (5): 419/592 kB | 419/502 kB | 414/638 kB | 147/173 kB | 70/136 kB
Progress (5): 419/592 kB | 419/502 kB | 414/638 kB | 152/173 kB | 70/136 kB
Progress (5): 419/592 kB | 419/502 kB | 414/638 kB | 156/173 kB | 70/136 kB
Progress (5): 419/592 kB | 419/502 kB | 418/638 kB | 156/173 kB | 70/136 kB
Progress (5): 419/592 kB | 419/502 kB | 422/638 kB | 156/173 kB | 70/136 kB
Progress (5): 419/592 kB | 419/502 kB | 426/638 kB | 156/173 kB | 70/136 kB
Progress (5): 419/592 kB | 419/502 kB | 430/638 kB | 156/173 kB | 70/136 kB
Progress (5): 419/592 kB | 419/502 kB | 434/638 kB | 156/173 kB | 70/136 kB
Progress (5): 419/592 kB | 419/502 kB | 438/638 kB | 156/173 kB | 70/136 kB
Progress (5): 419/592 kB | 419/502 kB | 442/638 kB | 156/173 kB | 70/136 kB
Progress (5): 419/592 kB | 419/502 kB | 446/638 kB | 156/173 kB | 70/136 kB
Progress (5): 419/592 kB | 419/502 kB | 451/638 kB | 156/173 kB | 70/136 kB
Progress (5): 419/592 kB | 419/502 kB | 455/638 kB | 156/173 kB | 70/136 kB
Progress (5): 419/592 kB | 419/502 kB | 455/638 kB | 156/173 kB | 74/136 kB
Progress (5): 419/592 kB | 419/502 kB | 455/638 kB | 156/173 kB | 78/136 kB
Progress (5): 419/592 kB | 419/502 kB | 455/638 kB | 156/173 kB | 82/136 kB
Progress (5): 423/592 kB | 419/502 kB | 455/638 kB | 156/173 kB | 82/136 kB
Progress (5): 427/592 kB | 419/502 kB | 455/638 kB | 156/173 kB | 82/136 kB
Progress (5): 431/592 kB | 419/502 kB | 455/638 kB | 156/173 kB | 82/136 kB
Progress (5): 435/592 kB | 419/502 kB | 455/638 kB | 156/173 kB | 82/136 kB
Progress (5): 439/592 kB | 419/502 kB | 455/638 kB | 156/173 kB | 82/136 kB
Progress (5): 443/592 kB | 419/502 kB | 455/638 kB | 156/173 kB | 82/136 kB
Progress (5): 448/592 kB | 419/502 kB | 455/638 kB | 156/173 kB | 82/136 kB
Progress (5): 452/592 kB | 419/502 kB | 455/638 kB | 156/173 kB | 82/136 kB
Progress (5): 456/592 kB | 419/502 kB | 455/638 kB | 156/173 kB | 82/136 kB
Progress (5): 460/592 kB | 419/502 kB | 455/638 kB | 156/173 kB | 82/136 kB
Progress (5): 464/592 kB | 419/502 kB | 455/638 kB | 156/173 kB | 82/136 kB
Progress (5): 468/592 kB | 419/502 kB | 455/638 kB | 156/173 kB | 82/136 kB
Progress (5): 472/592 kB | 419/502 kB | 455/638 kB | 156/173 kB | 82/136 kB
Progress (5): 475/592 kB | 419/502 kB | 455/638 kB | 156/173 kB | 82/136 kB
Progress (5): 479/592 kB | 419/502 kB | 455/638 kB | 156/173 kB | 82/136 kB
Progress (5): 483/592 kB | 419/502 kB | 455/638 kB | 156/173 kB | 82/136 kB
Progress (5): 487/592 kB | 419/502 kB | 455/638 kB | 156/173 kB | 82/136 kB
Progress (5): 491/592 kB | 419/502 kB | 455/638 kB | 156/173 kB | 82/136 kB
Progress (5): 491/592 kB | 424/502 kB | 455/638 kB | 156/173 kB | 82/136 kB
Progress (5): 491/592 kB | 428/502 kB | 455/638 kB | 156/173 kB | 82/136 kB
Progress (5): 491/592 kB | 432/502 kB | 455/638 kB | 156/173 kB | 82/136 kB
Progress (5): 491/592 kB | 436/502 kB | 455/638 kB | 156/173 kB | 82/136 kB
Progress (5): 491/592 kB | 438/502 kB | 455/638 kB | 156/173 kB | 82/136 kB
Progress (5): 491/592 kB | 442/502 kB | 455/638 kB | 156/173 kB | 82/136 kB
Progress (5): 491/592 kB | 446/502 kB | 455/638 kB | 156/173 kB | 82/136 kB
Progress (5): 491/592 kB | 450/502 kB | 455/638 kB | 156/173 kB | 82/136 kB
Progress (5): 491/592 kB | 454/502 kB | 455/638 kB | 156/173 kB | 82/136 kB
Progress (5): 491/592 kB | 458/502 kB | 455/638 kB | 156/173 kB | 82/136 kB
Progress (5): 491/592 kB | 463/502 kB | 455/638 kB | 156/173 kB | 82/136 kB
Progress (5): 491/592 kB | 467/502 kB | 455/638 kB | 156/173 kB | 82/136 kB
Progress (5): 491/592 kB | 471/502 kB | 455/638 kB | 156/173 kB | 82/136 kB
Progress (5): 491/592 kB | 475/502 kB | 455/638 kB | 156/173 kB | 82/136 kB
Progress (5): 491/592 kB | 479/502 kB | 455/638 kB | 156/173 kB | 82/136 kB
Progress (5): 491/592 kB | 483/502 kB | 455/638 kB | 156/173 kB | 82/136 kB
Progress (5): 491/592 kB | 487/502 kB | 455/638 kB | 156/173 kB | 82/136 kB
Progress (5): 491/592 kB | 491/502 kB | 455/638 kB | 156/173 kB | 82/136 kB
Progress (5): 491/592 kB | 495/502 kB | 455/638 kB | 156/173 kB | 82/136 kB
Progress (5): 491/592 kB | 495/502 kB | 455/638 kB | 160/173 kB | 82/136 kB
Progress (5): 491/592 kB | 495/502 kB | 455/638 kB | 164/173 kB | 82/136 kB
Progress (5): 491/592 kB | 495/502 kB | 455/638 kB | 168/173 kB | 82/136 kB
Progress (5): 491/592 kB | 495/502 kB | 459/638 kB | 168/173 kB | 82/136 kB
Progress (5): 491/592 kB | 495/502 kB | 463/638 kB | 168/173 kB | 82/136 kB
Progress (5): 491/592 kB | 495/502 kB | 467/638 kB | 168/173 kB | 82/136 kB
Progress (5): 491/592 kB | 495/502 kB | 471/638 kB | 168/173 kB | 82/136 kB
Progress (5): 491/592 kB | 495/502 kB | 475/638 kB | 168/173 kB | 82/136 kB
Progress (5): 491/592 kB | 495/502 kB | 479/638 kB | 168/173 kB | 82/136 kB
Progress (5): 491/592 kB | 495/502 kB | 483/638 kB | 168/173 kB | 82/136 kB
Progress (5): 491/592 kB | 495/502 kB | 487/638 kB | 168/173 kB | 82/136 kB
Progress (5): 491/592 kB | 495/502 kB | 491/638 kB | 168/173 kB | 82/136 kB
Progress (5): 491/592 kB | 495/502 kB | 491/638 kB | 168/173 kB | 86/136 kB
Progress (5): 491/592 kB | 495/502 kB | 491/638 kB | 168/173 kB | 90/136 kB
Progress (5): 491/592 kB | 495/502 kB | 491/638 kB | 168/173 kB | 94/136 kB
Progress (5): 491/592 kB | 495/502 kB | 491/638 kB | 168/173 kB | 98/136 kB
Progress (5): 491/592 kB | 495/502 kB | 491/638 kB | 168/173 kB | 102/136 kB
Progress (5): 491/592 kB | 495/502 kB | 491/638 kB | 168/173 kB | 106/136 kB
Progress (5): 491/592 kB | 495/502 kB | 491/638 kB | 168/173 kB | 111/136 kB
Progress (5): 491/592 kB | 495/502 kB | 491/638 kB | 168/173 kB | 115/136 kB
Progress (5): 491/592 kB | 495/502 kB | 491/638 kB | 168/173 kB | 119/136 kB
Progress (5): 491/592 kB | 495/502 kB | 491/638 kB | 168/173 kB | 123/136 kB
Progress (5): 491/592 kB | 495/502 kB | 491/638 kB | 168/173 kB | 127/136 kB
Progress (5): 491/592 kB | 495/502 kB | 491/638 kB | 168/173 kB | 131/136 kB
Progress (5): 491/592 kB | 495/502 kB | 491/638 kB | 168/173 kB | 135/136 kB
Progress (5): 491/592 kB | 495/502 kB | 491/638 kB | 168/173 kB | 136 kB    
Progress (5): 491/592 kB | 499/502 kB | 491/638 kB | 168/173 kB | 136 kB
Progress (5): 491/592 kB | 502 kB | 491/638 kB | 168/173 kB | 136 kB    
Progress (5): 491/592 kB | 502 kB | 491/638 kB | 172/173 kB | 136 kB
Progress (5): 491/592 kB | 502 kB | 491/638 kB | 173 kB | 136 kB    
Progress (5): 491/592 kB | 502 kB | 495/638 kB | 173 kB | 136 kB
Progress (5): 491/592 kB | 502 kB | 499/638 kB | 173 kB | 136 kB
Progress (5): 491/592 kB | 502 kB | 503/638 kB | 173 kB | 136 kB
Progress (5): 491/592 kB | 502 kB | 507/638 kB | 173 kB | 136 kB
Progress (5): 491/592 kB | 502 kB | 511/638 kB | 173 kB | 136 kB
Progress (5): 495/592 kB | 502 kB | 511/638 kB | 173 kB | 136 kB
Progress (5): 499/592 kB | 502 kB | 511/638 kB | 173 kB | 136 kB
Progress (5): 503/592 kB | 502 kB | 511/638 kB | 173 kB | 136 kB
Progress (5): 507/592 kB | 502 kB | 511/638 kB | 173 kB | 136 kB
Progress (5): 511/592 kB | 502 kB | 511/638 kB | 173 kB | 136 kB
Progress (5): 515/592 kB | 502 kB | 511/638 kB | 173 kB | 136 kB
Progress (5): 520/592 kB | 502 kB | 511/638 kB | 173 kB | 136 kB
Progress (5): 524/592 kB | 502 kB | 511/638 kB | 173 kB | 136 kB
Progress (5): 528/592 kB | 502 kB | 511/638 kB | 173 kB | 136 kB
Progress (5): 532/592 kB | 502 kB | 511/638 kB | 173 kB | 136 kB
                                                                
Downloaded from central: https://repo.maven.apache.org/maven2/org/eclipse/aether/aether-api/1.0.2.v20150114/aether-api-1.0.2.v20150114.jar (136 kB at 454 kB/s)
Downloaded from central: https://repo.maven.apache.org/maven2/org/apache/commons/commons-lang3/3.8.1/commons-lang3-3.8.1.jar (502 kB at 1.6 MB/s)
Downloaded from central: https://repo.maven.apache.org/maven2/org/eclipse/aether/aether-impl/1.0.2.v20150114/aether-impl-1.0.2.v20150114.jar (173 kB at 577 kB/s)
Progress (2): 532/592 kB | 515/638 kB
Progress (2): 532/592 kB | 520/638 kB
Progress (2): 532/592 kB | 524/638 kB
Progress (2): 532/592 kB | 528/638 kB
Progress (2): 532/592 kB | 532/638 kB
Progress (2): 532/592 kB | 536/638 kB
Progress (2): 532/592 kB | 540/638 kB
Progress (2): 532/592 kB | 544/638 kB
Progress (2): 532/592 kB | 548/638 kB
Progress (2): 532/592 kB | 552/638 kB
Progress (2): 532/592 kB | 556/638 kB
Progress (2): 532/592 kB | 561/638 kB
Progress (2): 532/592 kB | 565/638 kB
Progress (2): 532/592 kB | 569/638 kB
Progress (2): 532/592 kB | 573/638 kB
Progress (2): 536/592 kB | 573/638 kB
Progress (2): 540/592 kB | 573/638 kB
                                     
Downloading from central: https://repo.maven.apache.org/maven2/javax/enterprise/cdi-api/1.0/cdi-api-1.0.jar
Downloading from central: https://repo.maven.apache.org/maven2/org/eclipse/sisu/org.eclipse.sisu.plexus/0.3.2/org.eclipse.sisu.plexus-0.3.2.jar
Downloading from central: https://repo.maven.apache.org/maven2/org/eclipse/aether/aether-util/1.0.2.v20150114/aether-util-1.0.2.v20150114.jar
Progress (3): 540/592 kB | 573/638 kB | 4.1/205 kB
Progress (3): 540/592 kB | 573/638 kB | 8.2/205 kB
Progress (3): 540/592 kB | 573/638 kB | 12/205 kB 
Progress (3): 540/592 kB | 573/638 kB | 16/205 kB
Progress (4): 540/592 kB | 573/638 kB | 16/205 kB | 4.1/147 kB
Progress (4): 540/592 kB | 573/638 kB | 16/205 kB | 8.2/147 kB
Progress (4): 540/592 kB | 573/638 kB | 16/205 kB | 12/147 kB 
Progress (4): 540/592 kB | 573/638 kB | 16/205 kB | 16/147 kB
Progress (4): 540/592 kB | 573/638 kB | 16/205 kB | 20/147 kB
Progress (4): 544/592 kB | 573/638 kB | 16/205 kB | 20/147 kB
Progress (4): 548/592 kB | 573/638 kB | 16/205 kB | 20/147 kB
Progress (4): 552/592 kB | 573/638 kB | 16/205 kB | 20/147 kB
Progress (4): 556/592 kB | 573/638 kB | 16/205 kB | 20/147 kB
Progress (4): 561/592 kB | 573/638 kB | 16/205 kB | 20/147 kB
Progress (4): 565/592 kB | 573/638 kB | 16/205 kB | 20/147 kB
Progress (4): 569/592 kB | 573/638 kB | 16/205 kB | 20/147 kB
Progress (4): 573/592 kB | 573/638 kB | 16/205 kB | 20/147 kB
Progress (5): 573/592 kB | 573/638 kB | 16/205 kB | 20/147 kB | 4.1/45 kB
Progress (5): 573/592 kB | 573/638 kB | 16/205 kB | 20/147 kB | 8.2/45 kB
Progress (5): 573/592 kB | 573/638 kB | 16/205 kB | 20/147 kB | 12/45 kB 
Progress (5): 573/592 kB | 573/638 kB | 16/205 kB | 20/147 kB | 16/45 kB
Progress (5): 573/592 kB | 573/638 kB | 16/205 kB | 20/147 kB | 20/45 kB
Progress (5): 573/592 kB | 573/638 kB | 16/205 kB | 20/147 kB | 25/45 kB
Progress (5): 573/592 kB | 573/638 kB | 16/205 kB | 20/147 kB | 29/45 kB
Progress (5): 573/592 kB | 573/638 kB | 16/205 kB | 20/147 kB | 33/45 kB
Progress (5): 573/592 kB | 573/638 kB | 16/205 kB | 20/147 kB | 37/45 kB
Progress (5): 573/592 kB | 573/638 kB | 16/205 kB | 20/147 kB | 41/45 kB
Progress (5): 573/592 kB | 573/638 kB | 16/205 kB | 20/147 kB | 45 kB   
Progress (5): 573/592 kB | 577/638 kB | 16/205 kB | 20/147 kB | 45 kB
Progress (5): 573/592 kB | 577/638 kB | 16/205 kB | 25/147 kB | 45 kB
Progress (5): 573/592 kB | 577/638 kB | 20/205 kB | 25/147 kB | 45 kB
Progress (5): 573/592 kB | 577/638 kB | 25/205 kB | 25/147 kB | 45 kB
Progress (5): 573/592 kB | 577/638 kB | 29/205 kB | 25/147 kB | 45 kB
Progress (5): 573/592 kB | 577/638 kB | 33/205 kB | 25/147 kB | 45 kB
Progress (5): 573/592 kB | 577/638 kB | 37/205 kB | 25/147 kB | 45 kB
Progress (5): 573/592 kB | 577/638 kB | 41/205 kB | 25/147 kB | 45 kB
Progress (5): 573/592 kB | 577/638 kB | 45/205 kB | 25/147 kB | 45 kB
Progress (5): 573/592 kB | 577/638 kB | 49/205 kB | 25/147 kB | 45 kB
Progress (5): 573/592 kB | 577/638 kB | 53/205 kB | 25/147 kB | 45 kB
Progress (5): 573/592 kB | 577/638 kB | 57/205 kB | 25/147 kB | 45 kB
Progress (5): 573/592 kB | 577/638 kB | 61/205 kB | 25/147 kB | 45 kB
Progress (5): 573/592 kB | 577/638 kB | 66/205 kB | 25/147 kB | 45 kB
Progress (5): 573/592 kB | 577/638 kB | 70/205 kB | 25/147 kB | 45 kB
Progress (5): 573/592 kB | 577/638 kB | 74/205 kB | 25/147 kB | 45 kB
Progress (5): 573/592 kB | 577/638 kB | 78/205 kB | 25/147 kB | 45 kB
Progress (5): 573/592 kB | 577/638 kB | 82/205 kB | 25/147 kB | 45 kB
Progress (5): 573/592 kB | 577/638 kB | 86/205 kB | 25/147 kB | 45 kB
Progress (5): 573/592 kB | 577/638 kB | 90/205 kB | 25/147 kB | 45 kB
Progress (5): 573/592 kB | 577/638 kB | 90/205 kB | 29/147 kB | 45 kB
Progress (5): 573/592 kB | 577/638 kB | 90/205 kB | 33/147 kB | 45 kB
Progress (5): 573/592 kB | 577/638 kB | 90/205 kB | 37/147 kB | 45 kB
Progress (5): 573/592 kB | 577/638 kB | 90/205 kB | 41/147 kB | 45 kB
Progress (5): 577/592 kB | 577/638 kB | 90/205 kB | 41/147 kB | 45 kB
Progress (5): 581/592 kB | 577/638 kB | 90/205 kB | 41/147 kB | 45 kB
Progress (5): 585/592 kB | 577/638 kB | 90/205 kB | 41/147 kB | 45 kB
Progress (5): 589/592 kB | 577/638 kB | 90/205 kB | 41/147 kB | 45 kB
Progress (5): 592 kB | 577/638 kB | 90/205 kB | 41/147 kB | 45 kB    
Progress (5): 592 kB | 581/638 kB | 90/205 kB | 41/147 kB | 45 kB
Progress (5): 592 kB | 585/638 kB | 90/205 kB | 41/147 kB | 45 kB
Progress (5): 592 kB | 589/638 kB | 90/205 kB | 41/147 kB | 45 kB
Progress (5): 592 kB | 593/638 kB | 90/205 kB | 41/147 kB | 45 kB
Progress (5): 592 kB | 597/638 kB | 90/205 kB | 41/147 kB | 45 kB
Progress (5): 592 kB | 602/638 kB | 90/205 kB | 41/147 kB | 45 kB
Progress (5): 592 kB | 606/638 kB | 90/205 kB | 41/147 kB | 45 kB
Progress (5): 592 kB | 610/638 kB | 90/205 kB | 41/147 kB | 45 kB
Progress (5): 592 kB | 614/638 kB | 90/205 kB | 41/147 kB | 45 kB
Progress (5): 592 kB | 618/638 kB | 90/205 kB | 41/147 kB | 45 kB
Progress (5): 592 kB | 622/638 kB | 90/205 kB | 41/147 kB | 45 kB
Progress (5): 592 kB | 622/638 kB | 90/205 kB | 45/147 kB | 45 kB
Progress (5): 592 kB | 622/638 kB | 90/205 kB | 49/147 kB | 45 kB
Progress (5): 592 kB | 622/638 kB | 90/205 kB | 53/147 kB | 45 kB
Progress (5): 592 kB | 622/638 kB | 90/205 kB | 57/147 kB | 45 kB
Progress (5): 592 kB | 622/638 kB | 90/205 kB | 61/147 kB | 45 kB
Progress (5): 592 kB | 622/638 kB | 90/205 kB | 66/147 kB | 45 kB
                                                                 
Downloaded from central: https://repo.maven.apache.org/maven2/javax/enterprise/cdi-api/1.0/cdi-api-1.0.jar (45 kB at 133 kB/s)
Downloading from central: https://repo.maven.apache.org/maven2/javax/annotation/jsr250-api/1.0/jsr250-api-1.0.jar
Downloaded from central: https://repo.maven.apache.org/maven2/org/apache/commons/commons-compress/1.18/commons-compress-1.18.jar (592 kB at 1.6 MB/s)
Progress (3): 622/638 kB | 94/205 kB | 66/147 kB
Progress (3): 622/638 kB | 98/205 kB | 66/147 kB
Progress (3): 622/638 kB | 102/205 kB | 66/147 kB
Progress (3): 622/638 kB | 106/205 kB | 66/147 kB
Progress (3): 622/638 kB | 111/205 kB | 66/147 kB
Progress (3): 622/638 kB | 115/205 kB | 66/147 kB
Progress (3): 622/638 kB | 119/205 kB | 66/147 kB
Progress (3): 622/638 kB | 123/205 kB | 66/147 kB
Progress (3): 622/638 kB | 127/205 kB | 66/147 kB
Progress (3): 622/638 kB | 131/205 kB | 66/147 kB
Progress (3): 626/638 kB | 131/205 kB | 66/147 kB
Progress (3): 630/638 kB | 131/205 kB | 66/147 kB
Progress (3): 634/638 kB | 131/205 kB | 66/147 kB
Progress (3): 638 kB | 131/205 kB | 66/147 kB    
Progress (3): 638 kB | 131/205 kB | 70/147 kB
                                             
Downloading from central: https://repo.maven.apache.org/maven2/org/eclipse/sisu/org.eclipse.sisu.inject/0.3.2/org.eclipse.sisu.inject-0.3.2.jar
Progress (3): 638 kB | 131/205 kB | 74/147 kB
Progress (3): 638 kB | 131/205 kB | 78/147 kB
Progress (3): 638 kB | 131/205 kB | 82/147 kB
Progress (4): 638 kB | 131/205 kB | 82/147 kB | 4.1/5.8 kB
Progress (4): 638 kB | 131/205 kB | 82/147 kB | 5.8 kB    
Progress (4): 638 kB | 131/205 kB | 86/147 kB | 5.8 kB
Progress (4): 638 kB | 131/205 kB | 90/147 kB | 5.8 kB
Progress (4): 638 kB | 131/205 kB | 94/147 kB | 5.8 kB
Progress (4): 638 kB | 131/205 kB | 98/147 kB | 5.8 kB
                                                      
Downloaded from central: https://repo.maven.apache.org/maven2/org/apache/maven/maven-core/3.3.9/maven-core-3.3.9.jar (638 kB at 1.8 MB/s)
Downloaded from central: https://repo.maven.apache.org/maven2/javax/annotation/jsr250-api/1.0/jsr250-api-1.0.jar (5.8 kB at 16 kB/s)
Downloading from central: https://repo.maven.apache.org/maven2/com/google/inject/guice/4.0/guice-4.0-no_aop.jar
Progress (3): 131/205 kB | 98/147 kB | 4.1/378 kB
Progress (3): 131/205 kB | 98/147 kB | 8.2/378 kB
Progress (3): 131/205 kB | 98/147 kB | 12/378 kB 
Progress (3): 131/205 kB | 98/147 kB | 16/378 kB
Progress (3): 131/205 kB | 98/147 kB | 20/378 kB
Progress (3): 131/205 kB | 98/147 kB | 25/378 kB
Progress (3): 131/205 kB | 98/147 kB | 29/378 kB
Progress (3): 131/205 kB | 98/147 kB | 33/378 kB
Progress (3): 135/205 kB | 98/147 kB | 33/378 kB
Progress (3): 139/205 kB | 98/147 kB | 33/378 kB
Progress (3): 143/205 kB | 98/147 kB | 33/378 kB
Progress (3): 147/205 kB | 98/147 kB | 33/378 kB
Progress (3): 152/205 kB | 98/147 kB | 33/378 kB
Progress (3): 156/205 kB | 98/147 kB | 33/378 kB
Progress (3): 160/205 kB | 98/147 kB | 33/378 kB
Progress (3): 164/205 kB | 98/147 kB | 33/378 kB
Progress (3): 168/205 kB | 98/147 kB | 33/378 kB
Progress (3): 172/205 kB | 98/147 kB | 33/378 kB
Progress (3): 176/205 kB | 98/147 kB | 33/378 kB
Progress (3): 180/205 kB | 98/147 kB | 33/378 kB
Progress (3): 184/205 kB | 98/147 kB | 33/378 kB
Progress (3): 188/205 kB | 98/147 kB | 33/378 kB
Progress (3): 193/205 kB | 98/147 kB | 33/378 kB
Progress (3): 197/205 kB | 98/147 kB | 33/378 kB
Progress (3): 201/205 kB | 98/147 kB | 33/378 kB
Progress (3): 205/205 kB | 98/147 kB | 33/378 kB
Progress (3): 205 kB | 98/147 kB | 33/378 kB    
                                            
Downloading from central: https://repo.maven.apache.org/maven2/javax/inject/javax.inject/1/javax.inject-1.jar
Progress (3): 205 kB | 98/147 kB | 37/378 kB
Progress (3): 205 kB | 98/147 kB | 41/378 kB
Progress (3): 205 kB | 98/147 kB | 45/378 kB
Progress (3): 205 kB | 98/147 kB | 49/378 kB
Progress (3): 205 kB | 98/147 kB | 53/378 kB
Progress (3): 205 kB | 102/147 kB | 53/378 kB
Progress (3): 205 kB | 106/147 kB | 53/378 kB
Progress (3): 205 kB | 111/147 kB | 53/378 kB
Progress (3): 205 kB | 115/147 kB | 53/378 kB
Progress (3): 205 kB | 119/147 kB | 53/378 kB
Progress (3): 205 kB | 123/147 kB | 53/378 kB
Progress (3): 205 kB | 127/147 kB | 53/378 kB
Progress (3): 205 kB | 131/147 kB | 53/378 kB
Progress (3): 205 kB | 135/147 kB | 53/378 kB
Progress (3): 205 kB | 139/147 kB | 53/378 kB
Progress (3): 205 kB | 143/147 kB | 53/378 kB
Progress (3): 205 kB | 147 kB | 53/378 kB    
Progress (4): 205 kB | 147 kB | 53/378 kB | 2.5 kB
Progress (5): 205 kB | 147 kB | 53/378 kB | 2.5 kB | 4.1/424 kB
Progress (5): 205 kB | 147 kB | 53/378 kB | 2.5 kB | 8.2/424 kB
Progress (5): 205 kB | 147 kB | 53/378 kB | 2.5 kB | 12/424 kB 
Progress (5): 205 kB | 147 kB | 53/378 kB | 2.5 kB | 16/424 kB
Progress (5): 205 kB | 147 kB | 57/378 kB | 2.5 kB | 16/424 kB
Progress (5): 205 kB | 147 kB | 61/378 kB | 2.5 kB | 16/424 kB
Progress (5): 205 kB | 147 kB | 66/378 kB | 2.5 kB | 16/424 kB
Progress (5): 205 kB | 147 kB | 70/378 kB | 2.5 kB | 16/424 kB
Progress (5): 205 kB | 147 kB | 74/378 kB | 2.5 kB | 16/424 kB
Progress (5): 205 kB | 147 kB | 78/378 kB | 2.5 kB | 16/424 kB
Progress (5): 205 kB | 147 kB | 82/378 kB | 2.5 kB | 16/424 kB
                                                              
Downloaded from central: https://repo.maven.apache.org/maven2/javax/inject/javax.inject/1/javax.inject-1.jar (2.5 kB at 6.3 kB/s)
Downloading from central: https://repo.maven.apache.org/maven2/aopalliance/aopalliance/1.0/aopalliance-1.0.jar
Progress (4): 205 kB | 147 kB | 82/378 kB | 20/424 kB
Progress (4): 205 kB | 147 kB | 82/378 kB | 25/424 kB
Progress (4): 205 kB | 147 kB | 82/378 kB | 29/424 kB
Progress (4): 205 kB | 147 kB | 82/378 kB | 33/424 kB
Progress (4): 205 kB | 147 kB | 82/378 kB | 37/424 kB
Progress (4): 205 kB | 147 kB | 82/378 kB | 41/424 kB
Progress (4): 205 kB | 147 kB | 82/378 kB | 45/424 kB
Progress (4): 205 kB | 147 kB | 82/378 kB | 49/424 kB
Progress (4): 205 kB | 147 kB | 82/378 kB | 53/424 kB
Progress (4): 205 kB | 147 kB | 82/378 kB | 57/424 kB
Progress (4): 205 kB | 147 kB | 82/378 kB | 61/424 kB
Progress (4): 205 kB | 147 kB | 82/378 kB | 66/424 kB
Progress (4): 205 kB | 147 kB | 82/378 kB | 70/424 kB
Progress (4): 205 kB | 147 kB | 86/378 kB | 70/424 kB
Progress (4): 205 kB | 147 kB | 90/378 kB | 70/424 kB
                                                     
Downloaded from central: https://repo.maven.apache.org/maven2/org/eclipse/sisu/org.eclipse.sisu.plexus/0.3.2/org.eclipse.sisu.plexus-0.3.2.jar (205 kB at 508 kB/s)
Downloading from central: https://repo.maven.apache.org/maven2/org/codehaus/plexus/plexus-classworlds/2.5.2/plexus-classworlds-2.5.2.jar
Progress (3): 147 kB | 94/378 kB | 70/424 kB
Progress (3): 147 kB | 98/378 kB | 70/424 kB
Progress (3): 147 kB | 102/378 kB | 70/424 kB
Progress (3): 147 kB | 106/378 kB | 70/424 kB
Progress (3): 147 kB | 111/378 kB | 70/424 kB
Progress (4): 147 kB | 111/378 kB | 70/424 kB | 4.1/4.5 kB
Progress (4): 147 kB | 111/378 kB | 70/424 kB | 4.5 kB    
Progress (5): 147 kB | 111/378 kB | 70/424 kB | 4.5 kB | 4.1/53 kB
                                                                  
Downloaded from central: https://repo.maven.apache.org/maven2/org/eclipse/aether/aether-util/1.0.2.v20150114/aether-util-1.0.2.v20150114.jar (147 kB at 357 kB/s)
Downloading from central: https://repo.maven.apache.org/maven2/org/codehaus/plexus/plexus-component-annotations/1.6/plexus-component-annotations-1.6.jar
Progress (4): 111/378 kB | 70/424 kB | 4.5 kB | 8.2/53 kB
Progress (4): 111/378 kB | 70/424 kB | 4.5 kB | 12/53 kB 
Progress (4): 111/378 kB | 70/424 kB | 4.5 kB | 16/53 kB
Progress (4): 111/378 kB | 70/424 kB | 4.5 kB | 20/53 kB
Progress (4): 111/378 kB | 70/424 kB | 4.5 kB | 25/53 kB
Progress (5): 111/378 kB | 70/424 kB | 4.5 kB | 25/53 kB | 4.1/4.3 kB
Progress (5): 111/378 kB | 70/424 kB | 4.5 kB | 25/53 kB | 4.3 kB    
                                                                 
Downloaded from central: https://repo.maven.apache.org/maven2/aopalliance/aopalliance/1.0/aopalliance-1.0.jar (4.5 kB at 11 kB/s)
Progress (4): 111/378 kB | 74/424 kB | 25/53 kB | 4.3 kB
Progress (4): 111/378 kB | 78/424 kB | 25/53 kB | 4.3 kB
Progress (4): 111/378 kB | 82/424 kB | 25/53 kB | 4.3 kB
Progress (4): 115/378 kB | 82/424 kB | 25/53 kB | 4.3 kB
Progress (4): 119/378 kB | 82/424 kB | 25/53 kB | 4.3 kB
Progress (4): 123/378 kB | 82/424 kB | 25/53 kB | 4.3 kB
Progress (4): 127/378 kB | 82/424 kB | 25/53 kB | 4.3 kB
Progress (4): 131/378 kB | 82/424 kB | 25/53 kB | 4.3 kB
Progress (4): 135/378 kB | 82/424 kB | 25/53 kB | 4.3 kB
Progress (4): 139/378 kB | 82/424 kB | 25/53 kB | 4.3 kB
Progress (4): 143/378 kB | 82/424 kB | 25/53 kB | 4.3 kB
Progress (4): 147/378 kB | 82/424 kB | 25/53 kB | 4.3 kB
Progress (4): 152/378 kB | 82/424 kB | 25/53 kB | 4.3 kB
Progress (4): 156/378 kB | 82/424 kB | 25/53 kB | 4.3 kB
Progress (4): 160/378 kB | 82/424 kB | 25/53 kB | 4.3 kB
Progress (4): 164/378 kB | 82/424 kB | 25/53 kB | 4.3 kB
Progress (4): 168/378 kB | 82/424 kB | 25/53 kB | 4.3 kB
Progress (4): 172/378 kB | 82/424 kB | 25/53 kB | 4.3 kB
Progress (4): 176/378 kB | 82/424 kB | 25/53 kB | 4.3 kB
Progress (4): 180/378 kB | 82/424 kB | 25/53 kB | 4.3 kB
Progress (4): 184/378 kB | 82/424 kB | 25/53 kB | 4.3 kB
Progress (4): 188/378 kB | 82/424 kB | 25/53 kB | 4.3 kB
Progress (4): 193/378 kB | 82/424 kB | 25/53 kB | 4.3 kB
Progress (4): 197/378 kB | 82/424 kB | 25/53 kB | 4.3 kB
Progress (4): 197/378 kB | 86/424 kB | 25/53 kB | 4.3 kB
Progress (4): 197/378 kB | 90/424 kB | 25/53 kB | 4.3 kB
Progress (4): 197/378 kB | 94/424 kB | 25/53 kB | 4.3 kB
Progress (4): 197/378 kB | 98/424 kB | 25/53 kB | 4.3 kB
Progress (4): 197/378 kB | 102/424 kB | 25/53 kB | 4.3 kB
Progress (4): 197/378 kB | 102/424 kB | 29/53 kB | 4.3 kB
Progress (4): 197/378 kB | 102/424 kB | 33/53 kB | 4.3 kB
Progress (4): 197/378 kB | 102/424 kB | 37/53 kB | 4.3 kB
Progress (4): 197/378 kB | 102/424 kB | 41/53 kB | 4.3 kB
Progress (4): 197/378 kB | 102/424 kB | 45/53 kB | 4.3 kB
Progress (4): 197/378 kB | 102/424 kB | 49/53 kB | 4.3 kB
Progress (4): 197/378 kB | 102/424 kB | 53 kB | 4.3 kB   
                                                      
Downloading from central: https://repo.maven.apache.org/maven2/org/apache/maven/maven-model/3.3.9/maven-model-3.3.9.jar
Downloaded from central: https://repo.maven.apache.org/maven2/org/codehaus/plexus/plexus-component-annotations/1.6/plexus-component-annotations-1.6.jar (4.3 kB at 9.9 kB/s)
Downloading from central: https://repo.maven.apache.org/maven2/org/apache/maven/maven-plugin-api/3.3.9/maven-plugin-api-3.3.9.jar
Progress (3): 197/378 kB | 106/424 kB | 53 kB
Progress (3): 197/378 kB | 111/424 kB | 53 kB
Progress (3): 197/378 kB | 115/424 kB | 53 kB
Progress (3): 197/378 kB | 119/424 kB | 53 kB
Progress (3): 197/378 kB | 123/424 kB | 53 kB
Progress (3): 197/378 kB | 127/424 kB | 53 kB
Progress (4): 197/378 kB | 127/424 kB | 53 kB | 4.1/164 kB
Progress (4): 197/378 kB | 127/424 kB | 53 kB | 8.2/164 kB
Progress (4): 197/378 kB | 127/424 kB | 53 kB | 12/164 kB 
Progress (4): 197/378 kB | 127/424 kB | 53 kB | 16/164 kB
Progress (4): 197/378 kB | 131/424 kB | 53 kB | 16/164 kB
Progress (4): 197/378 kB | 135/424 kB | 53 kB | 16/164 kB
Progress (5): 197/378 kB | 135/424 kB | 53 kB | 16/164 kB | 4.1/47 kB
Progress (5): 197/378 kB | 135/424 kB | 53 kB | 16/164 kB | 8.2/47 kB
Progress (5): 197/378 kB | 135/424 kB | 53 kB | 16/164 kB | 12/47 kB 
Progress (5): 197/378 kB | 135/424 kB | 53 kB | 20/164 kB | 12/47 kB
Progress (5): 197/378 kB | 135/424 kB | 53 kB | 25/164 kB | 12/47 kB
Progress (5): 197/378 kB | 135/424 kB | 53 kB | 29/164 kB | 12/47 kB
Progress (5): 197/378 kB | 135/424 kB | 53 kB | 33/164 kB | 12/47 kB
Progress (5): 197/378 kB | 135/424 kB | 53 kB | 37/164 kB | 12/47 kB
Progress (5): 197/378 kB | 135/424 kB | 53 kB | 41/164 kB | 12/47 kB
Progress (5): 197/378 kB | 135/424 kB | 53 kB | 45/164 kB | 12/47 kB
Progress (5): 197/378 kB | 135/424 kB | 53 kB | 49/164 kB | 12/47 kB
Progress (5): 197/378 kB | 135/424 kB | 53 kB | 53/164 kB | 12/47 kB
Progress (5): 197/378 kB | 135/424 kB | 53 kB | 57/164 kB | 12/47 kB
Progress (5): 197/378 kB | 135/424 kB | 53 kB | 61/164 kB | 12/47 kB
Progress (5): 197/378 kB | 135/424 kB | 53 kB | 66/164 kB | 12/47 kB
Progress (5): 197/378 kB | 135/424 kB | 53 kB | 70/164 kB | 12/47 kB
Progress (5): 197/378 kB | 135/424 kB | 53 kB | 74/164 kB | 12/47 kB
Progress (5): 197/378 kB | 135/424 kB | 53 kB | 78/164 kB | 12/47 kB
Progress (5): 197/378 kB | 135/424 kB | 53 kB | 82/164 kB | 12/47 kB
Progress (5): 197/378 kB | 135/424 kB | 53 kB | 86/164 kB | 12/47 kB
Progress (5): 197/378 kB | 135/424 kB | 53 kB | 90/164 kB | 12/47 kB
                                                                    
Downloaded from central: https://repo.maven.apache.org/maven2/org/codehaus/plexus/plexus-classworlds/2.5.2/plexus-classworlds-2.5.2.jar (53 kB at 118 kB/s)
Downloading from central: https://repo.maven.apache.org/maven2/org/apache/maven/maven-settings/3.3.9/maven-settings-3.3.9.jar
Progress (4): 201/378 kB | 135/424 kB | 90/164 kB | 12/47 kB
Progress (4): 205/378 kB | 135/424 kB | 90/164 kB | 12/47 kB
Progress (4): 209/378 kB | 135/424 kB | 90/164 kB | 12/47 kB
Progress (4): 213/378 kB | 135/424 kB | 90/164 kB | 12/47 kB
Progress (4): 217/378 kB | 135/424 kB | 90/164 kB | 12/47 kB
Progress (4): 221/378 kB | 135/424 kB | 90/164 kB | 12/47 kB
Progress (4): 225/378 kB | 135/424 kB | 90/164 kB | 12/47 kB
Progress (4): 229/378 kB | 135/424 kB | 90/164 kB | 12/47 kB
Progress (4): 233/378 kB | 135/424 kB | 90/164 kB | 12/47 kB
Progress (4): 238/378 kB | 135/424 kB | 90/164 kB | 12/47 kB
Progress (4): 242/378 kB | 135/424 kB | 90/164 kB | 12/47 kB
Progress (4): 246/378 kB | 135/424 kB | 90/164 kB | 12/47 kB
Progress (4): 246/378 kB | 139/424 kB | 90/164 kB | 12/47 kB
Progress (4): 246/378 kB | 143/424 kB | 90/164 kB | 12/47 kB
Progress (4): 246/378 kB | 147/424 kB | 90/164 kB | 12/47 kB
Progress (4): 246/378 kB | 152/424 kB | 90/164 kB | 12/47 kB
Progress (4): 246/378 kB | 156/424 kB | 90/164 kB | 12/47 kB
Progress (4): 246/378 kB | 160/424 kB | 90/164 kB | 12/47 kB
Progress (4): 246/378 kB | 164/424 kB | 90/164 kB | 12/47 kB
Progress (4): 246/378 kB | 168/424 kB | 90/164 kB | 12/47 kB
Progress (4): 246/378 kB | 172/424 kB | 90/164 kB | 12/47 kB
Progress (4): 246/378 kB | 176/424 kB | 90/164 kB | 12/47 kB
Progress (4): 246/378 kB | 180/424 kB | 90/164 kB | 12/47 kB
Progress (4): 246/378 kB | 184/424 kB | 90/164 kB | 12/47 kB
Progress (4): 246/378 kB | 188/424 kB | 90/164 kB | 12/47 kB
Progress (4): 246/378 kB | 193/424 kB | 90/164 kB | 12/47 kB
Progress (4): 246/378 kB | 197/424 kB | 90/164 kB | 12/47 kB
Progress (4): 246/378 kB | 201/424 kB | 90/164 kB | 12/47 kB
Progress (4): 246/378 kB | 201/424 kB | 90/164 kB | 16/47 kB
Progress (4): 246/378 kB | 201/424 kB | 90/164 kB | 20/47 kB
Progress (4): 246/378 kB | 201/424 kB | 90/164 kB | 25/47 kB
Progress (4): 246/378 kB | 201/424 kB | 90/164 kB | 29/47 kB
Progress (4): 246/378 kB | 201/424 kB | 90/164 kB | 33/47 kB
Progress (4): 246/378 kB | 201/424 kB | 90/164 kB | 37/47 kB
Progress (4): 246/378 kB | 201/424 kB | 90/164 kB | 41/47 kB
Progress (4): 246/378 kB | 201/424 kB | 90/164 kB | 45/47 kB
Progress (4): 246/378 kB | 201/424 kB | 90/164 kB | 47 kB   
Progress (4): 246/378 kB | 201/424 kB | 94/164 kB | 47 kB
Progress (4): 246/378 kB | 201/424 kB | 98/164 kB | 47 kB
Progress (4): 246/378 kB | 201/424 kB | 102/164 kB | 47 kB
Progress (4): 250/378 kB | 201/424 kB | 102/164 kB | 47 kB
Progress (4): 254/378 kB | 201/424 kB | 102/164 kB | 47 kB
Progress (5): 254/378 kB | 201/424 kB | 102/164 kB | 47 kB | 4.1/44 kB
Progress (5): 254/378 kB | 201/424 kB | 102/164 kB | 47 kB | 8.2/44 kB
Progress (5): 254/378 kB | 201/424 kB | 102/164 kB | 47 kB | 12/44 kB 
Progress (5): 254/378 kB | 201/424 kB | 102/164 kB | 47 kB | 16/44 kB
Progress (5): 254/378 kB | 201/424 kB | 102/164 kB | 47 kB | 20/44 kB
Progress (5): 254/378 kB | 201/424 kB | 102/164 kB | 47 kB | 25/44 kB
Progress (5): 254/378 kB | 201/424 kB | 102/164 kB | 47 kB | 29/44 kB
Progress (5): 254/378 kB | 201/424 kB | 102/164 kB | 47 kB | 33/44 kB
Progress (5): 254/378 kB | 201/424 kB | 102/164 kB | 47 kB | 37/44 kB
Progress (5): 254/378 kB | 201/424 kB | 102/164 kB | 47 kB | 41/44 kB
Progress (5): 254/378 kB | 201/424 kB | 102/164 kB | 47 kB | 44 kB   
Progress (5): 258/378 kB | 201/424 kB | 102/164 kB | 47 kB | 44 kB
Progress (5): 262/378 kB | 201/424 kB | 102/164 kB | 47 kB | 44 kB
Progress (5): 266/378 kB | 201/424 kB | 102/164 kB | 47 kB | 44 kB
Progress (5): 270/378 kB | 201/424 kB | 102/164 kB | 47 kB | 44 kB
Progress (5): 274/378 kB | 201/424 kB | 102/164 kB | 47 kB | 44 kB
Progress (5): 279/378 kB | 201/424 kB | 102/164 kB | 47 kB | 44 kB
                                                                  
Downloaded from central: https://repo.maven.apache.org/maven2/org/apache/maven/maven-plugin-api/3.3.9/maven-plugin-api-3.3.9.jar (47 kB at 102 kB/s)
Progress (4): 279/378 kB | 205/424 kB | 102/164 kB | 44 kB
Progress (4): 279/378 kB | 209/424 kB | 102/164 kB | 44 kB
Progress (4): 279/378 kB | 213/424 kB | 102/164 kB | 44 kB
Progress (4): 279/378 kB | 217/424 kB | 102/164 kB | 44 kB
Progress (4): 279/378 kB | 221/424 kB | 102/164 kB | 44 kB
Progress (4): 279/378 kB | 225/424 kB | 102/164 kB | 44 kB
Progress (4): 279/378 kB | 229/424 kB | 102/164 kB | 44 kB
Progress (4): 279/378 kB | 233/424 kB | 102/164 kB | 44 kB
Progress (4): 279/378 kB | 238/424 kB | 102/164 kB | 44 kB
Progress (4): 279/378 kB | 242/424 kB | 102/164 kB | 44 kB
Progress (4): 279/378 kB | 246/424 kB | 102/164 kB | 44 kB
Progress (4): 279/378 kB | 250/424 kB | 102/164 kB | 44 kB
Progress (4): 279/378 kB | 254/424 kB | 102/164 kB | 44 kB
Progress (4): 279/378 kB | 258/424 kB | 102/164 kB | 44 kB
Progress (4): 279/378 kB | 262/424 kB | 102/164 kB | 44 kB
Progress (4): 279/378 kB | 266/424 kB | 102/164 kB | 44 kB
                                                          
Downloading from central: https://repo.maven.apache.org/maven2/org/apache/maven/shared/maven-common-artifact-filters/3.0.1/maven-common-artifact-filters-3.0.1.jar
Progress (4): 279/378 kB | 266/424 kB | 106/164 kB | 44 kB
Progress (4): 279/378 kB | 266/424 kB | 111/164 kB | 44 kB
Progress (4): 279/378 kB | 266/424 kB | 115/164 kB | 44 kB
Progress (4): 279/378 kB | 266/424 kB | 119/164 kB | 44 kB
Progress (4): 279/378 kB | 266/424 kB | 123/164 kB | 44 kB
Progress (4): 283/378 kB | 266/424 kB | 123/164 kB | 44 kB
Progress (4): 287/378 kB | 266/424 kB | 123/164 kB | 44 kB
Progress (4): 291/378 kB | 266/424 kB | 123/164 kB | 44 kB
Progress (4): 295/378 kB | 266/424 kB | 123/164 kB | 44 kB
Progress (4): 299/378 kB | 266/424 kB | 123/164 kB | 44 kB
Progress (4): 303/378 kB | 266/424 kB | 123/164 kB | 44 kB
Progress (4): 303/378 kB | 266/424 kB | 127/164 kB | 44 kB
Progress (4): 303/378 kB | 266/424 kB | 131/164 kB | 44 kB
Progress (4): 303/378 kB | 266/424 kB | 135/164 kB | 44 kB
Progress (4): 303/378 kB | 266/424 kB | 139/164 kB | 44 kB
Progress (4): 303/378 kB | 266/424 kB | 143/164 kB | 44 kB
Progress (4): 303/378 kB | 266/424 kB | 147/164 kB | 44 kB
Progress (4): 303/378 kB | 266/424 kB | 152/164 kB | 44 kB
Progress (4): 303/378 kB | 266/424 kB | 156/164 kB | 44 kB
Progress (4): 303/378 kB | 266/424 kB | 160/164 kB | 44 kB
Progress (4): 303/378 kB | 266/424 kB | 164/164 kB | 44 kB
Progress (5): 303/378 kB | 266/424 kB | 164/164 kB | 44 kB | 4.1/61 kB
Progress (5): 303/378 kB | 266/424 kB | 164/164 kB | 44 kB | 8.2/61 kB
Progress (5): 303/378 kB | 266/424 kB | 164/164 kB | 44 kB | 12/61 kB 
                                                                     
Downloaded from central: https://repo.maven.apache.org/maven2/org/apache/maven/maven-settings/3.3.9/maven-settings-3.3.9.jar (44 kB at 89 kB/s)
Downloading from central: https://repo.maven.apache.org/maven2/org/apache/maven/plugins/maven-shade-plugin/3.2.1/maven-shade-plugin-3.2.1.jar
Progress (4): 303/378 kB | 266/424 kB | 164/164 kB | 16/61 kB
Progress (4): 303/378 kB | 266/424 kB | 164/164 kB | 20/61 kB
Progress (4): 303/378 kB | 266/424 kB | 164/164 kB | 25/61 kB
Progress (4): 303/378 kB | 266/424 kB | 164/164 kB | 29/61 kB
Progress (4): 303/378 kB | 266/424 kB | 164/164 kB | 33/61 kB
Progress (4): 303/378 kB | 266/424 kB | 164/164 kB | 37/61 kB
Progress (4): 303/378 kB | 266/424 kB | 164/164 kB | 41/61 kB
Progress (4): 303/378 kB | 266/424 kB | 164/164 kB | 45/61 kB
Progress (4): 303/378 kB | 266/424 kB | 164/164 kB | 49/61 kB
Progress (4): 303/378 kB | 266/424 kB | 164/164 kB | 53/61 kB
Progress (4): 303/378 kB | 270/424 kB | 164/164 kB | 53/61 kB
Progress (4): 303/378 kB | 274/424 kB | 164/164 kB | 53/61 kB
Progress (4): 303/378 kB | 279/424 kB | 164/164 kB | 53/61 kB
Progress (4): 307/378 kB | 279/424 kB | 164/164 kB | 53/61 kB
Progress (4): 311/378 kB | 279/424 kB | 164/164 kB | 53/61 kB
Progress (4): 315/378 kB | 279/424 kB | 164/164 kB | 53/61 kB
Progress (4): 319/378 kB | 279/424 kB | 164/164 kB | 53/61 kB
Progress (4): 324/378 kB | 279/424 kB | 164/164 kB | 53/61 kB
Progress (4): 328/378 kB | 279/424 kB | 164/164 kB | 53/61 kB
Progress (4): 332/378 kB | 279/424 kB | 164/164 kB | 53/61 kB
Progress (4): 336/378 kB | 279/424 kB | 164/164 kB | 53/61 kB
Progress (4): 340/378 kB | 279/424 kB | 164/164 kB | 53/61 kB
Progress (4): 344/378 kB | 279/424 kB | 164/164 kB | 53/61 kB
Progress (5): 344/378 kB | 279/424 kB | 164/164 kB | 53/61 kB | 4.1/114 kB
Progress (5): 344/378 kB | 279/424 kB | 164/164 kB | 53/61 kB | 8.2/114 kB
Progress (5): 344/378 kB | 279/424 kB | 164/164 kB | 53/61 kB | 12/114 kB 
Progress (5): 344/378 kB | 279/424 kB | 164/164 kB | 53/61 kB | 16/114 kB
Progress (5): 344/378 kB | 279/424 kB | 164 kB | 53/61 kB | 16/114 kB    
Progress (5): 344/378 kB | 283/424 kB | 164 kB | 53/61 kB | 16/114 kB
Progress (5): 344/378 kB | 287/424 kB | 164 kB | 53/61 kB | 16/114 kB
Progress (5): 344/378 kB | 291/424 kB | 164 kB | 53/61 kB | 16/114 kB
Progress (5): 344/378 kB | 295/424 kB | 164 kB | 53/61 kB | 16/114 kB
Progress (5): 344/378 kB | 299/424 kB | 164 kB | 53/61 kB | 16/114 kB
Progress (5): 344/378 kB | 303/424 kB | 164 kB | 53/61 kB | 16/114 kB
                                                                     
Downloaded from central: https://repo.maven.apache.org/maven2/org/apache/maven/maven-model/3.3.9/maven-model-3.3.9.jar (164 kB at 314 kB/s)
Progress (4): 344/378 kB | 303/424 kB | 53/61 kB | 20/114 kB
Progress (4): 344/378 kB | 303/424 kB | 53/61 kB | 25/114 kB
Progress (4): 344/378 kB | 303/424 kB | 53/61 kB | 29/114 kB
Progress (4): 344/378 kB | 303/424 kB | 53/61 kB | 33/114 kB
Progress (4): 344/378 kB | 303/424 kB | 53/61 kB | 37/114 kB
Progress (4): 344/378 kB | 303/424 kB | 53/61 kB | 41/114 kB
Progress (4): 344/378 kB | 303/424 kB | 53/61 kB | 45/114 kB
Progress (4): 344/378 kB | 303/424 kB | 53/61 kB | 49/114 kB
Progress (4): 344/378 kB | 303/424 kB | 53/61 kB | 53/114 kB
Progress (4): 344/378 kB | 303/424 kB | 53/61 kB | 57/114 kB
Progress (4): 344/378 kB | 303/424 kB | 53/61 kB | 61/114 kB
Progress (4): 344/378 kB | 303/424 kB | 53/61 kB | 66/114 kB
Progress (4): 344/378 kB | 303/424 kB | 57/61 kB | 66/114 kB
Progress (4): 344/378 kB | 303/424 kB | 61/61 kB | 66/114 kB
Progress (4): 344/378 kB | 303/424 kB | 61 kB | 66/114 kB   
Progress (4): 348/378 kB | 303/424 kB | 61 kB | 66/114 kB
Progress (4): 352/378 kB | 303/424 kB | 61 kB | 66/114 kB
Progress (4): 356/378 kB | 303/424 kB | 61 kB | 66/114 kB
Progress (4): 360/378 kB | 303/424 kB | 61 kB | 66/114 kB
Progress (4): 365/378 kB | 303/424 kB | 61 kB | 66/114 kB
Progress (4): 369/378 kB | 303/424 kB | 61 kB | 66/114 kB
Progress (4): 373/378 kB | 303/424 kB | 61 kB | 66/114 kB
Progress (4): 377/378 kB | 303/424 kB | 61 kB | 66/114 kB
Progress (4): 378 kB | 303/424 kB | 61 kB | 66/114 kB    
                                                     
Downloading from central: https://repo.maven.apache.org/maven2/org/apache/maven/shared/maven-artifact-transfer/0.10.0/maven-artifact-transfer-0.10.0.jar
Progress (4): 378 kB | 307/424 kB | 61 kB | 66/114 kB
Progress (4): 378 kB | 311/424 kB | 61 kB | 66/114 kB
Progress (4): 378 kB | 315/424 kB | 61 kB | 66/114 kB
Progress (4): 378 kB | 319/424 kB | 61 kB | 66/114 kB
Progress (4): 378 kB | 324/424 kB | 61 kB | 66/114 kB
Progress (4): 378 kB | 328/424 kB | 61 kB | 66/114 kB
Progress (4): 378 kB | 332/424 kB | 61 kB | 66/114 kB
Progress (4): 378 kB | 336/424 kB | 61 kB | 66/114 kB
Progress (4): 378 kB | 340/424 kB | 61 kB | 66/114 kB
Progress (4): 378 kB | 344/424 kB | 61 kB | 66/114 kB
Progress (4): 378 kB | 348/424 kB | 61 kB | 66/114 kB
Progress (4): 378 kB | 352/424 kB | 61 kB | 66/114 kB
Progress (4): 378 kB | 356/424 kB | 61 kB | 66/114 kB
Progress (4): 378 kB | 360/424 kB | 61 kB | 66/114 kB
Progress (4): 378 kB | 365/424 kB | 61 kB | 66/114 kB
Progress (4): 378 kB | 369/424 kB | 61 kB | 66/114 kB
Progress (4): 378 kB | 369/424 kB | 61 kB | 70/114 kB
Progress (4): 378 kB | 369/424 kB | 61 kB | 74/114 kB
Progress (4): 378 kB | 369/424 kB | 61 kB | 78/114 kB
                                                     
Downloaded from central: https://repo.maven.apache.org/maven2/org/apache/maven/shared/maven-common-artifact-filters/3.0.1/maven-common-artifact-filters-3.0.1.jar (61 kB at 113 kB/s)
Downloading from central: https://repo.maven.apache.org/maven2/org/ow2/asm/asm/7.0/asm-7.0.jar
Downloaded from central: https://repo.maven.apache.org/maven2/org/eclipse/sisu/org.eclipse.sisu.inject/0.3.2/org.eclipse.sisu.inject-0.3.2.jar (378 kB at 680 kB/s)
Progress (3): 369/424 kB | 78/114 kB | 4.1/128 kB
Progress (3): 369/424 kB | 78/114 kB | 8.2/128 kB
Progress (3): 369/424 kB | 78/114 kB | 12/128 kB 
Progress (3): 369/424 kB | 78/114 kB | 16/128 kB
Progress (3): 369/424 kB | 78/114 kB | 20/128 kB
Progress (3): 369/424 kB | 78/114 kB | 25/128 kB
Progress (3): 369/424 kB | 78/114 kB | 29/128 kB
Progress (3): 369/424 kB | 78/114 kB | 33/128 kB
Progress (3): 369/424 kB | 78/114 kB | 37/128 kB
Progress (3): 369/424 kB | 78/114 kB | 41/128 kB
Progress (3): 369/424 kB | 78/114 kB | 45/128 kB
Progress (3): 369/424 kB | 78/114 kB | 49/128 kB
Progress (3): 369/424 kB | 78/114 kB | 53/128 kB
Progress (3): 369/424 kB | 78/114 kB | 57/128 kB
Progress (3): 369/424 kB | 78/114 kB | 61/128 kB
Progress (3): 369/424 kB | 78/114 kB | 66/128 kB
Progress (3): 369/424 kB | 82/114 kB | 66/128 kB
Progress (3): 369/424 kB | 86/114 kB | 66/128 kB
Progress (3): 369/424 kB | 90/114 kB | 66/128 kB
Progress (3): 369/424 kB | 94/114 kB | 66/128 kB
Progress (3): 369/424 kB | 98/114 kB | 66/128 kB
Progress (3): 369/424 kB | 102/114 kB | 66/128 kB
Progress (3): 369/424 kB | 106/114 kB | 66/128 kB
Progress (3): 369/424 kB | 111/114 kB | 66/128 kB
Progress (3): 369/424 kB | 114 kB | 66/128 kB    
Progress (3): 373/424 kB | 114 kB | 66/128 kB
Progress (3): 377/424 kB | 114 kB | 66/128 kB
Progress (3): 381/424 kB | 114 kB | 66/128 kB
                                             
Downloading from central: https://repo.maven.apache.org/maven2/org/ow2/asm/asm-commons/7.0/asm-commons-7.0.jar
Progress (4): 381/424 kB | 114 kB | 66/128 kB | 4.1/114 kB
Progress (4): 381/424 kB | 114 kB | 66/128 kB | 8.2/114 kB
Progress (4): 381/424 kB | 114 kB | 66/128 kB | 12/114 kB 
Progress (4): 381/424 kB | 114 kB | 66/128 kB | 16/114 kB
Progress (4): 381/424 kB | 114 kB | 66/128 kB | 20/114 kB
Progress (4): 381/424 kB | 114 kB | 66/128 kB | 25/114 kB
Progress (4): 381/424 kB | 114 kB | 66/128 kB | 29/114 kB
Progress (4): 381/424 kB | 114 kB | 66/128 kB | 33/114 kB
Progress (4): 381/424 kB | 114 kB | 66/128 kB | 36/114 kB
Progress (4): 381/424 kB | 114 kB | 66/128 kB | 40/114 kB
Progress (4): 381/424 kB | 114 kB | 66/128 kB | 44/114 kB
Progress (4): 381/424 kB | 114 kB | 66/128 kB | 48/114 kB
Progress (4): 381/424 kB | 114 kB | 66/128 kB | 52/114 kB
Progress (5): 381/424 kB | 114 kB | 66/128 kB | 52/114 kB | 4.1/80 kB
Progress (5): 381/424 kB | 114 kB | 66/128 kB | 52/114 kB | 8.2/80 kB
Progress (5): 381/424 kB | 114 kB | 66/128 kB | 52/114 kB | 12/80 kB 
Progress (5): 381/424 kB | 114 kB | 66/128 kB | 52/114 kB | 16/80 kB
Progress (5): 381/424 kB | 114 kB | 66/128 kB | 52/114 kB | 20/80 kB
Progress (5): 385/424 kB | 114 kB | 66/128 kB | 52/114 kB | 20/80 kB
Progress (5): 389/424 kB | 114 kB | 66/128 kB | 52/114 kB | 20/80 kB
Progress (5): 393/424 kB | 114 kB | 66/128 kB | 52/114 kB | 20/80 kB
Progress (5): 397/424 kB | 114 kB | 66/128 kB | 52/114 kB | 20/80 kB
Progress (5): 397/424 kB | 114 kB | 66/128 kB | 52/114 kB | 25/80 kB
Progress (5): 397/424 kB | 114 kB | 66/128 kB | 52/114 kB | 29/80 kB
Progress (5): 397/424 kB | 114 kB | 66/128 kB | 52/114 kB | 33/80 kB
Progress (5): 397/424 kB | 114 kB | 66/128 kB | 52/114 kB | 37/80 kB
                                                                    
Downloaded from central: https://repo.maven.apache.org/maven2/org/apache/maven/plugins/maven-shade-plugin/3.2.1/maven-shade-plugin-3.2.1.jar (114 kB at 194 kB/s)
Downloading from central: https://repo.maven.apache.org/maven2/org/ow2/asm/asm-tree/7.0/asm-tree-7.0.jar
Progress (4): 397/424 kB | 66/128 kB | 56/114 kB | 37/80 kB
Progress (4): 397/424 kB | 66/128 kB | 61/114 kB | 37/80 kB
Progress (4): 397/424 kB | 66/128 kB | 65/114 kB | 37/80 kB
Progress (4): 397/424 kB | 66/128 kB | 69/114 kB | 37/80 kB
Progress (4): 397/424 kB | 66/128 kB | 73/114 kB | 37/80 kB
Progress (4): 397/424 kB | 66/128 kB | 77/114 kB | 37/80 kB
Progress (4): 397/424 kB | 66/128 kB | 81/114 kB | 37/80 kB
Progress (4): 397/424 kB | 66/128 kB | 85/114 kB | 37/80 kB
Progress (4): 401/424 kB | 66/128 kB | 85/114 kB | 37/80 kB
Progress (4): 406/424 kB | 66/128 kB | 85/114 kB | 37/80 kB
Progress (4): 410/424 kB | 66/128 kB | 85/114 kB | 37/80 kB
Progress (4): 414/424 kB | 66/128 kB | 85/114 kB | 37/80 kB
Progress (4): 418/424 kB | 66/128 kB | 85/114 kB | 37/80 kB
Progress (4): 422/424 kB | 66/128 kB | 85/114 kB | 37/80 kB
Progress (4): 424 kB | 66/128 kB | 85/114 kB | 37/80 kB    
Progress (4): 424 kB | 70/128 kB | 85/114 kB | 37/80 kB
Progress (4): 424 kB | 74/128 kB | 85/114 kB | 37/80 kB
Progress (4): 424 kB | 78/128 kB | 85/114 kB | 37/80 kB
Progress (4): 424 kB | 82/128 kB | 85/114 kB | 37/80 kB
Progress (4): 424 kB | 86/128 kB | 85/114 kB | 37/80 kB
Progress (4): 424 kB | 90/128 kB | 85/114 kB | 37/80 kB
Progress (4): 424 kB | 94/128 kB | 85/114 kB | 37/80 kB
Progress (4): 424 kB | 98/128 kB | 85/114 kB | 37/80 kB
Progress (4): 424 kB | 102/128 kB | 85/114 kB | 37/80 kB
Progress (4): 424 kB | 106/128 kB | 85/114 kB | 37/80 kB
Progress (4): 424 kB | 111/128 kB | 85/114 kB | 37/80 kB
Progress (4): 424 kB | 115/128 kB | 85/114 kB | 37/80 kB
Progress (4): 424 kB | 119/128 kB | 85/114 kB | 37/80 kB
Progress (4): 424 kB | 123/128 kB | 85/114 kB | 37/80 kB
Progress (4): 424 kB | 127/128 kB | 85/114 kB | 37/80 kB
Progress (4): 424 kB | 128 kB | 85/114 kB | 37/80 kB    
Progress (4): 424 kB | 128 kB | 85/114 kB | 41/80 kB
Progress (4): 424 kB | 128 kB | 85/114 kB | 45/80 kB
Progress (4): 424 kB | 128 kB | 85/114 kB | 49/80 kB
Progress (4): 424 kB | 128 kB | 85/114 kB | 53/80 kB
Progress (4): 424 kB | 128 kB | 85/114 kB | 57/80 kB
Progress (4): 424 kB | 128 kB | 85/114 kB | 61/80 kB
Progress (4): 424 kB | 128 kB | 89/114 kB | 61/80 kB
                                                    
Downloaded from central: https://repo.maven.apache.org/maven2/com/google/inject/guice/4.0/guice-4.0-no_aop.jar (424 kB at 705 kB/s)
Downloading from central: https://repo.maven.apache.org/maven2/org/ow2/asm/asm-analysis/7.0/asm-analysis-7.0.jar
Progress (4): 128 kB | 89/114 kB | 61/80 kB | 4.1/50 kB
Progress (4): 128 kB | 89/114 kB | 61/80 kB | 8.2/50 kB
Progress (4): 128 kB | 89/114 kB | 61/80 kB | 12/50 kB 
Progress (4): 128 kB | 89/114 kB | 61/80 kB | 16/50 kB
Progress (4): 128 kB | 89/114 kB | 61/80 kB | 20/50 kB
Progress (4): 128 kB | 89/114 kB | 61/80 kB | 25/50 kB
Progress (4): 128 kB | 89/114 kB | 61/80 kB | 29/50 kB
Progress (4): 128 kB | 89/114 kB | 61/80 kB | 33/50 kB
Progress (4): 128 kB | 89/114 kB | 61/80 kB | 37/50 kB
Progress (4): 128 kB | 93/114 kB | 61/80 kB | 37/50 kB
Progress (4): 128 kB | 97/114 kB | 61/80 kB | 37/50 kB
Progress (4): 128 kB | 102/114 kB | 61/80 kB | 37/50 kB
Progress (4): 128 kB | 106/114 kB | 61/80 kB | 37/50 kB
Progress (4): 128 kB | 110/114 kB | 61/80 kB | 37/50 kB
Progress (4): 128 kB | 114 kB | 61/80 kB | 37/50 kB    
Progress (4): 128 kB | 114 kB | 61/80 kB | 41/50 kB
Progress (4): 128 kB | 114 kB | 61/80 kB | 45/50 kB
Progress (4): 128 kB | 114 kB | 61/80 kB | 49/50 kB
Progress (4): 128 kB | 114 kB | 61/80 kB | 50 kB   
Progress (5): 128 kB | 114 kB | 61/80 kB | 50 kB | 4.1/33 kB
Progress (5): 128 kB | 114 kB | 61/80 kB | 50 kB | 8.2/33 kB
Progress (5): 128 kB | 114 kB | 61/80 kB | 50 kB | 12/33 kB 
Progress (5): 128 kB | 114 kB | 61/80 kB | 50 kB | 16/33 kB
Progress (5): 128 kB | 114 kB | 61/80 kB | 50 kB | 20/33 kB
Progress (5): 128 kB | 114 kB | 61/80 kB | 50 kB | 25/33 kB
Progress (5): 128 kB | 114 kB | 61/80 kB | 50 kB | 29/33 kB
Progress (5): 128 kB | 114 kB | 61/80 kB | 50 kB | 33/33 kB
Progress (5): 128 kB | 114 kB | 61/80 kB | 50 kB | 33 kB   
Progress (5): 128 kB | 114 kB | 66/80 kB | 50 kB | 33 kB
Progress (5): 128 kB | 114 kB | 70/80 kB | 50 kB | 33 kB
Progress (5): 128 kB | 114 kB | 74/80 kB | 50 kB | 33 kB
Progress (5): 128 kB | 114 kB | 78/80 kB | 50 kB | 33 kB
Progress (5): 128 kB | 114 kB | 80 kB | 50 kB | 33 kB   
                                                     
Downloaded from central: https://repo.maven.apache.org/maven2/org/ow2/asm/asm/7.0/asm-7.0.jar (114 kB at 183 kB/s)
Downloaded from central: https://repo.maven.apache.org/maven2/org/apache/maven/shared/maven-artifact-transfer/0.10.0/maven-artifact-transfer-0.10.0.jar (128 kB at 205 kB/s)
Downloading from central: https://repo.maven.apache.org/maven2/org/jdom/jdom2/2.0.6/jdom2-2.0.6.jar
Downloading from central: https://repo.maven.apache.org/maven2/org/apache/maven/shared/maven-dependency-tree/3.0.1/maven-dependency-tree-3.0.1.jar
Downloaded from central: https://repo.maven.apache.org/maven2/org/ow2/asm/asm-commons/7.0/asm-commons-7.0.jar (80 kB at 128 kB/s)
Downloading from central: https://repo.maven.apache.org/maven2/org/vafer/jdependency/2.1.1/jdependency-2.1.1.jar
Progress (3): 50 kB | 33 kB | 4.1/305 kB
Progress (3): 50 kB | 33 kB | 8.2/305 kB
Progress (3): 50 kB | 33 kB | 12/305 kB 
Progress (3): 50 kB | 33 kB | 16/305 kB
Progress (3): 50 kB | 33 kB | 20/305 kB
Progress (3): 50 kB | 33 kB | 25/305 kB
Progress (3): 50 kB | 33 kB | 29/305 kB
Progress (3): 50 kB | 33 kB | 33/305 kB
                                       
Downloaded from central: https://repo.maven.apache.org/maven2/org/ow2/asm/asm-tree/7.0/asm-tree-7.0.jar (50 kB at 80 kB/s)
Progress (3): 33 kB | 33/305 kB | 4.1/37 kB
Progress (3): 33 kB | 33/305 kB | 8.2/37 kB
Progress (3): 33 kB | 33/305 kB | 12/37 kB 
Progress (3): 33 kB | 33/305 kB | 16/37 kB
Progress (3): 33 kB | 33/305 kB | 20/37 kB
Progress (3): 33 kB | 33/305 kB | 25/37 kB
Progress (3): 33 kB | 33/305 kB | 29/37 kB
Progress (3): 33 kB | 33/305 kB | 33/37 kB
Progress (3): 33 kB | 33/305 kB | 37 kB   
                                       
Downloaded from central: https://repo.maven.apache.org/maven2/org/ow2/asm/asm-analysis/7.0/asm-analysis-7.0.jar (33 kB at 52 kB/s)
Downloading from central: https://repo.maven.apache.org/maven2/org/ow2/asm/asm-util/7.0-beta/asm-util-7.0-beta.jar
Progress (3): 33/305 kB | 37 kB | 4.1/186 kB
Progress (3): 33/305 kB | 37 kB | 8.2/186 kB
Progress (3): 33/305 kB | 37 kB | 12/186 kB 
Progress (3): 33/305 kB | 37 kB | 16/186 kB
Progress (3): 33/305 kB | 37 kB | 20/186 kB
Progress (3): 33/305 kB | 37 kB | 25/186 kB
Progress (3): 33/305 kB | 37 kB | 29/186 kB
Progress (3): 33/305 kB | 37 kB | 33/186 kB
Progress (3): 33/305 kB | 37 kB | 37/186 kB
Progress (3): 33/305 kB | 37 kB | 41/186 kB
Progress (3): 33/305 kB | 37 kB | 45/186 kB
Progress (3): 33/305 kB | 37 kB | 49/186 kB
                                           
Downloading from central: https://repo.maven.apache.org/maven2/com/google/guava/guava/19.0/guava-19.0.jar
Progress (3): 37/305 kB | 37 kB | 49/186 kB
Progress (3): 41/305 kB | 37 kB | 49/186 kB
Progress (3): 45/305 kB | 37 kB | 49/186 kB
Progress (3): 49/305 kB | 37 kB | 49/186 kB
Progress (3): 53/305 kB | 37 kB | 49/186 kB
Progress (3): 57/305 kB | 37 kB | 49/186 kB
Progress (4): 57/305 kB | 37 kB | 49/186 kB | 4.1/81 kB
Progress (4): 57/305 kB | 37 kB | 49/186 kB | 8.2/81 kB
Progress (4): 57/305 kB | 37 kB | 49/186 kB | 12/81 kB 
Progress (4): 57/305 kB | 37 kB | 49/186 kB | 16/81 kB
Progress (4): 57/305 kB | 37 kB | 49/186 kB | 20/81 kB
                                                      
Downloaded from central: https://repo.maven.apache.org/maven2/org/apache/maven/shared/maven-dependency-tree/3.0.1/maven-dependency-tree-3.0.1.jar (37 kB at 56 kB/s)
Progress (4): 57/305 kB | 49/186 kB | 20/81 kB | 0/2.3 MB
Progress (4): 57/305 kB | 49/186 kB | 20/81 kB | 0/2.3 MB
Progress (4): 57/305 kB | 49/186 kB | 20/81 kB | 0/2.3 MB
Progress (4): 57/305 kB | 49/186 kB | 20/81 kB | 0.1/2.3 MB
Progress (4): 57/305 kB | 53/186 kB | 20/81 kB | 0.1/2.3 MB
Progress (4): 57/305 kB | 57/186 kB | 20/81 kB | 0.1/2.3 MB
Progress (4): 57/305 kB | 61/186 kB | 20/81 kB | 0.1/2.3 MB
Progress (4): 57/305 kB | 66/186 kB | 20/81 kB | 0.1/2.3 MB
Progress (4): 57/305 kB | 70/186 kB | 20/81 kB | 0.1/2.3 MB
Progress (4): 57/305 kB | 74/186 kB | 20/81 kB | 0.1/2.3 MB
Progress (4): 57/305 kB | 78/186 kB | 20/81 kB | 0.1/2.3 MB
Progress (4): 57/305 kB | 82/186 kB | 20/81 kB | 0.1/2.3 MB
Progress (4): 57/305 kB | 86/186 kB | 20/81 kB | 0.1/2.3 MB
Progress (4): 57/305 kB | 90/186 kB | 20/81 kB | 0.1/2.3 MB
Progress (4): 57/305 kB | 94/186 kB | 20/81 kB | 0.1/2.3 MB
Progress (4): 57/305 kB | 98/186 kB | 20/81 kB | 0.1/2.3 MB
Progress (4): 57/305 kB | 102/186 kB | 20/81 kB | 0.1/2.3 MB
Progress (4): 61/305 kB | 102/186 kB | 20/81 kB | 0.1/2.3 MB
Progress (4): 66/305 kB | 102/186 kB | 20/81 kB | 0.1/2.3 MB
Progress (4): 70/305 kB | 102/186 kB | 20/81 kB | 0.1/2.3 MB
Progress (4): 74/305 kB | 102/186 kB | 20/81 kB | 0.1/2.3 MB
Progress (4): 78/305 kB | 102/186 kB | 20/81 kB | 0.1/2.3 MB
Progress (4): 82/305 kB | 102/186 kB | 20/81 kB | 0.1/2.3 MB
Progress (4): 86/305 kB | 102/186 kB | 20/81 kB | 0.1/2.3 MB
Progress (4): 90/305 kB | 102/186 kB | 20/81 kB | 0.1/2.3 MB
Progress (4): 94/305 kB | 102/186 kB | 20/81 kB | 0.1/2.3 MB
Progress (4): 98/305 kB | 102/186 kB | 20/81 kB | 0.1/2.3 MB
Progress (4): 102/305 kB | 102/186 kB | 20/81 kB | 0.1/2.3 MB
Progress (4): 106/305 kB | 102/186 kB | 20/81 kB | 0.1/2.3 MB
Progress (4): 111/305 kB | 102/186 kB | 20/81 kB | 0.1/2.3 MB
Progress (4): 115/305 kB | 102/186 kB | 20/81 kB | 0.1/2.3 MB
Progress (4): 119/305 kB | 102/186 kB | 20/81 kB | 0.1/2.3 MB
Progress (4): 123/305 kB | 102/186 kB | 20/81 kB | 0.1/2.3 MB
Progress (4): 127/305 kB | 102/186 kB | 20/81 kB | 0.1/2.3 MB
Progress (4): 131/305 kB | 102/186 kB | 20/81 kB | 0.1/2.3 MB
Progress (4): 131/305 kB | 102/186 kB | 25/81 kB | 0.1/2.3 MB
Progress (4): 131/305 kB | 102/186 kB | 29/81 kB | 0.1/2.3 MB
Progress (4): 131/305 kB | 102/186 kB | 33/81 kB | 0.1/2.3 MB
Progress (4): 131/305 kB | 102/186 kB | 37/81 kB | 0.1/2.3 MB
Progress (4): 131/305 kB | 102/186 kB | 41/81 kB | 0.1/2.3 MB
Progress (4): 131/305 kB | 102/186 kB | 45/81 kB | 0.1/2.3 MB
Progress (4): 131/305 kB | 102/186 kB | 49/81 kB | 0.1/2.3 MB
Progress (4): 131/305 kB | 102/186 kB | 53/81 kB | 0.1/2.3 MB
Progress (4): 131/305 kB | 102/186 kB | 57/81 kB | 0.1/2.3 MB
Progress (4): 131/305 kB | 102/186 kB | 61/81 kB | 0.1/2.3 MB
Progress (4): 131/305 kB | 102/186 kB | 66/81 kB | 0.1/2.3 MB
Progress (4): 131/305 kB | 102/186 kB | 70/81 kB | 0.1/2.3 MB
Progress (4): 131/305 kB | 102/186 kB | 74/81 kB | 0.1/2.3 MB
Progress (4): 131/305 kB | 102/186 kB | 78/81 kB | 0.1/2.3 MB
Progress (4): 131/305 kB | 102/186 kB | 81 kB | 0.1/2.3 MB   
Progress (4): 131/305 kB | 106/186 kB | 81 kB | 0.1/2.3 MB
Progress (4): 131/305 kB | 106/186 kB | 81 kB | 0.1/2.3 MB
Progress (4): 131/305 kB | 106/186 kB | 81 kB | 0.1/2.3 MB
Progress (4): 131/305 kB | 106/186 kB | 81 kB | 0.1/2.3 MB
Progress (4): 131/305 kB | 111/186 kB | 81 kB | 0.1/2.3 MB
Progress (4): 131/305 kB | 115/186 kB | 81 kB | 0.1/2.3 MB
Progress (4): 131/305 kB | 119/186 kB | 81 kB | 0.1/2.3 MB
Progress (4): 131/305 kB | 123/186 kB | 81 kB | 0.1/2.3 MB
Progress (4): 131/305 kB | 127/186 kB | 81 kB | 0.1/2.3 MB
Progress (4): 131/305 kB | 131/186 kB | 81 kB | 0.1/2.3 MB
Progress (4): 131/305 kB | 135/186 kB | 81 kB | 0.1/2.3 MB
Progress (4): 131/305 kB | 139/186 kB | 81 kB | 0.1/2.3 MB
Progress (4): 131/305 kB | 143/186 kB | 81 kB | 0.1/2.3 MB
Progress (4): 131/305 kB | 147/186 kB | 81 kB | 0.1/2.3 MB
Progress (4): 131/305 kB | 152/186 kB | 81 kB | 0.1/2.3 MB
Progress (4): 131/305 kB | 156/186 kB | 81 kB | 0.1/2.3 MB
Progress (4): 135/305 kB | 156/186 kB | 81 kB | 0.1/2.3 MB
Progress (4): 139/305 kB | 156/186 kB | 81 kB | 0.1/2.3 MB
Progress (4): 143/305 kB | 156/186 kB | 81 kB | 0.1/2.3 MB
Progress (4): 147/305 kB | 156/186 kB | 81 kB | 0.1/2.3 MB
Progress (4): 152/305 kB | 156/186 kB | 81 kB | 0.1/2.3 MB
Progress (4): 156/305 kB | 156/186 kB | 81 kB | 0.1/2.3 MB
                                                          
Downloaded from central: https://repo.maven.apache.org/maven2/org/ow2/asm/asm-util/7.0-beta/asm-util-7.0-beta.jar (81 kB at 115 kB/s)
Progress (3): 156/305 kB | 156/186 kB | 0.1/2.3 MB
Progress (3): 156/305 kB | 156/186 kB | 0.1/2.3 MB
Progress (3): 156/305 kB | 156/186 kB | 0.2/2.3 MB
Progress (3): 156/305 kB | 156/186 kB | 0.2/2.3 MB
Progress (3): 156/305 kB | 156/186 kB | 0.2/2.3 MB
Progress (3): 160/305 kB | 156/186 kB | 0.2/2.3 MB
Progress (3): 164/305 kB | 156/186 kB | 0.2/2.3 MB
Progress (3): 168/305 kB | 156/186 kB | 0.2/2.3 MB
Progress (3): 172/305 kB | 156/186 kB | 0.2/2.3 MB
Progress (3): 176/305 kB | 156/186 kB | 0.2/2.3 MB
Progress (3): 180/305 kB | 156/186 kB | 0.2/2.3 MB
Progress (3): 184/305 kB | 156/186 kB | 0.2/2.3 MB
Progress (3): 188/305 kB | 156/186 kB | 0.2/2.3 MB
Progress (3): 193/305 kB | 156/186 kB | 0.2/2.3 MB
Progress (3): 197/305 kB | 156/186 kB | 0.2/2.3 MB
Progress (3): 201/305 kB | 156/186 kB | 0.2/2.3 MB
Progress (3): 205/305 kB | 156/186 kB | 0.2/2.3 MB
Progress (3): 209/305 kB | 156/186 kB | 0.2/2.3 MB
Progress (3): 213/305 kB | 156/186 kB | 0.2/2.3 MB
Progress (3): 217/305 kB | 156/186 kB | 0.2/2.3 MB
Progress (3): 221/305 kB | 156/186 kB | 0.2/2.3 MB
Progress (3): 225/305 kB | 156/186 kB | 0.2/2.3 MB
Progress (3): 229/305 kB | 156/186 kB | 0.2/2.3 MB
Progress (3): 233/305 kB | 156/186 kB | 0.2/2.3 MB
Progress (3): 238/305 kB | 156/186 kB | 0.2/2.3 MB
Progress (3): 238/305 kB | 160/186 kB | 0.2/2.3 MB
Progress (3): 238/305 kB | 164/186 kB | 0.2/2.3 MB
Progress (3): 238/305 kB | 168/186 kB | 0.2/2.3 MB
Progress (3): 238/305 kB | 172/186 kB | 0.2/2.3 MB
Progress (3): 238/305 kB | 176/186 kB | 0.2/2.3 MB
Progress (3): 238/305 kB | 180/186 kB | 0.2/2.3 MB
Progress (3): 238/305 kB | 184/186 kB | 0.2/2.3 MB
Progress (3): 238/305 kB | 186 kB | 0.2/2.3 MB    
Progress (3): 238/305 kB | 186 kB | 0.2/2.3 MB
Progress (3): 238/305 kB | 186 kB | 0.2/2.3 MB
Progress (3): 238/305 kB | 186 kB | 0.2/2.3 MB
Progress (3): 238/305 kB | 186 kB | 0.3/2.3 MB
Progress (3): 238/305 kB | 186 kB | 0.3/2.3 MB
Progress (3): 238/305 kB | 186 kB | 0.3/2.3 MB
Progress (3): 238/305 kB | 186 kB | 0.3/2.3 MB
Progress (3): 238/305 kB | 186 kB | 0.3/2.3 MB
Progress (3): 238/305 kB | 186 kB | 0.3/2.3 MB
                                              
Downloaded from central: https://repo.maven.apache.org/maven2/org/vafer/jdependency/2.1.1/jdependency-2.1.1.jar (186 kB at 255 kB/s)
Progress (2): 242/305 kB | 0.3/2.3 MB
Progress (2): 246/305 kB | 0.3/2.3 MB
Progress (2): 250/305 kB | 0.3/2.3 MB
Progress (2): 254/305 kB | 0.3/2.3 MB
Progress (2): 258/305 kB | 0.3/2.3 MB
Progress (2): 262/305 kB | 0.3/2.3 MB
Progress (2): 266/305 kB | 0.3/2.3 MB
Progress (2): 270/305 kB | 0.3/2.3 MB
Progress (2): 274/305 kB | 0.3/2.3 MB
Progress (2): 279/305 kB | 0.3/2.3 MB
Progress (2): 283/305 kB | 0.3/2.3 MB
Progress (2): 287/305 kB | 0.3/2.3 MB
Progress (2): 287/305 kB | 0.4/2.3 MB
Progress (2): 287/305 kB | 0.4/2.3 MB
Progress (2): 287/305 kB | 0.4/2.3 MB
Progress (2): 287/305 kB | 0.4/2.3 MB
Progress (2): 287/305 kB | 0.4/2.3 MB
Progress (2): 287/305 kB | 0.4/2.3 MB
Progress (2): 287/305 kB | 0.5/2.3 MB
Progress (2): 287/305 kB | 0.5/2.3 MB
Progress (2): 287/305 kB | 0.5/2.3 MB
Progress (2): 291/305 kB | 0.5/2.3 MB
Progress (2): 295/305 kB | 0.5/2.3 MB
Progress (2): 299/305 kB | 0.5/2.3 MB
Progress (2): 303/305 kB | 0.5/2.3 MB
Progress (2): 305 kB | 0.5/2.3 MB    
Progress (2): 305 kB | 0.5/2.3 MB
Progress (2): 305 kB | 0.5/2.3 MB
                                 
Downloaded from central: https://repo.maven.apache.org/maven2/org/jdom/jdom2/2.0.6/jdom2-2.0.6.jar (305 kB at 408 kB/s)
Progress (1): 0.5/2.3 MB
Progress (1): 0.6/2.3 MB
Progress (1): 0.6/2.3 MB
Progress (1): 0.6/2.3 MB
Progress (1): 0.6/2.3 MB
Progress (1): 0.6/2.3 MB
Progress (1): 0.6/2.3 MB
Progress (1): 0.7/2.3 MB
Progress (1): 0.7/2.3 MB
Progress (1): 0.7/2.3 MB
Progress (1): 0.7/2.3 MB
Progress (1): 0.7/2.3 MB
Progress (1): 0.7/2.3 MB
Progress (1): 0.8/2.3 MB
Progress (1): 0.8/2.3 MB
Progress (1): 0.8/2.3 MB
Progress (1): 0.8/2.3 MB
Progress (1): 0.8/2.3 MB
Progress (1): 0.8/2.3 MB
Progress (1): 0.9/2.3 MB
Progress (1): 0.9/2.3 MB
Progress (1): 0.9/2.3 MB
Progress (1): 0.9/2.3 MB
Progress (1): 0.9/2.3 MB
Progress (1): 0.9/2.3 MB
Progress (1): 0.9/2.3 MB
Progress (1): 1.0/2.3 MB
Progress (1): 1.0/2.3 MB
Progress (1): 1.0/2.3 MB
Progress (1): 1.0/2.3 MB
Progress (1): 1.0/2.3 MB
Progress (1): 1.0/2.3 MB
Progress (1): 1.1/2.3 MB
Progress (1): 1.1/2.3 MB
Progress (1): 1.1/2.3 MB
Progress (1): 1.1/2.3 MB
Progress (1): 1.1/2.3 MB
Progress (1): 1.1/2.3 MB
Progress (1): 1.2/2.3 MB
Progress (1): 1.2/2.3 MB
Progress (1): 1.2/2.3 MB
Progress (1): 1.2/2.3 MB
Progress (1): 1.2/2.3 MB
Progress (1): 1.2/2.3 MB
Progress (1): 1.3/2.3 MB
Progress (1): 1.3/2.3 MB
Progress (1): 1.3/2.3 MB
Progress (1): 1.3/2.3 MB
Progress (1): 1.3/2.3 MB
Progress (1): 1.3/2.3 MB
Progress (1): 1.4/2.3 MB
Progress (1): 1.4/2.3 MB
Progress (1): 1.4/2.3 MB
Progress (1): 1.4/2.3 MB
Progress (1): 1.4/2.3 MB
Progress (1): 1.4/2.3 MB
Progress (1): 1.5/2.3 MB
Progress (1): 1.5/2.3 MB
Progress (1): 1.5/2.3 MB
Progress (1): 1.5/2.3 MB
Progress (1): 1.5/2.3 MB
Progress (1): 1.5/2.3 MB
Progress (1): 1.6/2.3 MB
Progress (1): 1.6/2.3 MB
Progress (1): 1.6/2.3 MB
Progress (1): 1.6/2.3 MB
Progress (1): 1.6/2.3 MB
Progress (1): 1.6/2.3 MB
Progress (1): 1.6/2.3 MB
Progress (1): 1.7/2.3 MB
Progress (1): 1.7/2.3 MB
Progress (1): 1.7/2.3 MB
Progress (1): 1.7/2.3 MB
Progress (1): 1.7/2.3 MB
Progress (1): 1.7/2.3 MB
Progress (1): 1.8/2.3 MB
Progress (1): 1.8/2.3 MB
Progress (1): 1.8/2.3 MB
Progress (1): 1.8/2.3 MB
Progress (1): 1.8/2.3 MB
Progress (1): 1.8/2.3 MB
Progress (1): 1.9/2.3 MB
Progress (1): 1.9/2.3 MB
Progress (1): 1.9/2.3 MB
Progress (1): 1.9/2.3 MB
Progress (1): 1.9/2.3 MB
Progress (1): 1.9/2.3 MB
Progress (1): 2.0/2.3 MB
Progress (1): 2.0/2.3 MB
Progress (1): 2.0/2.3 MB
Progress (1): 2.0/2.3 MB
Progress (1): 2.0/2.3 MB
Progress (1): 2.0/2.3 MB
Progress (1): 2.1/2.3 MB
Progress (1): 2.1/2.3 MB
Progress (1): 2.1/2.3 MB
Progress (1): 2.1/2.3 MB
Progress (1): 2.1/2.3 MB
Progress (1): 2.1/2.3 MB
Progress (1): 2.2/2.3 MB
Progress (1): 2.2/2.3 MB
Progress (1): 2.2/2.3 MB
Progress (1): 2.2/2.3 MB
Progress (1): 2.2/2.3 MB
Progress (1): 2.2/2.3 MB
Progress (1): 2.2/2.3 MB
Progress (1): 2.3/2.3 MB
Progress (1): 2.3/2.3 MB
Progress (1): 2.3/2.3 MB
Progress (1): 2.3 MB    
                    
Downloaded from central: https://repo.maven.apache.org/maven2/com/google/guava/guava/19.0/guava-19.0.jar (2.3 MB at 2.7 MB/s)
[INFO] Replacing main artifact with repackaged archive
[INFO] ------------------------------------------------------------------------
[INFO] BUILD SUCCESS
[INFO] ------------------------------------------------------------------------
[INFO] Total time:  32.171 s
[INFO] Finished at: 2021-06-01T03:52:40Z
[INFO] ------------------------------------------------------------------------
Finished: SUCCESS